Mar 05, 2018 10:38:46 AM org.apache.catalina.startup.VersionLoggerListener log
INFO: Server version:        Apache Tomcat/7.0.84
Mar 05, 2018 10:38:47 AM org.apache.catalina.startup.VersionLoggerListener log
INFO: Server built:          Jan 19 2018 15:01:35 UTC
Mar 05, 2018 10:38:47 AM org.apache.catalina.startup.VersionLoggerListener log
INFO: Server number:         7.0.84.0
Mar 05, 2018 10:38:47 AM org.apache.catalina.startup.VersionLoggerListener log
INFO: OS Name:               Linux
Mar 05, 2018 10:38:47 AM org.apache.catalina.startup.VersionLoggerListener log
INFO: OS Version:            4.13.0-32-generic
Mar 05, 2018 10:38:47 AM org.apache.catalina.startup.VersionLoggerListener log
INFO: Architecture:          amd64
Mar 05, 2018 10:38:47 AM org.apache.catalina.startup.VersionLoggerListener log
INFO: Java Home:             /home/gamut/softwares/jdk1.8.0_161/jre
Mar 05, 2018 10:38:47 AM org.apache.catalina.startup.VersionLoggerListener log
INFO: JVM Version:           1.8.0_161-b12
Mar 05, 2018 10:38:47 AM org.apache.catalina.startup.VersionLoggerListener log
INFO: JVM Vendor:            Oracle Corporation
Mar 05, 2018 10:38:47 AM org.apache.catalina.startup.VersionLoggerListener log
INFO: CATALINA_BASE:         /home/gamut/softwares/apache-tomcat-7.0.84
Mar 05, 2018 10:38:47 AM org.apache.catalina.startup.VersionLoggerListener log
INFO: CATALINA_HOME:         /home/gamut/softwares/apache-tomcat-7.0.84
Mar 05, 2018 10:38:47 AM org.apache.catalina.startup.VersionLoggerListener log
INFO: Command line argument: -Djava.util.logging.config.file=/home/gamut/softwares/apache-tomcat-7.0.84/conf/logging.properties
Mar 05, 2018 10:38:47 AM org.apache.catalina.startup.VersionLoggerListener log
INFO: Command line argument: -Djava.util.logging.manager=org.apache.juli.ClassLoaderLogManager
Mar 05, 2018 10:38:47 AM org.apache.catalina.startup.VersionLoggerListener log
INFO: Command line argument: -Djdk.tls.ephemeralDHKeySize=2048
Mar 05, 2018 10:38:47 AM org.apache.catalina.startup.VersionLoggerListener log
INFO: Command line argument: -Dignore.endorsed.dirs=
Mar 05, 2018 10:38:47 AM org.apache.catalina.startup.VersionLoggerListener log
INFO: Command line argument: -Dcatalina.base=/home/gamut/softwares/apache-tomcat-7.0.84
Mar 05, 2018 10:38:47 AM org.apache.catalina.startup.VersionLoggerListener log
INFO: Command line argument: -Dcatalina.home=/home/gamut/softwares/apache-tomcat-7.0.84
Mar 05, 2018 10:38:47 AM org.apache.catalina.startup.VersionLoggerListener log
INFO: Command line argument: -Djava.io.tmpdir=/home/gamut/softwares/apache-tomcat-7.0.84/temp
Mar 05, 2018 10:38:47 AM org.apache.catalina.core.AprLifecycleListener lifecycleEvent
INFO: The APR based Apache Tomcat Native library which allows optimal performance in production environments was not found on the java.library.path: /usr/java/packages/lib/amd64:/usr/lib64:/lib64:/lib:/usr/lib
Mar 05, 2018 10:38:52 AM org.apache.coyote.AbstractProtocol init
INFO: Initializing ProtocolHandler ["http-bio-8080"]
Mar 05, 2018 10:38:52 AM org.apache.coyote.AbstractProtocol init
INFO: Initializing ProtocolHandler ["ajp-bio-8009"]
Mar 05, 2018 10:38:52 AM org.apache.catalina.startup.Catalina load
INFO: Initialization processed in 8214 ms
Mar 05, 2018 10:38:52 AM org.apache.catalina.core.StandardService startInternal
INFO: Starting service Catalina
Mar 05, 2018 10:38:52 AM org.apache.catalina.core.StandardEngine startInternal
INFO: Starting Servlet Engine: Apache Tomcat/7.0.84
Mar 05, 2018 10:38:54 AM org.apache.catalina.startup.HostConfig deployWAR
INFO: Deploying web application archive /home/gamut/softwares/apache-tomcat-7.0.84/webapps/jenkins.war
Mar 05, 2018 10:39:07 AM org.apache.catalina.deploy.WebXml setVersion
WARNING: Unknown version string [3.1]. Default version will be used.
Mar 05, 2018 10:40:33 AM org.apache.catalina.startup.ContextConfig validateSecurityRoles
WARNING: Security role name ** used in an <auth-constraint> without being defined in a <security-role>
Mar 05, 2018 10:40:34 AM org.apache.catalina.startup.TldConfig execute
INFO: At least one JAR was scanned for TLDs yet contained no TLDs. Enable debug logging for this logger for a complete list of JARs that were scanned but no TLDs were found in them. Skipping unneeded JARs during scanning can improve startup time and JSP compilation time.
Mar 05, 2018 10:40:44 AM org.apache.catalina.util.SessionIdGeneratorBase createSecureRandom
WARNING: Creation of SecureRandom instance for session ID generation using [SHA1PRNG] took [156] milliseconds.
Mar 05, 2018 10:40:46 AM org.apache.catalina.startup.HostConfig deployWAR
INFO: Deployment of web application archive /home/gamut/softwares/apache-tomcat-7.0.84/webapps/jenkins.war has finished in 112,718 ms
Mar 05, 2018 10:40:46 AM org.apache.catalina.startup.HostConfig deployDirectory
INFO: Deploying web application directory /home/gamut/softwares/apache-tomcat-7.0.84/webapps/docs
Mar 05, 2018 10:40:48 AM org.apache.catalina.startup.HostConfig deployDirectory
INFO: Deployment of web application directory /home/gamut/softwares/apache-tomcat-7.0.84/webapps/docs has finished in 1,117 ms
Mar 05, 2018 10:40:48 AM org.apache.catalina.startup.HostConfig deployDirectory
INFO: Deploying web application directory /home/gamut/softwares/apache-tomcat-7.0.84/webapps/host-manager
Mar 05, 2018 10:40:52 AM org.apache.catalina.startup.HostConfig deployDirectory
INFO: Deployment of web application directory /home/gamut/softwares/apache-tomcat-7.0.84/webapps/host-manager has finished in 4,477 ms
Mar 05, 2018 10:40:52 AM org.apache.catalina.startup.HostConfig deployDirectory
INFO: Deploying web application directory /home/gamut/softwares/apache-tomcat-7.0.84/webapps/examples
Mar 05, 2018 10:41:06 AM org.apache.catalina.startup.HostConfig deployDirectory
INFO: Deployment of web application directory /home/gamut/softwares/apache-tomcat-7.0.84/webapps/examples has finished in 13,931 ms
Mar 05, 2018 10:41:06 AM org.apache.catalina.startup.HostConfig deployDirectory
INFO: Deploying web application directory /home/gamut/softwares/apache-tomcat-7.0.84/webapps/manager
Mar 05, 2018 10:41:06 AM org.apache.catalina.startup.HostConfig deployDirectory
INFO: Deployment of web application directory /home/gamut/softwares/apache-tomcat-7.0.84/webapps/manager has finished in 324 ms
Mar 05, 2018 10:41:06 AM org.apache.catalina.startup.HostConfig deployDirectory
INFO: Deploying web application directory /home/gamut/softwares/apache-tomcat-7.0.84/webapps/ROOT
Mar 05, 2018 10:41:07 AM org.apache.catalina.startup.HostConfig deployDirectory
INFO: Deployment of web application directory /home/gamut/softwares/apache-tomcat-7.0.84/webapps/ROOT has finished in 116 ms
Mar 05, 2018 10:41:07 AM org.apache.coyote.AbstractProtocol start
INFO: Starting ProtocolHandler ["http-bio-8080"]
Mar 05, 2018 10:41:07 AM org.apache.coyote.AbstractProtocol start
INFO: Starting ProtocolHandler ["ajp-bio-8009"]
Mar 05, 2018 10:41:07 AM org.apache.catalina.startup.Catalina start
INFO: Server startup in 135097 ms
Mar 05, 2018 10:41:09 AM jenkins.InitReactorRunner$1 onAttained
INFO: Started initialization
Mar 05, 2018 10:42:53 AM jenkins.InitReactorRunner$1 onAttained
INFO: Listed all plugins
Mar 05, 2018 10:44:21 AM jenkins.InitReactorRunner$1 onAttained
INFO: Prepared all plugins
Mar 05, 2018 10:44:21 AM jenkins.InitReactorRunner$1 onAttained
INFO: Started all plugins
Mar 05, 2018 10:44:38 AM hudson.ExtensionFinder$GuiceFinder$FaultTolerantScope$1 error
INFO: Failed to instantiate optional component hudson.plugins.build_timeout.operations.AbortAndRestartOperation$DescriptorImpl; skipping
Mar 05, 2018 10:44:41 AM jenkins.InitReactorRunner$1 onAttained
INFO: Augmented all extensions
Mar 05, 2018 10:44:44 AM hudson.slaves.SlaveComputer tryReconnect
INFO: Attempting to reconnect slave1
Mar 05, 2018 10:45:05 AM jenkins.InitReactorRunner$1 onAttained
INFO: Loaded all jobs
Mar 05, 2018 10:45:07 AM hudson.model.AsyncPeriodicWork$1 run
INFO: Started Download metadata
Mar 05, 2018 10:45:17 AM org.springframework.context.support.AbstractApplicationContext prepareRefresh
INFO: Refreshing org.springframework.web.context.support.StaticWebApplicationContext@1c6996eb: display name [Root WebApplicationContext]; startup date [Mon Mar 05 10:45:17 IST 2018]; root of context hierarchy
Mar 05, 2018 10:45:17 AM org.springframework.context.support.AbstractApplicationContext obtainFreshBeanFactory
INFO: Bean factory for application context [org.springframework.web.context.support.StaticWebApplicationContext@1c6996eb]: org.springframework.beans.factory.support.DefaultListableBeanFactory@67968428
Mar 05, 2018 10:45:17 AM org.springframework.beans.factory.support.DefaultListableBeanFactory preInstantiateSingletons
INFO: Pre-instantiating singletons in org.springframework.beans.factory.support.DefaultListableBeanFactory@67968428: defining beans [authenticationManager]; root of factory hierarchy
Mar 05, 2018 10:45:18 AM org.springframework.context.support.AbstractApplicationContext prepareRefresh
INFO: Refreshing org.springframework.web.context.support.StaticWebApplicationContext@24eeef61: display name [Root WebApplicationContext]; startup date [Mon Mar 05 10:45:18 IST 2018]; root of context hierarchy
Mar 05, 2018 10:45:18 AM org.springframework.context.support.AbstractApplicationContext obtainFreshBeanFactory
INFO: Bean factory for application context [org.springframework.web.context.support.StaticWebApplicationContext@24eeef61]: org.springframework.beans.factory.support.DefaultListableBeanFactory@2fe16b91
Mar 05, 2018 10:45:18 AM org.springframework.beans.factory.support.DefaultListableBeanFactory preInstantiateSingletons
INFO: Pre-instantiating singletons in org.springframework.beans.factory.support.DefaultListableBeanFactory@2fe16b91: defining beans [filter,legacy]; root of factory hierarchy
Mar 05, 2018 10:45:20 AM jenkins.InitReactorRunner$1 onAttained
INFO: Completed initialization
Mar 05, 2018 10:45:21 AM hudson.slaves.SlaveComputer tryReconnect
INFO: Attempting to reconnect slave1
Mar 05, 2018 10:45:24 AM hudson.WebAppMain$3 run
INFO: Jenkins is fully up and running
Mar 05, 2018 10:45:28 AM hudson.model.UpdateSite updateData
INFO: Obtained the latest update center data file for UpdateSource default
Mar 05, 2018 10:45:30 AM hudson.model.DownloadService$Downloadable load
INFO: Obtained the updated data file for hudson.tasks.Maven.MavenInstaller
Mar 05, 2018 10:45:30 AM hudson.model.DownloadService$Downloadable load
INFO: Obtained the updated data file for hudson.tasks.Ant.AntInstaller
Mar 05, 2018 10:45:31 AM hudson.model.DownloadService$Downloadable load
INFO: Obtained the updated data file for hudson.plugins.gradle.GradleInstaller
Mar 05, 2018 10:45:35 AM hudson.model.DownloadService$Downloadable load
INFO: Obtained the updated data file for hudson.tools.JDKInstaller
Mar 05, 2018 10:45:35 AM hudson.model.AsyncPeriodicWork$1 run
INFO: Finished Download metadata. 28,061 ms
Mar 05, 2018 10:45:41 AM javax.jmdns.impl.DNSStatefulObject$DefaultImplementation waitForAnnounced
WARNING: Wait for announced timed out: DNS: 192-168-31-237.local. state: announcing 1 task: Announcer(192-168-31-237.local.) state: announcing 1
Mar 05, 2018 10:45:57 AM hudson.slaves.SlaveComputer tryReconnect
INFO: Attempting to reconnect slave1
Mar 05, 2018 10:47:57 AM hudson.slaves.SlaveComputer tryReconnect
INFO: Attempting to reconnect slave1
Mar 05, 2018 10:49:57 AM hudson.slaves.SlaveComputer tryReconnect
INFO: Attempting to reconnect slave1
Mar 05, 2018 10:57:39 AM hudson.ivy.IvyBuildTrigger$DescriptorImpl configure
INFO: IvyConfigurations: 0
Mar 05, 2018 11:00:57 AM hudson.slaves.SlaveComputer tryReconnect
INFO: Attempting to reconnect slave1
Mar 05, 2018 11:23:57 AM hudson.slaves.SlaveComputer tryReconnect
INFO: Attempting to reconnect slave1
Mar 05, 2018 11:47:57 AM hudson.slaves.SlaveComputer tryReconnect
INFO: Attempting to reconnect slave1
Mar 05, 2018 12:11:57 PM hudson.slaves.SlaveComputer tryReconnect
INFO: Attempting to reconnect slave1
Mar 05, 2018 12:35:57 PM hudson.slaves.SlaveComputer tryReconnect
INFO: Attempting to reconnect slave1
Mar 05, 2018 12:59:57 PM hudson.slaves.SlaveComputer tryReconnect
INFO: Attempting to reconnect slave1
Mar 05, 2018 1:23:57 PM hudson.slaves.SlaveComputer tryReconnect
INFO: Attempting to reconnect slave1
Mar 05, 2018 1:47:57 PM hudson.slaves.SlaveComputer tryReconnect
INFO: Attempting to reconnect slave1
Mar 05, 2018 2:11:57 PM hudson.slaves.SlaveComputer tryReconnect
INFO: Attempting to reconnect slave1
Mar 05, 2018 2:35:57 PM hudson.slaves.SlaveComputer tryReconnect
INFO: Attempting to reconnect slave1
Mar 05, 2018 2:44:38 PM hudson.node_monitors.ResponseTimeMonitor$1 monitor
WARNING: Making slave1 offline because it’s not responding
Mar 05, 2018 2:59:57 PM hudson.slaves.SlaveComputer tryReconnect
INFO: Attempting to reconnect slave1
Mar 05, 2018 3:19:40 PM hudson.model.AsyncPeriodicWork$1 run
INFO: Started Fingerprint cleanup
Mar 05, 2018 3:20:37 PM hudson.model.AsyncPeriodicWork$1 run
INFO: Finished Fingerprint cleanup. 56,269 ms
Mar 05, 2018 3:23:57 PM hudson.slaves.SlaveComputer tryReconnect
INFO: Attempting to reconnect slave1
Mar 05, 2018 3:44:22 PM hudson.node_monitors.ResponseTimeMonitor$1 monitor
WARNING: Making slave1 offline because it’s not responding
Mar 05, 2018 3:48:57 PM hudson.slaves.SlaveComputer tryReconnect
INFO: Attempting to reconnect slave1
Mar 05, 2018 4:12:57 PM hudson.slaves.SlaveComputer tryReconnect
INFO: Attempting to reconnect slave1
Mar 05, 2018 4:28:03 PM hudson.model.AsyncPeriodicWork$1 run
INFO: Started Connection Activity monitoring to agents
Mar 05, 2018 4:28:03 PM hudson.model.AsyncPeriodicWork$1 run
INFO: Finished Connection Activity monitoring to agents. 46 ms
Mar 05, 2018 4:36:57 PM hudson.slaves.SlaveComputer tryReconnect
INFO: Attempting to reconnect slave1
Mar 05, 2018 4:44:21 PM hudson.node_monitors.ResponseTimeMonitor$1 monitor
WARNING: Making slave1 offline because it’s not responding
Mar 05, 2018 4:53:40 PM org.apache.coyote.AbstractProtocol pause
INFO: Pausing ProtocolHandler ["http-bio-8080"]
Mar 05, 2018 4:53:43 PM org.apache.coyote.AbstractProtocol pause
INFO: Pausing ProtocolHandler ["ajp-bio-8009"]
Mar 05, 2018 4:53:44 PM org.apache.catalina.core.StandardService stopInternal
INFO: Stopping service Catalina
Mar 05, 2018 4:54:01 PM jenkins.model.Jenkins cleanUp
INFO: Stopping Jenkins
Mar 05, 2018 4:54:16 PM jenkins.model.Jenkins$19 onAttained
INFO: Started termination
Mar 05, 2018 4:54:19 PM jenkins.model.Jenkins$19 onAttained
INFO: Completed termination
Mar 05, 2018 4:54:19 PM jenkins.model.Jenkins _cleanUpDisconnectComputers
INFO: Starting node disconnection
Mar 05, 2018 4:54:20 PM jenkins.model.Jenkins _cleanUpShutdownPluginManager
INFO: Stopping plugin manager
Mar 05, 2018 4:54:23 PM jenkins.model.Jenkins _cleanUpPersistQueue
INFO: Persisting build queue
Mar 05, 2018 4:54:23 PM jenkins.model.Jenkins _cleanUpAwaitDisconnects
INFO: Waiting for node disconnection completion
Mar 05, 2018 4:54:23 PM jenkins.model.Jenkins cleanUp
INFO: Jenkins stopped
Mar 05, 2018 4:54:24 PM org.apache.catalina.loader.WebappClassLoaderBase clearReferencesThreads
SEVERE: The web application [/jenkins] appears to have started a thread named [Computer.threadPoolForRemoting [#2]] but has failed to stop it. This is very likely to create a memory leak.
Mar 05, 2018 4:54:24 PM org.apache.catalina.loader.WebappClassLoaderBase clearReferencesThreads
SEVERE: The web application [/jenkins] appears to have started a thread named [Computer.threadPoolForRemoting [#3]] but has failed to stop it. This is very likely to create a memory leak.
Mar 05, 2018 4:54:24 PM org.apache.catalina.loader.WebappClassLoaderBase clearReferencesThreads
SEVERE: The web application [/jenkins] appears to have started a thread named [Computer.threadPoolForRemoting [#4]] but has failed to stop it. This is very likely to create a memory leak.
Mar 05, 2018 4:54:24 PM org.apache.catalina.loader.WebappClassLoaderBase clearReferencesThreads
SEVERE: The web application [/jenkins] appears to have started a thread named [JGit-WorkQueue] but has failed to stop it. This is very likely to create a memory leak.
Mar 05, 2018 4:54:24 PM org.apache.catalina.loader.WebappClassLoaderBase checkThreadLocalMapForLeaks
SEVERE: The web application [/jenkins] created a ThreadLocal with key of type [java.lang.ThreadLocal] (value [java.lang.ThreadLocal@59afbf6d]) and a value of type [jenkins.security.NonSerializableSecurityContext] (value [jenkins.security.NonSerializableSecurityContext@1f: Authentication: org.acegisecurity.providers.UsernamePasswordAuthenticationToken@1f: Username: SYSTEM; Password: [PROTECTED]; Authenticated: false; Details: null; Not granted any authorities]) but failed to remove it when the web application was stopped. Threads are going to be renewed over time to try and avoid a probable memory leak.
Mar 05, 2018 4:54:24 PM org.apache.catalina.loader.WebappClassLoaderBase checkThreadLocalMapForLeaks
SEVERE: The web application [/jenkins] created a ThreadLocal with key of type [java.lang.ThreadLocal] (value [java.lang.ThreadLocal@59afbf6d]) and a value of type [org.acegisecurity.context.SecurityContextImpl] (value [org.acegisecurity.context.SecurityContextImpl@ffffffff: Null authentication]) but failed to remove it when the web application was stopped. Threads are going to be renewed over time to try and avoid a probable memory leak.
Mar 05, 2018 4:54:33 PM org.apache.coyote.AbstractProtocol stop
INFO: Stopping ProtocolHandler ["http-bio-8080"]
Mar 05, 2018 4:54:33 PM org.apache.coyote.AbstractProtocol stop
INFO: Stopping ProtocolHandler ["ajp-bio-8009"]
Mar 05, 2018 4:54:33 PM org.apache.coyote.AbstractProtocol destroy
INFO: Destroying ProtocolHandler ["http-bio-8080"]
Mar 05, 2018 4:54:34 PM org.apache.coyote.AbstractProtocol destroy
INFO: Destroying ProtocolHandler ["ajp-bio-8009"]
