Mar 06, 2018 11:43:26 AM org.apache.catalina.startup.VersionLoggerListener log
INFO: Server version:        Apache Tomcat/7.0.84
Mar 06, 2018 11:43:26 AM org.apache.catalina.startup.VersionLoggerListener log
INFO: Server built:          Jan 19 2018 15:01:35 UTC
Mar 06, 2018 11:43:26 AM org.apache.catalina.startup.VersionLoggerListener log
INFO: Server number:         7.0.84.0
Mar 06, 2018 11:43:26 AM org.apache.catalina.startup.VersionLoggerListener log
INFO: OS Name:               Linux
Mar 06, 2018 11:43:26 AM org.apache.catalina.startup.VersionLoggerListener log
INFO: OS Version:            4.13.0-32-generic
Mar 06, 2018 11:43:26 AM org.apache.catalina.startup.VersionLoggerListener log
INFO: Architecture:          amd64
Mar 06, 2018 11:43:26 AM org.apache.catalina.startup.VersionLoggerListener log
INFO: Java Home:             /home/gamut/softwares/jdk1.8.0_161/jre
Mar 06, 2018 11:43:26 AM org.apache.catalina.startup.VersionLoggerListener log
INFO: JVM Version:           1.8.0_161-b12
Mar 06, 2018 11:43:26 AM org.apache.catalina.startup.VersionLoggerListener log
INFO: JVM Vendor:            Oracle Corporation
Mar 06, 2018 11:43:26 AM org.apache.catalina.startup.VersionLoggerListener log
INFO: CATALINA_BASE:         /home/gamut/softwares/apache-tomcat-7.0.84
Mar 06, 2018 11:43:26 AM org.apache.catalina.startup.VersionLoggerListener log
INFO: CATALINA_HOME:         /home/gamut/softwares/apache-tomcat-7.0.84
Mar 06, 2018 11:43:26 AM org.apache.catalina.startup.VersionLoggerListener log
INFO: Command line argument: -Djava.util.logging.config.file=/home/gamut/softwares/apache-tomcat-7.0.84/conf/logging.properties
Mar 06, 2018 11:43:26 AM org.apache.catalina.startup.VersionLoggerListener log
INFO: Command line argument: -Djava.util.logging.manager=org.apache.juli.ClassLoaderLogManager
Mar 06, 2018 11:43:26 AM org.apache.catalina.startup.VersionLoggerListener log
INFO: Command line argument: -Djdk.tls.ephemeralDHKeySize=2048
Mar 06, 2018 11:43:26 AM org.apache.catalina.startup.VersionLoggerListener log
INFO: Command line argument: -Dignore.endorsed.dirs=
Mar 06, 2018 11:43:26 AM org.apache.catalina.startup.VersionLoggerListener log
INFO: Command line argument: -Dcatalina.base=/home/gamut/softwares/apache-tomcat-7.0.84
Mar 06, 2018 11:43:26 AM org.apache.catalina.startup.VersionLoggerListener log
INFO: Command line argument: -Dcatalina.home=/home/gamut/softwares/apache-tomcat-7.0.84
Mar 06, 2018 11:43:26 AM org.apache.catalina.startup.VersionLoggerListener log
INFO: Command line argument: -Djava.io.tmpdir=/home/gamut/softwares/apache-tomcat-7.0.84/temp
Mar 06, 2018 11:43:26 AM org.apache.catalina.core.AprLifecycleListener lifecycleEvent
INFO: The APR based Apache Tomcat Native library which allows optimal performance in production environments was not found on the java.library.path: /usr/java/packages/lib/amd64:/usr/lib64:/lib64:/lib:/usr/lib
Mar 06, 2018 11:43:29 AM org.apache.coyote.AbstractProtocol init
INFO: Initializing ProtocolHandler ["http-bio-8080"]
Mar 06, 2018 11:43:29 AM org.apache.coyote.AbstractProtocol init
INFO: Initializing ProtocolHandler ["ajp-bio-8009"]
Mar 06, 2018 11:43:29 AM org.apache.catalina.startup.Catalina load
INFO: Initialization processed in 4983 ms
Mar 06, 2018 11:43:29 AM org.apache.catalina.core.StandardService startInternal
INFO: Starting service Catalina
Mar 06, 2018 11:43:29 AM org.apache.catalina.core.StandardEngine startInternal
INFO: Starting Servlet Engine: Apache Tomcat/7.0.84
Mar 06, 2018 11:43:29 AM org.apache.catalina.startup.HostConfig deployWAR
INFO: Deploying web application archive /home/gamut/softwares/apache-tomcat-7.0.84/webapps/jenkins.war
Mar 06, 2018 11:43:32 AM org.apache.catalina.deploy.WebXml setVersion
WARNING: Unknown version string [3.1]. Default version will be used.
Mar 06, 2018 11:43:41 AM org.apache.catalina.startup.ContextConfig validateSecurityRoles
WARNING: Security role name ** used in an <auth-constraint> without being defined in a <security-role>
Mar 06, 2018 11:43:41 AM org.apache.catalina.startup.TldConfig execute
INFO: At least one JAR was scanned for TLDs yet contained no TLDs. Enable debug logging for this logger for a complete list of JARs that were scanned but no TLDs were found in them. Skipping unneeded JARs during scanning can improve startup time and JSP compilation time.
Mar 06, 2018 11:43:45 AM org.apache.catalina.startup.HostConfig deployWAR
INFO: Deployment of web application archive /home/gamut/softwares/apache-tomcat-7.0.84/webapps/jenkins.war has finished in 16,405 ms
Mar 06, 2018 11:43:45 AM org.apache.catalina.startup.HostConfig deployDirectory
INFO: Deploying web application directory /home/gamut/softwares/apache-tomcat-7.0.84/webapps/docs
Mar 06, 2018 11:43:46 AM org.apache.catalina.startup.HostConfig deployDirectory
INFO: Deployment of web application directory /home/gamut/softwares/apache-tomcat-7.0.84/webapps/docs has finished in 111 ms
Mar 06, 2018 11:43:46 AM org.apache.catalina.startup.HostConfig deployDirectory
INFO: Deploying web application directory /home/gamut/softwares/apache-tomcat-7.0.84/webapps/host-manager
Mar 06, 2018 11:43:48 AM org.apache.catalina.startup.HostConfig deployDirectory
INFO: Deployment of web application directory /home/gamut/softwares/apache-tomcat-7.0.84/webapps/host-manager has finished in 2,212 ms
Mar 06, 2018 11:43:48 AM org.apache.catalina.startup.HostConfig deployDirectory
INFO: Deploying web application directory /home/gamut/softwares/apache-tomcat-7.0.84/webapps/examples
Mar 06, 2018 11:43:48 AM org.apache.catalina.startup.HostConfig deployDirectory
INFO: Deployment of web application directory /home/gamut/softwares/apache-tomcat-7.0.84/webapps/examples has finished in 465 ms
Mar 06, 2018 11:43:48 AM org.apache.catalina.startup.HostConfig deployDirectory
INFO: Deploying web application directory /home/gamut/softwares/apache-tomcat-7.0.84/webapps/manager
Mar 06, 2018 11:43:48 AM org.apache.catalina.startup.HostConfig deployDirectory
INFO: Deployment of web application directory /home/gamut/softwares/apache-tomcat-7.0.84/webapps/manager has finished in 81 ms
Mar 06, 2018 11:43:48 AM org.apache.catalina.startup.HostConfig deployDirectory
INFO: Deploying web application directory /home/gamut/softwares/apache-tomcat-7.0.84/webapps/ROOT
Mar 06, 2018 11:43:48 AM org.apache.catalina.startup.HostConfig deployDirectory
INFO: Deployment of web application directory /home/gamut/softwares/apache-tomcat-7.0.84/webapps/ROOT has finished in 46 ms
Mar 06, 2018 11:43:48 AM org.apache.coyote.AbstractProtocol start
INFO: Starting ProtocolHandler ["http-bio-8080"]
Mar 06, 2018 11:43:49 AM org.apache.coyote.AbstractProtocol start
INFO: Starting ProtocolHandler ["ajp-bio-8009"]
Mar 06, 2018 11:43:49 AM org.apache.catalina.startup.Catalina start
INFO: Server startup in 19870 ms
Mar 06, 2018 11:43:49 AM jenkins.InitReactorRunner$1 onAttained
INFO: Started initialization
Mar 06, 2018 11:43:58 AM jenkins.InitReactorRunner$1 onAttained
INFO: Listed all plugins
Mar 06, 2018 11:44:17 AM jenkins.InitReactorRunner$1 onAttained
INFO: Prepared all plugins
Mar 06, 2018 11:44:17 AM jenkins.InitReactorRunner$1 onAttained
INFO: Started all plugins
Mar 06, 2018 11:44:25 AM hudson.ExtensionFinder$GuiceFinder$FaultTolerantScope$1 error
INFO: Failed to instantiate optional component hudson.plugins.build_timeout.operations.AbortAndRestartOperation$DescriptorImpl; skipping
Mar 06, 2018 11:44:30 AM jenkins.InitReactorRunner$1 onAttained
INFO: Augmented all extensions
Mar 06, 2018 11:44:31 AM hudson.slaves.SlaveComputer tryReconnect
INFO: Attempting to reconnect slave1
Mar 06, 2018 11:44:36 AM jenkins.InitReactorRunner$1 onAttained
INFO: Loaded all jobs
Mar 06, 2018 11:44:36 AM hudson.model.AsyncPeriodicWork$1 run
INFO: Started Download metadata
Mar 06, 2018 11:44:41 AM org.springframework.context.support.AbstractApplicationContext prepareRefresh
INFO: Refreshing org.springframework.web.context.support.StaticWebApplicationContext@2718b323: display name [Root WebApplicationContext]; startup date [Tue Mar 06 11:44:41 IST 2018]; root of context hierarchy
Mar 06, 2018 11:44:41 AM org.springframework.context.support.AbstractApplicationContext obtainFreshBeanFactory
INFO: Bean factory for application context [org.springframework.web.context.support.StaticWebApplicationContext@2718b323]: org.springframework.beans.factory.support.DefaultListableBeanFactory@7911b565
Mar 06, 2018 11:44:41 AM org.springframework.beans.factory.support.DefaultListableBeanFactory preInstantiateSingletons
INFO: Pre-instantiating singletons in org.springframework.beans.factory.support.DefaultListableBeanFactory@7911b565: defining beans [authenticationManager]; root of factory hierarchy
Mar 06, 2018 11:44:41 AM org.springframework.context.support.AbstractApplicationContext prepareRefresh
INFO: Refreshing org.springframework.web.context.support.StaticWebApplicationContext@58f6ecf0: display name [Root WebApplicationContext]; startup date [Tue Mar 06 11:44:41 IST 2018]; root of context hierarchy
Mar 06, 2018 11:44:41 AM org.springframework.context.support.AbstractApplicationContext obtainFreshBeanFactory
INFO: Bean factory for application context [org.springframework.web.context.support.StaticWebApplicationContext@58f6ecf0]: org.springframework.beans.factory.support.DefaultListableBeanFactory@622ef162
Mar 06, 2018 11:44:41 AM org.springframework.beans.factory.support.DefaultListableBeanFactory preInstantiateSingletons
INFO: Pre-instantiating singletons in org.springframework.beans.factory.support.DefaultListableBeanFactory@622ef162: defining beans [filter,legacy]; root of factory hierarchy
Mar 06, 2018 11:44:42 AM jenkins.InitReactorRunner$1 onAttained
INFO: Completed initialization
Mar 06, 2018 11:44:42 AM hudson.slaves.SlaveComputer tryReconnect
INFO: Attempting to reconnect slave1
Mar 06, 2018 11:44:42 AM hudson.WebAppMain$3 run
INFO: Jenkins is fully up and running
Mar 06, 2018 11:45:00 AM javax.jmdns.impl.DNSStatefulObject$DefaultImplementation waitForAnnounced
WARNING: Wait for announced timed out: DNS: 192-168-31-237.local. state: announcing 1 task: Announcer(192-168-31-237.local.) state: announcing 1
Mar 06, 2018 11:45:01 AM hudson.model.UpdateSite updateData
INFO: Obtained the latest update center data file for UpdateSource default
Mar 06, 2018 11:45:06 AM hudson.model.DownloadService$Downloadable load
INFO: Obtained the updated data file for hudson.tasks.Maven.MavenInstaller
Mar 06, 2018 11:45:07 AM hudson.model.DownloadService$Downloadable load
INFO: Obtained the updated data file for hudson.tasks.Ant.AntInstaller
Mar 06, 2018 11:45:11 AM hudson.model.DownloadService$Downloadable load
INFO: Obtained the updated data file for hudson.plugins.gradle.GradleInstaller
Mar 06, 2018 11:45:18 AM hudson.model.DownloadService$Downloadable load
INFO: Obtained the updated data file for hudson.tools.JDKInstaller
Mar 06, 2018 11:45:18 AM hudson.model.AsyncPeriodicWork$1 run
INFO: Finished Download metadata. 42,102 ms
Mar 06, 2018 11:45:36 AM hudson.slaves.SlaveComputer tryReconnect
INFO: Attempting to reconnect slave1
Mar 06, 2018 11:47:36 AM hudson.slaves.SlaveComputer tryReconnect
INFO: Attempting to reconnect slave1
Mar 06, 2018 11:49:36 AM hudson.slaves.SlaveComputer tryReconnect
INFO: Attempting to reconnect slave1
