Feb 16, 2018 11:11:58 AM org.apache.catalina.startup.VersionLoggerListener log
INFO: Server version:        Apache Tomcat/7.0.84
Feb 16, 2018 11:11:58 AM org.apache.catalina.startup.VersionLoggerListener log
INFO: Server version:        Apache Tomcat/7.0.84
Feb 16, 2018 11:11:59 AM org.apache.catalina.startup.VersionLoggerListener log
INFO: Server built:          Jan 19 2018 15:01:35 UTC
Feb 16, 2018 11:11:59 AM org.apache.catalina.startup.VersionLoggerListener log
INFO: Server built:          Jan 19 2018 15:01:35 UTC
Feb 16, 2018 11:11:59 AM org.apache.catalina.startup.VersionLoggerListener log
INFO: Server number:         7.0.84.0
Feb 16, 2018 11:11:59 AM org.apache.catalina.startup.VersionLoggerListener log
INFO: OS Name:               Linux
Feb 16, 2018 11:11:59 AM org.apache.catalina.startup.VersionLoggerListener log
INFO: OS Version:            4.13.0-32-generic
Feb 16, 2018 11:11:59 AM org.apache.catalina.startup.VersionLoggerListener log
INFO: Server number:         7.0.84.0
Feb 16, 2018 11:11:59 AM org.apache.catalina.startup.VersionLoggerListener log
INFO: Architecture:          amd64
Feb 16, 2018 11:11:59 AM org.apache.catalina.startup.VersionLoggerListener log
INFO: OS Name:               Linux
Feb 16, 2018 11:11:59 AM org.apache.catalina.startup.VersionLoggerListener log
INFO: Java Home:             /home/gamut/softwares/jdk1.8.0_161/jre
Feb 16, 2018 11:11:59 AM org.apache.catalina.startup.VersionLoggerListener log
INFO: OS Version:            4.13.0-32-generic
Feb 16, 2018 11:11:59 AM org.apache.catalina.startup.VersionLoggerListener log
INFO: JVM Version:           1.8.0_161-b12
Feb 16, 2018 11:11:59 AM org.apache.catalina.startup.VersionLoggerListener log
INFO: JVM Vendor:            Oracle Corporation
Feb 16, 2018 11:11:59 AM org.apache.catalina.startup.VersionLoggerListener log
INFO: Architecture:          amd64
Feb 16, 2018 11:11:59 AM org.apache.catalina.startup.VersionLoggerListener log
INFO: Java Home:             /home/gamut/softwares/jdk1.8.0_161/jre
Feb 16, 2018 11:11:59 AM org.apache.catalina.startup.VersionLoggerListener log
INFO: JVM Version:           1.8.0_161-b12
Feb 16, 2018 11:11:59 AM org.apache.catalina.startup.VersionLoggerListener log
INFO: JVM Vendor:            Oracle Corporation
Feb 16, 2018 11:11:59 AM org.apache.catalina.startup.VersionLoggerListener log
INFO: CATALINA_BASE:         /home/gamut/softwares/apache-tomcat-7.0.84
Feb 16, 2018 11:11:59 AM org.apache.catalina.startup.VersionLoggerListener log
INFO: CATALINA_HOME:         /home/gamut/softwares/apache-tomcat-7.0.84
Feb 16, 2018 11:11:59 AM org.apache.catalina.startup.VersionLoggerListener log
INFO: Command line argument: -Djava.util.logging.config.file=/home/gamut/softwares/apache-tomcat-7.0.84/conf/logging.properties
Feb 16, 2018 11:11:59 AM org.apache.catalina.startup.VersionLoggerListener log
INFO: Command line argument: -Djava.util.logging.manager=org.apache.juli.ClassLoaderLogManager
Feb 16, 2018 11:11:59 AM org.apache.catalina.startup.VersionLoggerListener log
INFO: Command line argument: -Djdk.tls.ephemeralDHKeySize=2048
Feb 16, 2018 11:11:59 AM org.apache.catalina.startup.VersionLoggerListener log
INFO: Command line argument: -Dignore.endorsed.dirs=
Feb 16, 2018 11:11:59 AM org.apache.catalina.startup.VersionLoggerListener log
INFO: Command line argument: -Dcatalina.base=/home/gamut/softwares/apache-tomcat-7.0.84
Feb 16, 2018 11:11:59 AM org.apache.catalina.startup.VersionLoggerListener log
INFO: Command line argument: -Dcatalina.home=/home/gamut/softwares/apache-tomcat-7.0.84
Feb 16, 2018 11:11:59 AM org.apache.catalina.startup.VersionLoggerListener log
INFO: Command line argument: -Djava.io.tmpdir=/home/gamut/softwares/apache-tomcat-7.0.84/temp
Feb 16, 2018 11:11:59 AM org.apache.catalina.core.AprLifecycleListener lifecycleEvent
INFO: The APR based Apache Tomcat Native library which allows optimal performance in production environments was not found on the java.library.path: /usr/java/packages/lib/amd64:/usr/lib64:/lib64:/lib:/usr/lib
Feb 16, 2018 11:11:59 AM org.apache.catalina.startup.VersionLoggerListener log
INFO: CATALINA_BASE:         /home/gamut/softwares/apache-tomcat-7.0.84
Feb 16, 2018 11:11:59 AM org.apache.catalina.startup.VersionLoggerListener log
INFO: CATALINA_HOME:         /home/gamut/softwares/apache-tomcat-7.0.84
Feb 16, 2018 11:11:59 AM org.apache.catalina.startup.VersionLoggerListener log
INFO: Command line argument: -Djava.util.logging.config.file=/home/gamut/softwares/apache-tomcat-7.0.84/conf/logging.properties
Feb 16, 2018 11:11:59 AM org.apache.catalina.startup.VersionLoggerListener log
INFO: Command line argument: -Djava.util.logging.manager=org.apache.juli.ClassLoaderLogManager
Feb 16, 2018 11:11:59 AM org.apache.catalina.startup.VersionLoggerListener log
INFO: Command line argument: -Djdk.tls.ephemeralDHKeySize=2048
Feb 16, 2018 11:11:59 AM org.apache.catalina.startup.VersionLoggerListener log
INFO: Command line argument: -Dignore.endorsed.dirs=
Feb 16, 2018 11:11:59 AM org.apache.catalina.startup.VersionLoggerListener log
INFO: Command line argument: -Dcatalina.base=/home/gamut/softwares/apache-tomcat-7.0.84
Feb 16, 2018 11:11:59 AM org.apache.catalina.startup.VersionLoggerListener log
INFO: Command line argument: -Dcatalina.home=/home/gamut/softwares/apache-tomcat-7.0.84
Feb 16, 2018 11:11:59 AM org.apache.catalina.startup.VersionLoggerListener log
INFO: Command line argument: -Djava.io.tmpdir=/home/gamut/softwares/apache-tomcat-7.0.84/temp
Feb 16, 2018 11:11:59 AM org.apache.catalina.core.AprLifecycleListener lifecycleEvent
INFO: The APR based Apache Tomcat Native library which allows optimal performance in production environments was not found on the java.library.path: /usr/java/packages/lib/amd64:/usr/lib64:/lib64:/lib:/usr/lib
Feb 16, 2018 11:12:06 AM org.apache.coyote.AbstractProtocol init
INFO: Initializing ProtocolHandler ["http-bio-8080"]
Feb 16, 2018 11:12:06 AM org.apache.coyote.AbstractProtocol init
INFO: Initializing ProtocolHandler ["http-bio-8080"]
Feb 16, 2018 11:12:06 AM org.apache.coyote.AbstractProtocol init
INFO: Initializing ProtocolHandler ["ajp-bio-8009"]
Feb 16, 2018 11:12:06 AM org.apache.catalina.startup.Catalina load
INFO: Initialization processed in 20874 ms
Feb 16, 2018 11:12:06 AM org.apache.coyote.AbstractProtocol init
SEVERE: Failed to initialize end point associated with ProtocolHandler ["http-bio-8080"]
java.net.BindException: Address already in use (Bind failed) <null>:8080
	at org.apache.tomcat.util.net.JIoEndpoint.bind(JIoEndpoint.java:413)
	at org.apache.tomcat.util.net.AbstractEndpoint.init(AbstractEndpoint.java:728)
	at org.apache.coyote.AbstractProtocol.init(AbstractProtocol.java:452)
	at org.apache.coyote.http11.AbstractHttp11JsseProtocol.init(AbstractHttp11JsseProtocol.java:119)
	at org.apache.catalina.connector.Connector.initInternal(Connector.java:978)
	at org.apache.catalina.util.LifecycleBase.init(LifecycleBase.java:102)
	at org.apache.catalina.core.StandardService.initInternal(StandardService.java:560)
	at org.apache.catalina.util.LifecycleBase.init(LifecycleBase.java:102)
	at org.apache.catalina.core.StandardServer.initInternal(StandardServer.java:840)
	at org.apache.catalina.util.LifecycleBase.init(LifecycleBase.java:102)
	at org.apache.catalina.startup.Catalina.load(Catalina.java:643)
	at org.apache.catalina.startup.Catalina.load(Catalina.java:668)
	at sun.reflect.NativeMethodAccessorImpl.invoke0(Native Method)
	at sun.reflect.NativeMethodAccessorImpl.invoke(NativeMethodAccessorImpl.java:62)
	at sun.reflect.DelegatingMethodAccessorImpl.invoke(DelegatingMethodAccessorImpl.java:43)
	at java.lang.reflect.Method.invoke(Method.java:498)
	at org.apache.catalina.startup.Bootstrap.load(Bootstrap.java:253)
	at org.apache.catalina.startup.Bootstrap.main(Bootstrap.java:427)
Caused by: java.net.BindException: Address already in use (Bind failed)
	at java.net.PlainSocketImpl.socketBind(Native Method)
	at java.net.AbstractPlainSocketImpl.bind(AbstractPlainSocketImpl.java:387)
	at java.net.ServerSocket.bind(ServerSocket.java:375)
	at java.net.ServerSocket.<init>(ServerSocket.java:237)
	at java.net.ServerSocket.<init>(ServerSocket.java:181)
	at org.apache.tomcat.util.net.DefaultServerSocketFactory.createSocket(DefaultServerSocketFactory.java:49)
	at org.apache.tomcat.util.net.JIoEndpoint.bind(JIoEndpoint.java:400)
	... 17 more

Feb 16, 2018 11:12:07 AM org.apache.catalina.core.StandardService initInternal
SEVERE: Failed to initialize connector [Connector[HTTP/1.1-8080]]
org.apache.catalina.LifecycleException: Failed to initialize component [Connector[HTTP/1.1-8080]]
	at org.apache.catalina.util.LifecycleBase.init(LifecycleBase.java:107)
	at org.apache.catalina.core.StandardService.initInternal(StandardService.java:560)
	at org.apache.catalina.util.LifecycleBase.init(LifecycleBase.java:102)
	at org.apache.catalina.core.StandardServer.initInternal(StandardServer.java:840)
	at org.apache.catalina.util.LifecycleBase.init(LifecycleBase.java:102)
	at org.apache.catalina.startup.Catalina.load(Catalina.java:643)
	at org.apache.catalina.startup.Catalina.load(Catalina.java:668)
	at sun.reflect.NativeMethodAccessorImpl.invoke0(Native Method)
	at sun.reflect.NativeMethodAccessorImpl.invoke(NativeMethodAccessorImpl.java:62)
	at sun.reflect.DelegatingMethodAccessorImpl.invoke(DelegatingMethodAccessorImpl.java:43)
	at java.lang.reflect.Method.invoke(Method.java:498)
	at org.apache.catalina.startup.Bootstrap.load(Bootstrap.java:253)
	at org.apache.catalina.startup.Bootstrap.main(Bootstrap.java:427)
Caused by: org.apache.catalina.LifecycleException: Protocol handler initialization failed
	at org.apache.catalina.connector.Connector.initInternal(Connector.java:980)
	at org.apache.catalina.util.LifecycleBase.init(LifecycleBase.java:102)
	... 12 more
Caused by: java.net.BindException: Address already in use (Bind failed) <null>:8080
	at org.apache.tomcat.util.net.JIoEndpoint.bind(JIoEndpoint.java:413)
	at org.apache.tomcat.util.net.AbstractEndpoint.init(AbstractEndpoint.java:728)
	at org.apache.coyote.AbstractProtocol.init(AbstractProtocol.java:452)
	at org.apache.coyote.http11.AbstractHttp11JsseProtocol.init(AbstractHttp11JsseProtocol.java:119)
	at org.apache.catalina.connector.Connector.initInternal(Connector.java:978)
	... 13 more
Caused by: java.net.BindException: Address already in use (Bind failed)
	at java.net.PlainSocketImpl.socketBind(Native Method)
	at java.net.AbstractPlainSocketImpl.bind(AbstractPlainSocketImpl.java:387)
	at java.net.ServerSocket.bind(ServerSocket.java:375)
	at java.net.ServerSocket.<init>(ServerSocket.java:237)
	at java.net.ServerSocket.<init>(ServerSocket.java:181)
	at org.apache.tomcat.util.net.DefaultServerSocketFactory.createSocket(DefaultServerSocketFactory.java:49)
	at org.apache.tomcat.util.net.JIoEndpoint.bind(JIoEndpoint.java:400)
	... 17 more

Feb 16, 2018 11:12:07 AM org.apache.coyote.AbstractProtocol init
INFO: Initializing ProtocolHandler ["ajp-bio-8009"]
Feb 16, 2018 11:12:07 AM org.apache.coyote.AbstractProtocol init
SEVERE: Failed to initialize end point associated with ProtocolHandler ["ajp-bio-8009"]
java.net.BindException: Address already in use (Bind failed) <null>:8009
	at org.apache.tomcat.util.net.JIoEndpoint.bind(JIoEndpoint.java:413)
	at org.apache.tomcat.util.net.AbstractEndpoint.init(AbstractEndpoint.java:728)
	at org.apache.coyote.AbstractProtocol.init(AbstractProtocol.java:452)
	at org.apache.catalina.connector.Connector.initInternal(Connector.java:978)
	at org.apache.catalina.util.LifecycleBase.init(LifecycleBase.java:102)
	at org.apache.catalina.core.StandardService.initInternal(StandardService.java:560)
	at org.apache.catalina.util.LifecycleBase.init(LifecycleBase.java:102)
	at org.apache.catalina.core.StandardServer.initInternal(StandardServer.java:840)
	at org.apache.catalina.util.LifecycleBase.init(LifecycleBase.java:102)
	at org.apache.catalina.startup.Catalina.load(Catalina.java:643)
	at org.apache.catalina.startup.Catalina.load(Catalina.java:668)
	at sun.reflect.NativeMethodAccessorImpl.invoke0(Native Method)
	at sun.reflect.NativeMethodAccessorImpl.invoke(NativeMethodAccessorImpl.java:62)
	at sun.reflect.DelegatingMethodAccessorImpl.invoke(DelegatingMethodAccessorImpl.java:43)
	at java.lang.reflect.Method.invoke(Method.java:498)
	at org.apache.catalina.startup.Bootstrap.load(Bootstrap.java:253)
	at org.apache.catalina.startup.Bootstrap.main(Bootstrap.java:427)
Caused by: java.net.BindException: Address already in use (Bind failed)
	at java.net.PlainSocketImpl.socketBind(Native Method)
	at java.net.AbstractPlainSocketImpl.bind(AbstractPlainSocketImpl.java:387)
	at java.net.ServerSocket.bind(ServerSocket.java:375)
	at java.net.ServerSocket.<init>(ServerSocket.java:237)
	at java.net.ServerSocket.<init>(ServerSocket.java:181)
	at org.apache.tomcat.util.net.DefaultServerSocketFactory.createSocket(DefaultServerSocketFactory.java:49)
	at org.apache.tomcat.util.net.JIoEndpoint.bind(JIoEndpoint.java:400)
	... 16 more

Feb 16, 2018 11:12:07 AM org.apache.catalina.core.StandardService initInternal
SEVERE: Failed to initialize connector [Connector[AJP/1.3-8009]]
org.apache.catalina.LifecycleException: Failed to initialize component [Connector[AJP/1.3-8009]]
	at org.apache.catalina.util.LifecycleBase.init(LifecycleBase.java:107)
	at org.apache.catalina.core.StandardService.initInternal(StandardService.java:560)
	at org.apache.catalina.util.LifecycleBase.init(LifecycleBase.java:102)
	at org.apache.catalina.core.StandardServer.initInternal(StandardServer.java:840)
	at org.apache.catalina.util.LifecycleBase.init(LifecycleBase.java:102)
	at org.apache.catalina.startup.Catalina.load(Catalina.java:643)
	at org.apache.catalina.startup.Catalina.load(Catalina.java:668)
	at sun.reflect.NativeMethodAccessorImpl.invoke0(Native Method)
	at sun.reflect.NativeMethodAccessorImpl.invoke(NativeMethodAccessorImpl.java:62)
	at sun.reflect.DelegatingMethodAccessorImpl.invoke(DelegatingMethodAccessorImpl.java:43)
	at java.lang.reflect.Method.invoke(Method.java:498)
	at org.apache.catalina.startup.Bootstrap.load(Bootstrap.java:253)
	at org.apache.catalina.startup.Bootstrap.main(Bootstrap.java:427)
Caused by: org.apache.catalina.LifecycleException: Protocol handler initialization failed
	at org.apache.catalina.connector.Connector.initInternal(Connector.java:980)
	at org.apache.catalina.util.LifecycleBase.init(LifecycleBase.java:102)
	... 12 more
Caused by: java.net.BindException: Address already in use (Bind failed) <null>:8009
	at org.apache.tomcat.util.net.JIoEndpoint.bind(JIoEndpoint.java:413)
	at org.apache.tomcat.util.net.AbstractEndpoint.init(AbstractEndpoint.java:728)
	at org.apache.coyote.AbstractProtocol.init(AbstractProtocol.java:452)
	at org.apache.catalina.connector.Connector.initInternal(Connector.java:978)
	... 13 more
Caused by: java.net.BindException: Address already in use (Bind failed)
	at java.net.PlainSocketImpl.socketBind(Native Method)
	at java.net.AbstractPlainSocketImpl.bind(AbstractPlainSocketImpl.java:387)
	at java.net.ServerSocket.bind(ServerSocket.java:375)
	at java.net.ServerSocket.<init>(ServerSocket.java:237)
	at java.net.ServerSocket.<init>(ServerSocket.java:181)
	at org.apache.tomcat.util.net.DefaultServerSocketFactory.createSocket(DefaultServerSocketFactory.java:49)
	at org.apache.tomcat.util.net.JIoEndpoint.bind(JIoEndpoint.java:400)
	... 16 more

Feb 16, 2018 11:12:07 AM org.apache.catalina.startup.Catalina load
INFO: Initialization processed in 13873 ms
Feb 16, 2018 11:12:07 AM org.apache.catalina.core.StandardService startInternal
INFO: Starting service Catalina
Feb 16, 2018 11:12:07 AM org.apache.catalina.core.StandardEngine startInternal
INFO: Starting Servlet Engine: Apache Tomcat/7.0.84
Feb 16, 2018 11:12:07 AM org.apache.catalina.core.StandardService startInternal
INFO: Starting service Catalina
Feb 16, 2018 11:12:07 AM org.apache.catalina.core.StandardEngine startInternal
INFO: Starting Servlet Engine: Apache Tomcat/7.0.84
Feb 16, 2018 11:12:07 AM org.apache.catalina.startup.HostConfig deployWAR
INFO: Deploying web application archive /home/gamut/softwares/apache-tomcat-7.0.84/webapps/jenkins.war
Feb 16, 2018 11:12:07 AM org.apache.catalina.startup.HostConfig deployWAR
INFO: Deploying web application archive /home/gamut/softwares/apache-tomcat-7.0.84/webapps/jenkins.war
Feb 16, 2018 11:12:21 AM org.apache.catalina.deploy.WebXml setVersion
WARNING: Unknown version string [3.1]. Default version will be used.
Feb 16, 2018 11:12:21 AM org.apache.catalina.deploy.WebXml setVersion
WARNING: Unknown version string [3.1]. Default version will be used.
Feb 16, 2018 11:12:57 AM org.apache.catalina.startup.ContextConfig validateSecurityRoles
WARNING: Security role name ** used in an <auth-constraint> without being defined in a <security-role>
Feb 16, 2018 11:12:58 AM org.apache.catalina.startup.TldConfig execute
INFO: At least one JAR was scanned for TLDs yet contained no TLDs. Enable debug logging for this logger for a complete list of JARs that were scanned but no TLDs were found in them. Skipping unneeded JARs during scanning can improve startup time and JSP compilation time.
Feb 16, 2018 11:12:59 AM org.apache.catalina.startup.ContextConfig validateSecurityRoles
WARNING: Security role name ** used in an <auth-constraint> without being defined in a <security-role>
Feb 16, 2018 11:12:59 AM org.apache.catalina.startup.TldConfig execute
INFO: At least one JAR was scanned for TLDs yet contained no TLDs. Enable debug logging for this logger for a complete list of JARs that were scanned but no TLDs were found in them. Skipping unneeded JARs during scanning can improve startup time and JSP compilation time.
Feb 16, 2018 11:13:04 AM org.apache.catalina.startup.HostConfig deployWAR
INFO: Deployment of web application archive /home/gamut/softwares/apache-tomcat-7.0.84/webapps/jenkins.war has finished in 56,624 ms
Feb 16, 2018 11:13:04 AM org.apache.catalina.startup.HostConfig deployWAR
INFO: Deployment of web application archive /home/gamut/softwares/apache-tomcat-7.0.84/webapps/jenkins.war has finished in 56,624 ms
Feb 16, 2018 11:13:04 AM org.apache.catalina.startup.HostConfig deployWAR
INFO: Deploying web application archive /home/gamut/softwares/apache-tomcat-7.0.84/webapps/simple-web-app.war
Feb 16, 2018 11:13:04 AM org.apache.catalina.startup.HostConfig deployWAR
INFO: Deploying web application archive /home/gamut/softwares/apache-tomcat-7.0.84/webapps/simple-web-app.war
Feb 16, 2018 11:13:13 AM org.apache.catalina.startup.TldConfig execute
INFO: At least one JAR was scanned for TLDs yet contained no TLDs. Enable debug logging for this logger for a complete list of JARs that were scanned but no TLDs were found in them. Skipping unneeded JARs during scanning can improve startup time and JSP compilation time.
Feb 16, 2018 11:13:14 AM org.apache.catalina.startup.TldConfig execute
INFO: At least one JAR was scanned for TLDs yet contained no TLDs. Enable debug logging for this logger for a complete list of JARs that were scanned but no TLDs were found in them. Skipping unneeded JARs during scanning can improve startup time and JSP compilation time.
Feb 16, 2018 11:13:17 AM jenkins.InitReactorRunner$1 onAttained
INFO: Started initialization
Feb 16, 2018 11:13:17 AM jenkins.InitReactorRunner$1 onAttained
INFO: Started initialization
Feb 16, 2018 11:13:35 AM org.apache.catalina.startup.HostConfig deployWAR
INFO: Deployment of web application archive /home/gamut/softwares/apache-tomcat-7.0.84/webapps/simple-web-app.war has finished in 30,762 ms
Feb 16, 2018 11:13:35 AM org.apache.catalina.startup.HostConfig deployWAR
INFO: Deployment of web application archive /home/gamut/softwares/apache-tomcat-7.0.84/webapps/simple-web-app.war has finished in 30,761 ms
Feb 16, 2018 11:13:35 AM org.apache.catalina.startup.HostConfig deployDirectory
INFO: Deploying web application directory /home/gamut/softwares/apache-tomcat-7.0.84/webapps/docs
Feb 16, 2018 11:13:35 AM org.apache.catalina.startup.HostConfig deployDirectory
INFO: Deploying web application directory /home/gamut/softwares/apache-tomcat-7.0.84/webapps/docs
Feb 16, 2018 11:13:37 AM org.apache.catalina.startup.HostConfig deployDirectory
INFO: Deployment of web application directory /home/gamut/softwares/apache-tomcat-7.0.84/webapps/docs has finished in 2,024 ms
Feb 16, 2018 11:13:37 AM org.apache.catalina.startup.HostConfig deployDirectory
INFO: Deploying web application directory /home/gamut/softwares/apache-tomcat-7.0.84/webapps/host-manager
Feb 16, 2018 11:13:37 AM org.apache.catalina.startup.HostConfig deployDirectory
INFO: Deployment of web application directory /home/gamut/softwares/apache-tomcat-7.0.84/webapps/docs has finished in 2,031 ms
Feb 16, 2018 11:13:37 AM org.apache.catalina.startup.HostConfig deployDirectory
INFO: Deploying web application directory /home/gamut/softwares/apache-tomcat-7.0.84/webapps/host-manager
Feb 16, 2018 11:13:37 AM jenkins.InitReactorRunner$1 onAttained
INFO: Listed all plugins
Feb 16, 2018 11:13:37 AM jenkins.InitReactorRunner$1 onAttained
INFO: Listed all plugins
Feb 16, 2018 11:13:38 AM org.apache.catalina.startup.HostConfig deployDirectory
INFO: Deployment of web application directory /home/gamut/softwares/apache-tomcat-7.0.84/webapps/host-manager has finished in 650 ms
Feb 16, 2018 11:13:38 AM org.apache.catalina.startup.HostConfig deployDirectory
INFO: Deploying web application directory /home/gamut/softwares/apache-tomcat-7.0.84/webapps/examples
Feb 16, 2018 11:13:38 AM org.apache.catalina.startup.HostConfig deployDirectory
INFO: Deployment of web application directory /home/gamut/softwares/apache-tomcat-7.0.84/webapps/host-manager has finished in 658 ms
Feb 16, 2018 11:13:38 AM org.apache.catalina.startup.HostConfig deployDirectory
INFO: Deploying web application directory /home/gamut/softwares/apache-tomcat-7.0.84/webapps/examples
Feb 16, 2018 11:13:38 AM org.apache.catalina.startup.HostConfig deployDirectory
INFO: Deployment of web application directory /home/gamut/softwares/apache-tomcat-7.0.84/webapps/examples has finished in 858 ms
Feb 16, 2018 11:13:38 AM org.apache.catalina.startup.HostConfig deployDirectory
INFO: Deploying web application directory /home/gamut/softwares/apache-tomcat-7.0.84/webapps/manager
Feb 16, 2018 11:13:39 AM org.apache.catalina.startup.HostConfig deployDirectory
INFO: Deployment of web application directory /home/gamut/softwares/apache-tomcat-7.0.84/webapps/examples has finished in 903 ms
Feb 16, 2018 11:13:39 AM org.apache.catalina.startup.HostConfig deployDirectory
INFO: Deploying web application directory /home/gamut/softwares/apache-tomcat-7.0.84/webapps/manager
Feb 16, 2018 11:13:39 AM org.apache.catalina.startup.HostConfig deployDirectory
INFO: Deployment of web application directory /home/gamut/softwares/apache-tomcat-7.0.84/webapps/manager has finished in 56 ms
Feb 16, 2018 11:13:39 AM org.apache.catalina.startup.HostConfig deployDirectory
INFO: Deploying web application directory /home/gamut/softwares/apache-tomcat-7.0.84/webapps/ROOT
Feb 16, 2018 11:13:39 AM org.apache.catalina.startup.HostConfig deployDirectory
INFO: Deployment of web application directory /home/gamut/softwares/apache-tomcat-7.0.84/webapps/manager has finished in 109 ms
Feb 16, 2018 11:13:39 AM org.apache.catalina.startup.HostConfig deployDirectory
INFO: Deploying web application directory /home/gamut/softwares/apache-tomcat-7.0.84/webapps/ROOT
Feb 16, 2018 11:13:39 AM org.apache.catalina.startup.HostConfig deployDirectory
INFO: Deployment of web application directory /home/gamut/softwares/apache-tomcat-7.0.84/webapps/ROOT has finished in 83 ms
Feb 16, 2018 11:13:39 AM org.apache.catalina.startup.HostConfig deployDirectory
INFO: Deployment of web application directory /home/gamut/softwares/apache-tomcat-7.0.84/webapps/ROOT has finished in 84 ms
Feb 16, 2018 11:13:39 AM org.apache.coyote.AbstractProtocol start
INFO: Starting ProtocolHandler ["http-bio-8080"]
Feb 16, 2018 11:13:39 AM org.apache.catalina.startup.Catalina start
INFO: Server startup in 92059 ms
Feb 16, 2018 11:13:39 AM org.apache.coyote.AbstractProtocol start
INFO: Starting ProtocolHandler ["ajp-bio-8009"]
Feb 16, 2018 11:13:39 AM org.apache.catalina.startup.Catalina start
INFO: Server startup in 92886 ms
Feb 16, 2018 11:13:39 AM org.apache.catalina.core.StandardServer await
SEVERE: StandardServer.await: create[localhost:8005]: 
java.net.BindException: Address already in use (Bind failed)
	at java.net.PlainSocketImpl.socketBind(Native Method)
	at java.net.AbstractPlainSocketImpl.bind(AbstractPlainSocketImpl.java:387)
	at java.net.ServerSocket.bind(ServerSocket.java:375)
	at java.net.ServerSocket.<init>(ServerSocket.java:237)
	at org.apache.catalina.core.StandardServer.await(StandardServer.java:444)
	at org.apache.catalina.startup.Catalina.await(Catalina.java:782)
	at org.apache.catalina.startup.Catalina.start(Catalina.java:728)
	at sun.reflect.NativeMethodAccessorImpl.invoke0(Native Method)
	at sun.reflect.NativeMethodAccessorImpl.invoke(NativeMethodAccessorImpl.java:62)
	at sun.reflect.DelegatingMethodAccessorImpl.invoke(DelegatingMethodAccessorImpl.java:43)
	at java.lang.reflect.Method.invoke(Method.java:498)
	at org.apache.catalina.startup.Bootstrap.start(Bootstrap.java:294)
	at org.apache.catalina.startup.Bootstrap.main(Bootstrap.java:428)

Feb 16, 2018 11:13:40 AM org.apache.coyote.AbstractProtocol pause
INFO: Pausing ProtocolHandler ["http-bio-8080"]
Feb 16, 2018 11:13:41 AM org.apache.coyote.AbstractProtocol pause
INFO: Pausing ProtocolHandler ["ajp-bio-8009"]
Feb 16, 2018 11:13:41 AM org.apache.catalina.core.StandardService stopInternal
INFO: Stopping service Catalina
Feb 16, 2018 11:13:42 AM jenkins.model.Jenkins cleanUp
INFO: Stopping Jenkins
Feb 16, 2018 11:13:57 AM jenkins.InitReactorRunner$1 onAttained
INFO: Prepared all plugins
Feb 16, 2018 11:13:57 AM jenkins.InitReactorRunner$1 onAttained
INFO: Prepared all plugins
Feb 16, 2018 11:13:57 AM jenkins.InitReactorRunner$1 onAttained
INFO: Started all plugins
Feb 16, 2018 11:13:58 AM jenkins.InitReactorRunner$1 onAttained
INFO: Started all plugins
Feb 16, 2018 11:14:01 AM jenkins.model.Jenkins$19 onAttained
INFO: Started termination
Feb 16, 2018 11:14:02 AM hudson.util.ExceptionCatchingThreadFactory uncaughtException
WARNING: Thread Computer.threadPoolForRemoting [#2] terminated unexpectedly
java.nio.channels.ClosedSelectorException
	at sun.nio.ch.SelectorImpl.keys(SelectorImpl.java:68)
	at org.jenkinsci.remoting.protocol.IOHub.getThreadNameBase(IOHub.java:426)
	at org.jenkinsci.remoting.protocol.IOHub.access$200(IOHub.java:69)
	at org.jenkinsci.remoting.protocol.IOHub$IOHubSelectorWatcher.run(IOHub.java:536)
	at jenkins.util.ContextResettingExecutorService$1.run(ContextResettingExecutorService.java:28)
	at java.util.concurrent.ThreadPoolExecutor.runWorker(ThreadPoolExecutor.java:1149)
	at java.util.concurrent.ThreadPoolExecutor$Worker.run(ThreadPoolExecutor.java:624)
	at java.lang.Thread.run(Thread.java:748)

Feb 16, 2018 11:14:07 AM hudson.ExtensionFinder$GuiceFinder$FaultTolerantScope$1 error
INFO: Failed to instantiate optional component hudson.plugins.build_timeout.operations.AbortAndRestartOperation$DescriptorImpl; skipping
Feb 16, 2018 11:14:07 AM hudson.ExtensionFinder$GuiceFinder$FaultTolerantScope$1 error
INFO: Failed to instantiate optional component hudson.plugins.build_timeout.operations.AbortAndRestartOperation$DescriptorImpl; skipping
Feb 16, 2018 11:14:07 AM jenkins.model.Jenkins$19 onAttained
INFO: Completed termination
Feb 16, 2018 11:14:07 AM jenkins.model.Jenkins _cleanUpDisconnectComputers
INFO: Starting node disconnection
Feb 16, 2018 11:14:07 AM jenkins.model.Jenkins _cleanUpShutdownPluginManager
INFO: Stopping plugin manager
Feb 16, 2018 11:14:07 AM jenkins.model.Jenkins _cleanUpPersistQueue
INFO: Persisting build queue
Feb 16, 2018 11:14:08 AM jenkins.model.Jenkins cleanUp
INFO: Jenkins stopped
Feb 16, 2018 11:14:08 AM hudson.WebAppMain contextDestroyed
INFO: Shutting down a Jenkins instance that was still starting up
java.lang.Throwable: reason
	at hudson.WebAppMain.contextDestroyed(WebAppMain.java:388)
	at org.apache.catalina.core.StandardContext.listenerStop(StandardContext.java:5156)
	at org.apache.catalina.core.StandardContext.stopInternal(StandardContext.java:5829)
	at org.apache.catalina.util.LifecycleBase.stop(LifecycleBase.java:221)
	at org.apache.catalina.core.ContainerBase$StopChild.call(ContainerBase.java:1716)
	at org.apache.catalina.core.ContainerBase$StopChild.call(ContainerBase.java:1705)
	at java.util.concurrent.FutureTask.run(FutureTask.java:266)
	at java.util.concurrent.ThreadPoolExecutor.runWorker(ThreadPoolExecutor.java:1149)
	at java.util.concurrent.ThreadPoolExecutor$Worker.run(ThreadPoolExecutor.java:624)
	at java.lang.Thread.run(Thread.java:748)

Feb 16, 2018 11:14:08 AM jenkins.InitReactorRunner$1 onTaskFailed
SEVERE: Failed CustomOrganizationFolderDescriptor.addSpecificDescriptors
java.lang.Error: java.lang.reflect.InvocationTargetException
	at hudson.init.TaskMethodFinder.invoke(TaskMethodFinder.java:110)
	at hudson.init.TaskMethodFinder$TaskImpl.run(TaskMethodFinder.java:175)
	at org.jvnet.hudson.reactor.Reactor.runTask(Reactor.java:282)
	at jenkins.model.Jenkins$5.runTask(Jenkins.java:1063)
	at org.jvnet.hudson.reactor.Reactor$2.run(Reactor.java:210)
	at org.jvnet.hudson.reactor.Reactor$Node.run(Reactor.java:117)
	at java.util.concurrent.ThreadPoolExecutor.runWorker(ThreadPoolExecutor.java:1149)
	at java.util.concurrent.ThreadPoolExecutor$Worker.run(ThreadPoolExecutor.java:624)
	at java.lang.Thread.run(Thread.java:748)
Caused by: java.lang.reflect.InvocationTargetException
	at sun.reflect.NativeMethodAccessorImpl.invoke0(Native Method)
	at sun.reflect.NativeMethodAccessorImpl.invoke(NativeMethodAccessorImpl.java:62)
	at sun.reflect.DelegatingMethodAccessorImpl.invoke(DelegatingMethodAccessorImpl.java:43)
	at java.lang.reflect.Method.invoke(Method.java:498)
	at hudson.init.TaskMethodFinder.invoke(TaskMethodFinder.java:104)
	... 8 more
Caused by: java.lang.NullPointerException
	at hudson.model.Items.all(Items.java:155)
	at hudson.model.TopLevelItemDescriptor.all(TopLevelItemDescriptor.java:283)
	at jenkins.branch.CustomOrganizationFolderDescriptor.doAddSpecificDescriptors(CustomOrganizationFolderDescriptor.java:179)
	at jenkins.branch.CustomOrganizationFolderDescriptor.addSpecificDescriptors(CustomOrganizationFolderDescriptor.java:145)
	... 13 more

Feb 16, 2018 11:14:08 AM jenkins.InitReactorRunner$1 onAttained
INFO: Augmented all extensions
Feb 16, 2018 11:14:09 AM hudson.util.BootFailure publish
SEVERE: Failed to initialize Jenkins
hudson.util.HudsonFailedToLoad: org.jvnet.hudson.reactor.ReactorException: java.lang.Error: java.lang.reflect.InvocationTargetException
	at hudson.WebAppMain$3.run(WebAppMain.java:250)
Caused by: org.jvnet.hudson.reactor.ReactorException: java.lang.Error: java.lang.reflect.InvocationTargetException
	at org.jvnet.hudson.reactor.Reactor.execute(Reactor.java:269)
	at jenkins.InitReactorRunner.run(InitReactorRunner.java:48)
	at jenkins.model.Jenkins.executeReactor(Jenkins.java:1097)
	at jenkins.model.Jenkins.<init>(Jenkins.java:899)
	at hudson.model.Hudson.<init>(Hudson.java:85)
	at hudson.model.Hudson.<init>(Hudson.java:81)
	at hudson.WebAppMain$3.run(WebAppMain.java:233)
Caused by: java.lang.Error: java.lang.reflect.InvocationTargetException
	at hudson.init.TaskMethodFinder.invoke(TaskMethodFinder.java:110)
	at hudson.init.TaskMethodFinder$TaskImpl.run(TaskMethodFinder.java:175)
	at org.jvnet.hudson.reactor.Reactor.runTask(Reactor.java:282)
	at jenkins.model.Jenkins$5.runTask(Jenkins.java:1063)
	at org.jvnet.hudson.reactor.Reactor$2.run(Reactor.java:210)
	at org.jvnet.hudson.reactor.Reactor$Node.run(Reactor.java:117)
	at java.util.concurrent.ThreadPoolExecutor.runWorker(ThreadPoolExecutor.java:1149)
	at java.util.concurrent.ThreadPoolExecutor$Worker.run(ThreadPoolExecutor.java:624)
	at java.lang.Thread.run(Thread.java:748)
Caused by: java.lang.reflect.InvocationTargetException
	at sun.reflect.NativeMethodAccessorImpl.invoke0(Native Method)
	at sun.reflect.NativeMethodAccessorImpl.invoke(NativeMethodAccessorImpl.java:62)
	at sun.reflect.DelegatingMethodAccessorImpl.invoke(DelegatingMethodAccessorImpl.java:43)
	at java.lang.reflect.Method.invoke(Method.java:498)
	at hudson.init.TaskMethodFinder.invoke(TaskMethodFinder.java:104)
	... 8 more
Caused by: java.lang.NullPointerException
	at hudson.model.Items.all(Items.java:155)
	at hudson.model.TopLevelItemDescriptor.all(TopLevelItemDescriptor.java:283)
	at jenkins.branch.CustomOrganizationFolderDescriptor.doAddSpecificDescriptors(CustomOrganizationFolderDescriptor.java:179)
	at jenkins.branch.CustomOrganizationFolderDescriptor.addSpecificDescriptors(CustomOrganizationFolderDescriptor.java:145)
	... 13 more

Feb 16, 2018 11:14:09 AM org.apache.catalina.loader.WebappClassLoaderBase clearReferencesThreads
SEVERE: The web application [/jenkins] appears to have started a thread named [Jenkins initialization thread] but has failed to stop it. This is very likely to create a memory leak.
Feb 16, 2018 11:14:09 AM org.apache.catalina.loader.WebappClassLoaderBase clearReferencesThreads
SEVERE: The web application [/jenkins] appears to have started a thread named [Computer.threadPoolForRemoting [#1]] but has failed to stop it. This is very likely to create a memory leak.
Feb 16, 2018 11:14:09 AM org.apache.catalina.loader.WebappClassLoaderBase clearReferencesThreads
SEVERE: The web application [/jenkins] appears to have started a thread named [Computer.threadPoolForRemoting [#3]] but has failed to stop it. This is very likely to create a memory leak.
Feb 16, 2018 11:14:09 AM org.apache.catalina.loader.WebappClassLoaderBase checkThreadLocalMapForLeaks
SEVERE: The web application [/jenkins] created a ThreadLocal with key of type [java.lang.ThreadLocal] (value [java.lang.ThreadLocal@2d3001f3]) and a value of type [org.acegisecurity.context.SecurityContextImpl] (value [org.acegisecurity.context.SecurityContextImpl@ffffffff: Null authentication]) but failed to remove it when the web application was stopped. Threads are going to be renewed over time to try and avoid a probable memory leak.
Feb 16, 2018 11:14:09 AM org.apache.catalina.loader.WebappClassLoaderBase loadClass
INFO: Illegal access: this web application instance has been stopped already.  Could not load org.kohsuke.stapler.JRebelFacet.  The eventual following stack trace is caused by an error thrown for debugging purposes as well as to attempt to terminate the thread which caused the illegal access, and has no functional impact.
java.lang.IllegalStateException
	at org.apache.catalina.loader.WebappClassLoaderBase.loadClass(WebappClassLoaderBase.java:1792)
	at org.apache.catalina.loader.WebappClassLoaderBase.loadClass(WebappClassLoaderBase.java:1750)
	at org.kohsuke.stapler.Facet.discoverExtensions(Facet.java:94)
	at org.kohsuke.stapler.WebApp.<init>(WebApp.java:141)
	at org.kohsuke.stapler.WebApp.get(WebApp.java:64)
	at hudson.util.BootFailure.publish(BootFailure.java:42)
	at hudson.WebAppMain$3.run(WebAppMain.java:250)

Feb 16, 2018 11:14:09 AM org.apache.catalina.loader.WebappClassLoaderBase loadClass
INFO: Illegal access: this web application instance has been stopped already.  Could not load org.zeroturnaround.javarebel.ClassEventListener.  The eventual following stack trace is caused by an error thrown for debugging purposes as well as to attempt to terminate the thread which caused the illegal access, and has no functional impact.
java.lang.IllegalStateException
	at org.apache.catalina.loader.WebappClassLoaderBase.loadClass(WebappClassLoaderBase.java:1792)
	at org.apache.catalina.loader.WebappClassLoaderBase.loadClass(WebappClassLoaderBase.java:1750)
	at java.lang.Class.forName0(Native Method)
	at java.lang.Class.forName(Class.java:264)
	at org.kohsuke.stapler.JRebelFacet.<init>(JRebelFacet.java:53)
	at sun.reflect.NativeConstructorAccessorImpl.newInstance0(Native Method)
	at sun.reflect.NativeConstructorAccessorImpl.newInstance(NativeConstructorAccessorImpl.java:62)
	at sun.reflect.DelegatingConstructorAccessorImpl.newInstance(DelegatingConstructorAccessorImpl.java:45)
	at java.lang.reflect.Constructor.newInstance(Constructor.java:423)
	at java.lang.Class.newInstance(Class.java:442)
	at org.kohsuke.stapler.Facet.discoverExtensions(Facet.java:100)
	at org.kohsuke.stapler.WebApp.<init>(WebApp.java:141)
	at org.kohsuke.stapler.WebApp.get(WebApp.java:64)
	at hudson.util.BootFailure.publish(BootFailure.java:42)
	at hudson.WebAppMain$3.run(WebAppMain.java:250)

Feb 16, 2018 11:14:09 AM org.apache.catalina.loader.WebappClassLoaderBase findResourceInternal
INFO: Illegal access: this web application instance has been stopped already.  Could not load META-INF/services/org.kohsuke.stapler.Facet.  The eventual following stack trace is caused by an error thrown for debugging purposes as well as to attempt to terminate the thread which caused the illegal access, and has no functional impact.
Feb 16, 2018 11:14:10 AM hudson.slaves.SlaveComputer tryReconnect
INFO: Attempting to reconnect slave1
Feb 16, 2018 11:14:11 AM org.apache.coyote.AbstractProtocol stop
INFO: Stopping ProtocolHandler ["http-bio-8080"]
Feb 16, 2018 11:14:11 AM org.apache.coyote.AbstractProtocol stop
INFO: Stopping ProtocolHandler ["ajp-bio-8009"]
Feb 16, 2018 11:14:11 AM org.apache.coyote.AbstractProtocol destroy
INFO: Destroying ProtocolHandler ["http-bio-8080"]
Feb 16, 2018 11:14:11 AM org.apache.coyote.AbstractProtocol destroy
INFO: Destroying ProtocolHandler ["ajp-bio-8009"]
Feb 16, 2018 11:14:13 AM jenkins.InitReactorRunner$1 onAttained
INFO: Loaded all jobs
Feb 16, 2018 11:14:14 AM hudson.model.AsyncPeriodicWork$1 run
INFO: Started Download metadata
Feb 16, 2018 11:14:15 AM hudson.model.AsyncPeriodicWork$1 run
INFO: Finished Download metadata. 1,236 ms
Feb 16, 2018 11:14:21 AM org.springframework.context.support.AbstractApplicationContext prepareRefresh
INFO: Refreshing org.springframework.web.context.support.StaticWebApplicationContext@213df860: display name [Root WebApplicationContext]; startup date [Fri Feb 16 11:14:21 IST 2018]; root of context hierarchy
Feb 16, 2018 11:14:21 AM org.springframework.context.support.AbstractApplicationContext obtainFreshBeanFactory
INFO: Bean factory for application context [org.springframework.web.context.support.StaticWebApplicationContext@213df860]: org.springframework.beans.factory.support.DefaultListableBeanFactory@3384e1c3
Feb 16, 2018 11:14:21 AM org.springframework.beans.factory.support.DefaultListableBeanFactory preInstantiateSingletons
INFO: Pre-instantiating singletons in org.springframework.beans.factory.support.DefaultListableBeanFactory@3384e1c3: defining beans [authenticationManager]; root of factory hierarchy
Feb 16, 2018 11:14:21 AM org.springframework.context.support.AbstractApplicationContext prepareRefresh
INFO: Refreshing org.springframework.web.context.support.StaticWebApplicationContext@187948be: display name [Root WebApplicationContext]; startup date [Fri Feb 16 11:14:21 IST 2018]; root of context hierarchy
Feb 16, 2018 11:14:21 AM org.springframework.context.support.AbstractApplicationContext obtainFreshBeanFactory
INFO: Bean factory for application context [org.springframework.web.context.support.StaticWebApplicationContext@187948be]: org.springframework.beans.factory.support.DefaultListableBeanFactory@165ab8a5
Feb 16, 2018 11:14:21 AM org.springframework.beans.factory.support.DefaultListableBeanFactory preInstantiateSingletons
INFO: Pre-instantiating singletons in org.springframework.beans.factory.support.DefaultListableBeanFactory@165ab8a5: defining beans [filter,legacy]; root of factory hierarchy
Feb 16, 2018 11:14:22 AM jenkins.InitReactorRunner$1 onAttained
INFO: Completed initialization
Feb 16, 2018 11:14:22 AM hudson.slaves.SlaveComputer tryReconnect
INFO: Attempting to reconnect slave1
Feb 16, 2018 11:14:22 AM hudson.WebAppMain$3 run
INFO: Jenkins is fully up and running
Feb 16, 2018 11:14:57 AM hudson.slaves.SlaveComputer tryReconnect
INFO: Attempting to reconnect slave1
Feb 16, 2018 11:16:24 AM org.apache.catalina.core.StandardServer await
INFO: A valid shutdown command was received via the shutdown port. Stopping the Server instance.
Feb 16, 2018 11:16:24 AM org.apache.coyote.AbstractProtocol pause
INFO: Pausing ProtocolHandler ["http-bio-8080"]
Feb 16, 2018 11:16:24 AM org.apache.coyote.AbstractProtocol pause
INFO: Pausing ProtocolHandler ["ajp-bio-8009"]
Feb 16, 2018 11:16:24 AM org.apache.catalina.core.StandardService stopInternal
INFO: Stopping service Catalina
Feb 16, 2018 11:16:24 AM jenkins.model.Jenkins cleanUp
INFO: Stopping Jenkins
Feb 16, 2018 11:16:24 AM jenkins.model.Jenkins$19 onAttained
INFO: Started termination
Feb 16, 2018 11:16:24 AM hudson.util.ExceptionCatchingThreadFactory uncaughtException
WARNING: Thread Computer.threadPoolForRemoting [#5] terminated unexpectedly
java.nio.channels.ClosedSelectorException
	at sun.nio.ch.SelectorImpl.keys(SelectorImpl.java:68)
	at org.jenkinsci.remoting.protocol.IOHub.getThreadNameBase(IOHub.java:426)
	at org.jenkinsci.remoting.protocol.IOHub.access$200(IOHub.java:69)
	at org.jenkinsci.remoting.protocol.IOHub$IOHubSelectorWatcher.run(IOHub.java:536)
	at jenkins.util.ContextResettingExecutorService$1.run(ContextResettingExecutorService.java:28)
	at java.util.concurrent.ThreadPoolExecutor.runWorker(ThreadPoolExecutor.java:1149)
	at java.util.concurrent.ThreadPoolExecutor$Worker.run(ThreadPoolExecutor.java:624)
	at java.lang.Thread.run(Thread.java:748)

Feb 16, 2018 11:16:24 AM jenkins.model.Jenkins$19 onAttained
INFO: Completed termination
Feb 16, 2018 11:16:24 AM jenkins.model.Jenkins _cleanUpDisconnectComputers
INFO: Starting node disconnection
Feb 16, 2018 11:16:25 AM jenkins.model.Jenkins _cleanUpShutdownPluginManager
INFO: Stopping plugin manager
Feb 16, 2018 11:16:25 AM jenkins.model.Jenkins _cleanUpPersistQueue
INFO: Persisting build queue
Feb 16, 2018 11:16:25 AM jenkins.model.Jenkins _cleanUpAwaitDisconnects
INFO: Waiting for node disconnection completion
Feb 16, 2018 11:16:25 AM jenkins.model.Jenkins cleanUp
INFO: Jenkins stopped
Feb 16, 2018 11:16:26 AM org.apache.catalina.loader.WebappClassLoaderBase clearReferencesThreads
SEVERE: The web application [/jenkins] appears to have started a thread named [Computer.threadPoolForRemoting [#4]] but has failed to stop it. This is very likely to create a memory leak.
Feb 16, 2018 11:16:26 AM org.apache.catalina.loader.WebappClassLoaderBase clearReferencesThreads
SEVERE: The web application [/jenkins] appears to have started a thread named [Computer.threadPoolForRemoting [#6]] but has failed to stop it. This is very likely to create a memory leak.
Feb 16, 2018 11:16:26 AM org.apache.catalina.loader.WebappClassLoaderBase checkThreadLocalMapForLeaks
SEVERE: The web application [/jenkins] created a ThreadLocal with key of type [java.lang.ThreadLocal] (value [java.lang.ThreadLocal@79a87b7]) and a value of type [org.acegisecurity.context.SecurityContextImpl] (value [org.acegisecurity.context.SecurityContextImpl@ffffffff: Null authentication]) but failed to remove it when the web application was stopped. Threads are going to be renewed over time to try and avoid a probable memory leak.
Feb 16, 2018 11:16:26 AM org.apache.coyote.AbstractProtocol stop
INFO: Stopping ProtocolHandler ["http-bio-8080"]
Feb 16, 2018 11:16:26 AM org.apache.coyote.AbstractProtocol destroy
INFO: Destroying ProtocolHandler ["http-bio-8080"]
Feb 16, 2018 11:16:26 AM org.apache.coyote.AbstractProtocol stop
INFO: Stopping ProtocolHandler ["ajp-bio-8009"]
Feb 16, 2018 11:16:26 AM org.apache.coyote.AbstractProtocol destroy
INFO: Destroying ProtocolHandler ["ajp-bio-8009"]
Feb 16, 2018 11:16:36 AM org.apache.catalina.startup.VersionLoggerListener log
INFO: Server version:        Apache Tomcat/7.0.84
Feb 16, 2018 11:16:36 AM org.apache.catalina.startup.VersionLoggerListener log
INFO: Server built:          Jan 19 2018 15:01:35 UTC
Feb 16, 2018 11:16:36 AM org.apache.catalina.startup.VersionLoggerListener log
INFO: Server number:         7.0.84.0
Feb 16, 2018 11:16:36 AM org.apache.catalina.startup.VersionLoggerListener log
INFO: OS Name:               Linux
Feb 16, 2018 11:16:36 AM org.apache.catalina.startup.VersionLoggerListener log
INFO: OS Version:            4.13.0-32-generic
Feb 16, 2018 11:16:36 AM org.apache.catalina.startup.VersionLoggerListener log
INFO: Architecture:          amd64
Feb 16, 2018 11:16:36 AM org.apache.catalina.startup.VersionLoggerListener log
INFO: Java Home:             /home/gamut/softwares/jdk1.8.0_161/jre
Feb 16, 2018 11:16:36 AM org.apache.catalina.startup.VersionLoggerListener log
INFO: JVM Version:           1.8.0_161-b12
Feb 16, 2018 11:16:36 AM org.apache.catalina.startup.VersionLoggerListener log
INFO: JVM Vendor:            Oracle Corporation
Feb 16, 2018 11:16:36 AM org.apache.catalina.startup.VersionLoggerListener log
INFO: CATALINA_BASE:         /home/gamut/softwares/apache-tomcat-7.0.84
Feb 16, 2018 11:16:36 AM org.apache.catalina.startup.VersionLoggerListener log
INFO: CATALINA_HOME:         /home/gamut/softwares/apache-tomcat-7.0.84
Feb 16, 2018 11:16:36 AM org.apache.catalina.startup.VersionLoggerListener log
INFO: Command line argument: -Djava.util.logging.config.file=/home/gamut/softwares/apache-tomcat-7.0.84/conf/logging.properties
Feb 16, 2018 11:16:36 AM org.apache.catalina.startup.VersionLoggerListener log
INFO: Command line argument: -Djava.util.logging.manager=org.apache.juli.ClassLoaderLogManager
Feb 16, 2018 11:16:36 AM org.apache.catalina.startup.VersionLoggerListener log
INFO: Command line argument: -Djdk.tls.ephemeralDHKeySize=2048
Feb 16, 2018 11:16:36 AM org.apache.catalina.startup.VersionLoggerListener log
INFO: Command line argument: -Dignore.endorsed.dirs=
Feb 16, 2018 11:16:36 AM org.apache.catalina.startup.VersionLoggerListener log
INFO: Command line argument: -Dcatalina.base=/home/gamut/softwares/apache-tomcat-7.0.84
Feb 16, 2018 11:16:36 AM org.apache.catalina.startup.VersionLoggerListener log
INFO: Command line argument: -Dcatalina.home=/home/gamut/softwares/apache-tomcat-7.0.84
Feb 16, 2018 11:16:36 AM org.apache.catalina.startup.VersionLoggerListener log
INFO: Command line argument: -Djava.io.tmpdir=/home/gamut/softwares/apache-tomcat-7.0.84/temp
Feb 16, 2018 11:16:36 AM org.apache.catalina.core.AprLifecycleListener lifecycleEvent
INFO: The APR based Apache Tomcat Native library which allows optimal performance in production environments was not found on the java.library.path: /usr/java/packages/lib/amd64:/usr/lib64:/lib64:/lib:/usr/lib
Feb 16, 2018 11:16:37 AM org.apache.coyote.AbstractProtocol init
INFO: Initializing ProtocolHandler ["http-bio-8080"]
Feb 16, 2018 11:16:37 AM org.apache.coyote.AbstractProtocol init
INFO: Initializing ProtocolHandler ["ajp-bio-8009"]
Feb 16, 2018 11:16:37 AM org.apache.catalina.startup.Catalina load
INFO: Initialization processed in 2053 ms
Feb 16, 2018 11:16:37 AM org.apache.catalina.core.StandardService startInternal
INFO: Starting service Catalina
Feb 16, 2018 11:16:37 AM org.apache.catalina.core.StandardEngine startInternal
INFO: Starting Servlet Engine: Apache Tomcat/7.0.84
Feb 16, 2018 11:16:37 AM org.apache.catalina.startup.HostConfig deployWAR
INFO: Deploying web application archive /home/gamut/softwares/apache-tomcat-7.0.84/webapps/jenkins.war
Feb 16, 2018 11:16:42 AM org.apache.catalina.deploy.WebXml setVersion
WARNING: Unknown version string [3.1]. Default version will be used.
Feb 16, 2018 11:17:05 AM org.apache.catalina.startup.ContextConfig validateSecurityRoles
WARNING: Security role name ** used in an <auth-constraint> without being defined in a <security-role>
Feb 16, 2018 11:17:05 AM org.apache.catalina.startup.TldConfig execute
INFO: At least one JAR was scanned for TLDs yet contained no TLDs. Enable debug logging for this logger for a complete list of JARs that were scanned but no TLDs were found in them. Skipping unneeded JARs during scanning can improve startup time and JSP compilation time.
Feb 16, 2018 11:17:06 AM org.apache.catalina.startup.HostConfig deployWAR
INFO: Deployment of web application archive /home/gamut/softwares/apache-tomcat-7.0.84/webapps/jenkins.war has finished in 28,909 ms
Feb 16, 2018 11:17:06 AM org.apache.catalina.startup.HostConfig deployWAR
INFO: Deploying web application archive /home/gamut/softwares/apache-tomcat-7.0.84/webapps/simple-web-app.war
Feb 16, 2018 11:17:09 AM jenkins.InitReactorRunner$1 onAttained
INFO: Started initialization
Feb 16, 2018 11:17:12 AM org.apache.catalina.startup.TldConfig execute
INFO: At least one JAR was scanned for TLDs yet contained no TLDs. Enable debug logging for this logger for a complete list of JARs that were scanned but no TLDs were found in them. Skipping unneeded JARs during scanning can improve startup time and JSP compilation time.
Feb 16, 2018 11:17:13 AM jenkins.InitReactorRunner$1 onAttained
INFO: Listed all plugins
Feb 16, 2018 11:17:18 AM org.apache.catalina.startup.HostConfig deployWAR
INFO: Deployment of web application archive /home/gamut/softwares/apache-tomcat-7.0.84/webapps/simple-web-app.war has finished in 12,081 ms
Feb 16, 2018 11:17:18 AM org.apache.catalina.startup.HostConfig deployDirectory
INFO: Deploying web application directory /home/gamut/softwares/apache-tomcat-7.0.84/webapps/docs
Feb 16, 2018 11:17:18 AM org.apache.catalina.startup.HostConfig deployDirectory
INFO: Deployment of web application directory /home/gamut/softwares/apache-tomcat-7.0.84/webapps/docs has finished in 89 ms
Feb 16, 2018 11:17:18 AM org.apache.catalina.startup.HostConfig deployDirectory
INFO: Deploying web application directory /home/gamut/softwares/apache-tomcat-7.0.84/webapps/host-manager
Feb 16, 2018 11:17:19 AM org.apache.catalina.startup.HostConfig deployDirectory
INFO: Deployment of web application directory /home/gamut/softwares/apache-tomcat-7.0.84/webapps/host-manager has finished in 89 ms
Feb 16, 2018 11:17:19 AM org.apache.catalina.startup.HostConfig deployDirectory
INFO: Deploying web application directory /home/gamut/softwares/apache-tomcat-7.0.84/webapps/examples
Feb 16, 2018 11:17:19 AM org.apache.catalina.startup.HostConfig deployDirectory
INFO: Deployment of web application directory /home/gamut/softwares/apache-tomcat-7.0.84/webapps/examples has finished in 276 ms
Feb 16, 2018 11:17:19 AM org.apache.catalina.startup.HostConfig deployDirectory
INFO: Deploying web application directory /home/gamut/softwares/apache-tomcat-7.0.84/webapps/manager
Feb 16, 2018 11:17:19 AM org.apache.catalina.startup.HostConfig deployDirectory
INFO: Deployment of web application directory /home/gamut/softwares/apache-tomcat-7.0.84/webapps/manager has finished in 60 ms
Feb 16, 2018 11:17:19 AM org.apache.catalina.startup.HostConfig deployDirectory
INFO: Deploying web application directory /home/gamut/softwares/apache-tomcat-7.0.84/webapps/ROOT
Feb 16, 2018 11:17:19 AM org.apache.catalina.startup.HostConfig deployDirectory
INFO: Deployment of web application directory /home/gamut/softwares/apache-tomcat-7.0.84/webapps/ROOT has finished in 52 ms
Feb 16, 2018 11:17:19 AM org.apache.coyote.AbstractProtocol start
INFO: Starting ProtocolHandler ["http-bio-8080"]
Feb 16, 2018 11:17:19 AM org.apache.coyote.AbstractProtocol start
INFO: Starting ProtocolHandler ["ajp-bio-8009"]
Feb 16, 2018 11:17:19 AM org.apache.catalina.startup.Catalina start
INFO: Server startup in 41920 ms
Feb 16, 2018 11:17:21 AM jenkins.InitReactorRunner$1 onAttained
INFO: Prepared all plugins
Feb 16, 2018 11:17:21 AM jenkins.InitReactorRunner$1 onAttained
INFO: Started all plugins
Feb 16, 2018 11:17:24 AM hudson.ExtensionFinder$GuiceFinder$FaultTolerantScope$1 error
INFO: Failed to instantiate optional component hudson.plugins.build_timeout.operations.AbortAndRestartOperation$DescriptorImpl; skipping
Feb 16, 2018 11:17:24 AM jenkins.InitReactorRunner$1 onAttained
INFO: Augmented all extensions
Feb 16, 2018 11:17:24 AM hudson.slaves.SlaveComputer tryReconnect
INFO: Attempting to reconnect slave1
Feb 16, 2018 11:17:24 AM jenkins.InitReactorRunner$1 onAttained
INFO: Loaded all jobs
Feb 16, 2018 11:17:24 AM hudson.model.AsyncPeriodicWork$1 run
INFO: Started Download metadata
Feb 16, 2018 11:17:24 AM hudson.model.AsyncPeriodicWork$1 run
INFO: Finished Download metadata. 6 ms
Feb 16, 2018 11:17:25 AM org.springframework.context.support.AbstractApplicationContext prepareRefresh
INFO: Refreshing org.springframework.web.context.support.StaticWebApplicationContext@7efab9f4: display name [Root WebApplicationContext]; startup date [Fri Feb 16 11:17:25 IST 2018]; root of context hierarchy
Feb 16, 2018 11:17:25 AM org.springframework.context.support.AbstractApplicationContext obtainFreshBeanFactory
INFO: Bean factory for application context [org.springframework.web.context.support.StaticWebApplicationContext@7efab9f4]: org.springframework.beans.factory.support.DefaultListableBeanFactory@52b40220
Feb 16, 2018 11:17:25 AM org.springframework.beans.factory.support.DefaultListableBeanFactory preInstantiateSingletons
INFO: Pre-instantiating singletons in org.springframework.beans.factory.support.DefaultListableBeanFactory@52b40220: defining beans [authenticationManager]; root of factory hierarchy
Feb 16, 2018 11:17:25 AM org.springframework.context.support.AbstractApplicationContext prepareRefresh
INFO: Refreshing org.springframework.web.context.support.StaticWebApplicationContext@264c311b: display name [Root WebApplicationContext]; startup date [Fri Feb 16 11:17:25 IST 2018]; root of context hierarchy
Feb 16, 2018 11:17:25 AM org.springframework.context.support.AbstractApplicationContext obtainFreshBeanFactory
INFO: Bean factory for application context [org.springframework.web.context.support.StaticWebApplicationContext@264c311b]: org.springframework.beans.factory.support.DefaultListableBeanFactory@55a5c6e9
Feb 16, 2018 11:17:25 AM org.springframework.beans.factory.support.DefaultListableBeanFactory preInstantiateSingletons
INFO: Pre-instantiating singletons in org.springframework.beans.factory.support.DefaultListableBeanFactory@55a5c6e9: defining beans [filter,legacy]; root of factory hierarchy
Feb 16, 2018 11:17:25 AM jenkins.InitReactorRunner$1 onAttained
INFO: Completed initialization
Feb 16, 2018 11:17:25 AM hudson.WebAppMain$3 run
INFO: Jenkins is fully up and running
Feb 16, 2018 11:18:22 AM hudson.slaves.SlaveComputer tryReconnect
INFO: Attempting to reconnect slave1
Feb 16, 2018 11:20:22 AM hudson.slaves.SlaveComputer tryReconnect
INFO: Attempting to reconnect slave1
Feb 16, 2018 11:46:04 AM hudson.init.impl.InstallUncaughtExceptionHandler lambda$init$0
WARNING: null
org.apache.catalina.connector.ClientAbortException: java.net.SocketException: Broken pipe (Write failed)
	at org.apache.catalina.connector.OutputBuffer.realWriteBytes(OutputBuffer.java:410)
	at org.apache.tomcat.util.buf.ByteChunk.flushBuffer(ByteChunk.java:442)
	at org.apache.catalina.connector.OutputBuffer.doFlush(OutputBuffer.java:359)
	at org.apache.catalina.connector.OutputBuffer.close(OutputBuffer.java:311)
	at org.apache.catalina.connector.CoyoteOutputStream.close(CoyoteOutputStream.java:108)
	at com.jcraft.jzlib.DeflaterOutputStream.close(DeflaterOutputStream.java:122)
	at org.kohsuke.stapler.compression.FilterServletOutputStream.close(FilterServletOutputStream.java:46)
	at java.io.FilterOutputStream.close(FilterOutputStream.java:159)
	at sun.nio.cs.StreamEncoder.implClose(StreamEncoder.java:320)
	at sun.nio.cs.StreamEncoder.close(StreamEncoder.java:149)
	at java.io.OutputStreamWriter.close(OutputStreamWriter.java:233)
	at java.io.BufferedWriter.close(BufferedWriter.java:266)
	at org.dom4j.io.XMLWriter.close(XMLWriter.java:286)
	at org.kohsuke.stapler.jelly.HTMLWriterOutput.close(HTMLWriterOutput.java:70)
	at org.kohsuke.stapler.jelly.DefaultScriptInvoker.invokeScript(DefaultScriptInvoker.java:56)
	at org.kohsuke.stapler.jelly.JellyFacet$1.dispatch(JellyFacet.java:97)
	at org.kohsuke.stapler.Stapler.tryInvoke(Stapler.java:715)
	at org.kohsuke.stapler.Stapler.invoke(Stapler.java:845)
	at org.kohsuke.stapler.MetaClass$5.doDispatch(MetaClass.java:248)
	at org.kohsuke.stapler.NameBasedDispatcher.dispatch(NameBasedDispatcher.java:58)
	at org.kohsuke.stapler.Stapler.tryInvoke(Stapler.java:715)
	at org.kohsuke.stapler.Stapler.invoke(Stapler.java:845)
	at org.kohsuke.stapler.Stapler.invoke(Stapler.java:649)
	at org.kohsuke.stapler.Stapler.service(Stapler.java:238)
	at javax.servlet.http.HttpServlet.service(HttpServlet.java:731)
	at org.apache.catalina.core.ApplicationFilterChain.internalDoFilter(ApplicationFilterChain.java:303)
	at org.apache.catalina.core.ApplicationFilterChain.doFilter(ApplicationFilterChain.java:208)
	at org.apache.tomcat.websocket.server.WsFilter.doFilter(WsFilter.java:52)
	at org.apache.catalina.core.ApplicationFilterChain.internalDoFilter(ApplicationFilterChain.java:241)
	at org.apache.catalina.core.ApplicationFilterChain.doFilter(ApplicationFilterChain.java:208)
	at hudson.util.PluginServletFilter$1.doFilter(PluginServletFilter.java:154)
	at hudson.util.PluginServletFilter.doFilter(PluginServletFilter.java:157)
	at org.apache.catalina.core.ApplicationFilterChain.internalDoFilter(ApplicationFilterChain.java:241)
	at org.apache.catalina.core.ApplicationFilterChain.doFilter(ApplicationFilterChain.java:208)
	at hudson.security.csrf.CrumbFilter.doFilter(CrumbFilter.java:105)
	at org.apache.catalina.core.ApplicationFilterChain.internalDoFilter(ApplicationFilterChain.java:241)
	at org.apache.catalina.core.ApplicationFilterChain.doFilter(ApplicationFilterChain.java:208)
	at hudson.security.ChainedServletFilter$1.doFilter(ChainedServletFilter.java:84)
	at hudson.security.UnwrapSecurityExceptionFilter.doFilter(UnwrapSecurityExceptionFilter.java:51)
	at hudson.security.ChainedServletFilter$1.doFilter(ChainedServletFilter.java:87)
	at jenkins.security.ExceptionTranslationFilter.doFilter(ExceptionTranslationFilter.java:117)
	at hudson.security.ChainedServletFilter$1.doFilter(ChainedServletFilter.java:87)
	at org.acegisecurity.providers.anonymous.AnonymousProcessingFilter.doFilter(AnonymousProcessingFilter.java:125)
	at hudson.security.ChainedServletFilter$1.doFilter(ChainedServletFilter.java:87)
	at org.acegisecurity.ui.rememberme.RememberMeProcessingFilter.doFilter(RememberMeProcessingFilter.java:142)
	at hudson.security.ChainedServletFilter$1.doFilter(ChainedServletFilter.java:87)
	at org.acegisecurity.ui.AbstractProcessingFilter.doFilter(AbstractProcessingFilter.java:271)
	at hudson.security.ChainedServletFilter$1.doFilter(ChainedServletFilter.java:87)
	at jenkins.security.BasicHeaderProcessor.doFilter(BasicHeaderProcessor.java:93)
	at hudson.security.ChainedServletFilter$1.doFilter(ChainedServletFilter.java:87)
	at org.acegisecurity.context.HttpSessionContextIntegrationFilter.doFilter(HttpSessionContextIntegrationFilter.java:249)
	at hudson.security.HttpSessionContextIntegrationFilter2.doFilter(HttpSessionContextIntegrationFilter2.java:67)
	at hudson.security.ChainedServletFilter$1.doFilter(ChainedServletFilter.java:87)
	at hudson.security.ChainedServletFilter.doFilter(ChainedServletFilter.java:90)
	at hudson.security.HudsonFilter.doFilter(HudsonFilter.java:171)
	at org.apache.catalina.core.ApplicationFilterChain.internalDoFilter(ApplicationFilterChain.java:241)
	at org.apache.catalina.core.ApplicationFilterChain.doFilter(ApplicationFilterChain.java:208)
	at org.kohsuke.stapler.compression.CompressionFilter.doFilter(CompressionFilter.java:49)
	at org.apache.catalina.core.ApplicationFilterChain.internalDoFilter(ApplicationFilterChain.java:241)
	at org.apache.catalina.core.ApplicationFilterChain.doFilter(ApplicationFilterChain.java:208)
	at hudson.util.CharacterEncodingFilter.doFilter(CharacterEncodingFilter.java:82)
	at org.apache.catalina.core.ApplicationFilterChain.internalDoFilter(ApplicationFilterChain.java:241)
	at org.apache.catalina.core.ApplicationFilterChain.doFilter(ApplicationFilterChain.java:208)
	at org.kohsuke.stapler.DiagnosticThreadNameFilter.doFilter(DiagnosticThreadNameFilter.java:30)
	at org.apache.catalina.core.ApplicationFilterChain.internalDoFilter(ApplicationFilterChain.java:241)
	at org.apache.catalina.core.ApplicationFilterChain.doFilter(ApplicationFilterChain.java:208)
	at org.apache.catalina.core.StandardWrapperValve.invoke(StandardWrapperValve.java:219)
	at org.apache.catalina.core.StandardContextValve.invoke(StandardContextValve.java:110)
	at org.apache.catalina.authenticator.AuthenticatorBase.invoke(AuthenticatorBase.java:615)
	at org.apache.catalina.core.StandardHostValve.invoke(StandardHostValve.java:169)
	at org.apache.catalina.valves.ErrorReportValve.invoke(ErrorReportValve.java:103)
	at org.apache.catalina.valves.AccessLogValve.invoke(AccessLogValve.java:962)
	at org.apache.catalina.core.StandardEngineValve.invoke(StandardEngineValve.java:116)
	at org.apache.catalina.connector.CoyoteAdapter.service(CoyoteAdapter.java:445)
	at org.apache.coyote.http11.AbstractHttp11Processor.process(AbstractHttp11Processor.java:1115)
	at org.apache.coyote.AbstractProtocol$AbstractConnectionHandler.process(AbstractProtocol.java:637)
	at org.apache.tomcat.util.net.JIoEndpoint$SocketProcessor.run(JIoEndpoint.java:318)
	at java.util.concurrent.ThreadPoolExecutor.runWorker(ThreadPoolExecutor.java:1149)
	at java.util.concurrent.ThreadPoolExecutor$Worker.run(ThreadPoolExecutor.java:624)
	at org.apache.tomcat.util.threads.TaskThread$WrappingRunnable.run(TaskThread.java:61)
	at java.lang.Thread.run(Thread.java:748)
Caused by: java.net.SocketException: Broken pipe (Write failed)
	at java.net.SocketOutputStream.socketWrite0(Native Method)
	at java.net.SocketOutputStream.socketWrite(SocketOutputStream.java:111)
	at java.net.SocketOutputStream.write(SocketOutputStream.java:155)
	at org.apache.coyote.http11.InternalOutputBuffer.realWriteBytes(InternalOutputBuffer.java:216)
	at org.apache.tomcat.util.buf.ByteChunk.flushBuffer(ByteChunk.java:442)
	at org.apache.tomcat.util.buf.ByteChunk.append(ByteChunk.java:347)
	at org.apache.coyote.http11.InternalOutputBuffer$OutputStreamOutputBuffer.doWrite(InternalOutputBuffer.java:239)
	at org.apache.coyote.http11.filters.ChunkedOutputFilter.doWrite(ChunkedOutputFilter.java:119)
	at org.apache.coyote.http11.AbstractOutputBuffer.doWrite(AbstractOutputBuffer.java:192)
	at org.apache.coyote.Response.doWrite(Response.java:495)
	at org.apache.catalina.connector.OutputBuffer.realWriteBytes(OutputBuffer.java:405)
	... 80 more

Feb 16, 2018 11:47:07 AM hudson.model.AsyncPeriodicWork$1 run
INFO: Started Workspace clean-up
Feb 16, 2018 11:47:07 AM hudson.model.AsyncPeriodicWork$1 run
INFO: Finished Workspace clean-up. 144 ms
Feb 16, 2018 11:59:08 AM hudson.model.Run execute
INFO: simplewebapp #41 main build action completed: FAILURE
Feb 16, 2018 12:00:29 PM hudson.init.impl.InstallUncaughtExceptionHandler lambda$init$0
WARNING: null
org.apache.catalina.connector.ClientAbortException: java.net.SocketException: Broken pipe (Write failed)
	at org.apache.catalina.connector.OutputBuffer.realWriteBytes(OutputBuffer.java:410)
	at org.apache.tomcat.util.buf.ByteChunk.flushBuffer(ByteChunk.java:442)
	at org.apache.catalina.connector.OutputBuffer.doFlush(OutputBuffer.java:359)
	at org.apache.catalina.connector.OutputBuffer.close(OutputBuffer.java:311)
	at org.apache.catalina.connector.CoyoteOutputStream.close(CoyoteOutputStream.java:108)
	at com.jcraft.jzlib.DeflaterOutputStream.close(DeflaterOutputStream.java:122)
	at org.kohsuke.stapler.compression.FilterServletOutputStream.close(FilterServletOutputStream.java:46)
	at java.io.FilterOutputStream.close(FilterOutputStream.java:159)
	at sun.nio.cs.StreamEncoder.implClose(StreamEncoder.java:320)
	at sun.nio.cs.StreamEncoder.close(StreamEncoder.java:149)
	at java.io.OutputStreamWriter.close(OutputStreamWriter.java:233)
	at java.io.BufferedWriter.close(BufferedWriter.java:266)
	at org.dom4j.io.XMLWriter.close(XMLWriter.java:286)
	at org.kohsuke.stapler.jelly.HTMLWriterOutput.close(HTMLWriterOutput.java:70)
	at org.kohsuke.stapler.jelly.DefaultScriptInvoker.invokeScript(DefaultScriptInvoker.java:56)
	at org.kohsuke.stapler.jelly.JellyFacet$1.dispatch(JellyFacet.java:97)
	at org.kohsuke.stapler.Stapler.tryInvoke(Stapler.java:715)
	at org.kohsuke.stapler.Stapler.invoke(Stapler.java:845)
	at org.kohsuke.stapler.MetaClass$5.doDispatch(MetaClass.java:248)
	at org.kohsuke.stapler.NameBasedDispatcher.dispatch(NameBasedDispatcher.java:58)
	at org.kohsuke.stapler.Stapler.tryInvoke(Stapler.java:715)
	at org.kohsuke.stapler.Stapler.invoke(Stapler.java:845)
	at org.kohsuke.stapler.Stapler.invoke(Stapler.java:649)
	at org.kohsuke.stapler.Stapler.service(Stapler.java:238)
	at javax.servlet.http.HttpServlet.service(HttpServlet.java:731)
	at org.apache.catalina.core.ApplicationFilterChain.internalDoFilter(ApplicationFilterChain.java:303)
	at org.apache.catalina.core.ApplicationFilterChain.doFilter(ApplicationFilterChain.java:208)
	at org.apache.tomcat.websocket.server.WsFilter.doFilter(WsFilter.java:52)
	at org.apache.catalina.core.ApplicationFilterChain.internalDoFilter(ApplicationFilterChain.java:241)
	at org.apache.catalina.core.ApplicationFilterChain.doFilter(ApplicationFilterChain.java:208)
	at hudson.util.PluginServletFilter$1.doFilter(PluginServletFilter.java:154)
	at hudson.util.PluginServletFilter.doFilter(PluginServletFilter.java:157)
	at org.apache.catalina.core.ApplicationFilterChain.internalDoFilter(ApplicationFilterChain.java:241)
	at org.apache.catalina.core.ApplicationFilterChain.doFilter(ApplicationFilterChain.java:208)
	at hudson.security.csrf.CrumbFilter.doFilter(CrumbFilter.java:105)
	at org.apache.catalina.core.ApplicationFilterChain.internalDoFilter(ApplicationFilterChain.java:241)
	at org.apache.catalina.core.ApplicationFilterChain.doFilter(ApplicationFilterChain.java:208)
	at hudson.security.ChainedServletFilter$1.doFilter(ChainedServletFilter.java:84)
	at hudson.security.UnwrapSecurityExceptionFilter.doFilter(UnwrapSecurityExceptionFilter.java:51)
	at hudson.security.ChainedServletFilter$1.doFilter(ChainedServletFilter.java:87)
	at jenkins.security.ExceptionTranslationFilter.doFilter(ExceptionTranslationFilter.java:117)
	at hudson.security.ChainedServletFilter$1.doFilter(ChainedServletFilter.java:87)
	at org.acegisecurity.providers.anonymous.AnonymousProcessingFilter.doFilter(AnonymousProcessingFilter.java:125)
	at hudson.security.ChainedServletFilter$1.doFilter(ChainedServletFilter.java:87)
	at org.acegisecurity.ui.rememberme.RememberMeProcessingFilter.doFilter(RememberMeProcessingFilter.java:142)
	at hudson.security.ChainedServletFilter$1.doFilter(ChainedServletFilter.java:87)
	at org.acegisecurity.ui.AbstractProcessingFilter.doFilter(AbstractProcessingFilter.java:271)
	at hudson.security.ChainedServletFilter$1.doFilter(ChainedServletFilter.java:87)
	at jenkins.security.BasicHeaderProcessor.doFilter(BasicHeaderProcessor.java:93)
	at hudson.security.ChainedServletFilter$1.doFilter(ChainedServletFilter.java:87)
	at org.acegisecurity.context.HttpSessionContextIntegrationFilter.doFilter(HttpSessionContextIntegrationFilter.java:249)
	at hudson.security.HttpSessionContextIntegrationFilter2.doFilter(HttpSessionContextIntegrationFilter2.java:67)
	at hudson.security.ChainedServletFilter$1.doFilter(ChainedServletFilter.java:87)
	at hudson.security.ChainedServletFilter.doFilter(ChainedServletFilter.java:90)
	at hudson.security.HudsonFilter.doFilter(HudsonFilter.java:171)
	at org.apache.catalina.core.ApplicationFilterChain.internalDoFilter(ApplicationFilterChain.java:241)
	at org.apache.catalina.core.ApplicationFilterChain.doFilter(ApplicationFilterChain.java:208)
	at org.kohsuke.stapler.compression.CompressionFilter.doFilter(CompressionFilter.java:49)
	at org.apache.catalina.core.ApplicationFilterChain.internalDoFilter(ApplicationFilterChain.java:241)
	at org.apache.catalina.core.ApplicationFilterChain.doFilter(ApplicationFilterChain.java:208)
	at hudson.util.CharacterEncodingFilter.doFilter(CharacterEncodingFilter.java:82)
	at org.apache.catalina.core.ApplicationFilterChain.internalDoFilter(ApplicationFilterChain.java:241)
	at org.apache.catalina.core.ApplicationFilterChain.doFilter(ApplicationFilterChain.java:208)
	at org.kohsuke.stapler.DiagnosticThreadNameFilter.doFilter(DiagnosticThreadNameFilter.java:30)
	at org.apache.catalina.core.ApplicationFilterChain.internalDoFilter(ApplicationFilterChain.java:241)
	at org.apache.catalina.core.ApplicationFilterChain.doFilter(ApplicationFilterChain.java:208)
	at org.apache.catalina.core.StandardWrapperValve.invoke(StandardWrapperValve.java:219)
	at org.apache.catalina.core.StandardContextValve.invoke(StandardContextValve.java:110)
	at org.apache.catalina.authenticator.AuthenticatorBase.invoke(AuthenticatorBase.java:615)
	at org.apache.catalina.core.StandardHostValve.invoke(StandardHostValve.java:169)
	at org.apache.catalina.valves.ErrorReportValve.invoke(ErrorReportValve.java:103)
	at org.apache.catalina.valves.AccessLogValve.invoke(AccessLogValve.java:962)
	at org.apache.catalina.core.StandardEngineValve.invoke(StandardEngineValve.java:116)
	at org.apache.catalina.connector.CoyoteAdapter.service(CoyoteAdapter.java:445)
	at org.apache.coyote.http11.AbstractHttp11Processor.process(AbstractHttp11Processor.java:1115)
	at org.apache.coyote.AbstractProtocol$AbstractConnectionHandler.process(AbstractProtocol.java:637)
	at org.apache.tomcat.util.net.JIoEndpoint$SocketProcessor.run(JIoEndpoint.java:318)
	at java.util.concurrent.ThreadPoolExecutor.runWorker(ThreadPoolExecutor.java:1149)
	at java.util.concurrent.ThreadPoolExecutor$Worker.run(ThreadPoolExecutor.java:624)
	at org.apache.tomcat.util.threads.TaskThread$WrappingRunnable.run(TaskThread.java:61)
	at java.lang.Thread.run(Thread.java:748)
Caused by: java.net.SocketException: Broken pipe (Write failed)
	at java.net.SocketOutputStream.socketWrite0(Native Method)
	at java.net.SocketOutputStream.socketWrite(SocketOutputStream.java:111)
	at java.net.SocketOutputStream.write(SocketOutputStream.java:155)
	at org.apache.coyote.http11.InternalOutputBuffer.realWriteBytes(InternalOutputBuffer.java:216)
	at org.apache.tomcat.util.buf.ByteChunk.flushBuffer(ByteChunk.java:442)
	at org.apache.tomcat.util.buf.ByteChunk.append(ByteChunk.java:347)
	at org.apache.coyote.http11.InternalOutputBuffer$OutputStreamOutputBuffer.doWrite(InternalOutputBuffer.java:239)
	at org.apache.coyote.http11.filters.ChunkedOutputFilter.doWrite(ChunkedOutputFilter.java:119)
	at org.apache.coyote.http11.AbstractOutputBuffer.doWrite(AbstractOutputBuffer.java:192)
	at org.apache.coyote.Response.doWrite(Response.java:495)
	at org.apache.catalina.connector.OutputBuffer.realWriteBytes(OutputBuffer.java:405)
	... 80 more

Feb 16, 2018 12:05:19 PM hudson.model.Run execute
INFO: simplewebapp #42 main build action completed: FAILURE
Feb 16, 2018 12:07:34 PM hudson.model.Run execute
INFO: simplewebapp #43 main build action completed: FAILURE
Feb 16, 2018 12:08:57 PM hudson.model.Run execute
INFO: simplewebapp #44 main build action completed: FAILURE
Feb 16, 2018 12:12:32 PM hudson.model.Run execute
INFO: simplewebapp #45 main build action completed: FAILURE
Feb 16, 2018 12:15:05 PM hudson.model.Run execute
INFO: simplewebapp #46 main build action completed: FAILURE
Feb 16, 2018 12:15:17 PM hudson.model.Run execute
INFO: simplewebapp #47 main build action completed: FAILURE
Feb 16, 2018 12:16:50 PM hudson.model.Run execute
INFO: simplewebapp #48 main build action completed: FAILURE
Feb 16, 2018 12:19:25 PM hudson.remoting.SynchronousCommandTransport$ReaderThread run
SEVERE: I/O error in channel slave1
java.io.IOException: Unexpected termination of the channel
	at hudson.remoting.SynchronousCommandTransport$ReaderThread.run(SynchronousCommandTransport.java:77)
Caused by: java.io.EOFException
	at java.io.ObjectInputStream$PeekInputStream.readFully(ObjectInputStream.java:2671)
	at java.io.ObjectInputStream$BlockDataInputStream.readShort(ObjectInputStream.java:3146)
	at java.io.ObjectInputStream.readStreamHeader(ObjectInputStream.java:858)
	at java.io.ObjectInputStream.<init>(ObjectInputStream.java:354)
	at hudson.remoting.ObjectInputStreamEx.<init>(ObjectInputStreamEx.java:48)
	at hudson.remoting.AbstractSynchronousByteArrayCommandTransport.read(AbstractSynchronousByteArrayCommandTransport.java:35)
	at hudson.remoting.SynchronousCommandTransport$ReaderThread.run(SynchronousCommandTransport.java:63)

Feb 16, 2018 12:20:22 PM hudson.slaves.SlaveComputer tryReconnect
INFO: Attempting to reconnect slave1
Feb 16, 2018 12:22:22 PM hudson.slaves.SlaveComputer tryReconnect
INFO: Attempting to reconnect slave1
Feb 16, 2018 12:24:22 PM hudson.slaves.SlaveComputer tryReconnect
INFO: Attempting to reconnect slave1
Feb 16, 2018 12:26:22 PM hudson.slaves.SlaveComputer tryReconnect
INFO: Attempting to reconnect slave1
Feb 16, 2018 12:28:22 PM hudson.slaves.SlaveComputer tryReconnect
INFO: Attempting to reconnect slave1
Feb 16, 2018 12:28:57 PM hudson.model.Run execute
INFO: simplewebapp #49 main build action completed: FAILURE
Feb 16, 2018 12:32:02 PM hudson.model.Run execute
INFO: simplewebapp #50 main build action completed: FAILURE
Feb 16, 2018 12:33:38 PM hudson.model.Run execute
INFO: simplewebapp #51 main build action completed: FAILURE
Feb 16, 2018 12:35:55 PM hudson.model.Run execute
INFO: simplewebapp #52 main build action completed: FAILURE
Feb 16, 2018 12:38:08 PM hudson.model.Run execute
INFO: simplewebapp #53 main build action completed: FAILURE
Feb 16, 2018 12:39:42 PM hudson.model.Run execute
INFO: simplewebapp #54 main build action completed: FAILURE
Feb 16, 2018 12:56:57 PM hudson.model.Run execute
INFO: simplewebapp #55 main build action completed: FAILURE
Feb 16, 2018 1:51:04 PM hudson.model.Run execute
INFO: simplewebapp #56 main build action completed: FAILURE
Feb 16, 2018 2:01:48 PM hudson.model.Run execute
INFO: simplewebapp #57 main build action completed: SUCCESS
Feb 16, 2018 2:02:37 PM hudson.model.Run execute
INFO: simplewebapp #58 main build action completed: SUCCESS
Feb 16, 2018 2:06:02 PM hudson.model.Run execute
INFO: simplewebapp #59 main build action completed: SUCCESS
Feb 16, 2018 2:07:22 PM hudson.remoting.SynchronousCommandTransport$ReaderThread run
SEVERE: I/O error in channel slave1
java.io.IOException: Unexpected termination of the channel
	at hudson.remoting.SynchronousCommandTransport$ReaderThread.run(SynchronousCommandTransport.java:77)
Caused by: java.io.EOFException
	at java.io.ObjectInputStream$PeekInputStream.readFully(ObjectInputStream.java:2671)
	at java.io.ObjectInputStream$BlockDataInputStream.readShort(ObjectInputStream.java:3146)
	at java.io.ObjectInputStream.readStreamHeader(ObjectInputStream.java:858)
	at java.io.ObjectInputStream.<init>(ObjectInputStream.java:354)
	at hudson.remoting.ObjectInputStreamEx.<init>(ObjectInputStreamEx.java:48)
	at hudson.remoting.AbstractSynchronousByteArrayCommandTransport.read(AbstractSynchronousByteArrayCommandTransport.java:35)
	at hudson.remoting.SynchronousCommandTransport$ReaderThread.run(SynchronousCommandTransport.java:63)

Feb 16, 2018 2:08:22 PM hudson.slaves.SlaveComputer tryReconnect
INFO: Attempting to reconnect slave1
Feb 16, 2018 2:10:22 PM hudson.slaves.SlaveComputer tryReconnect
INFO: Attempting to reconnect slave1
Feb 16, 2018 2:12:22 PM hudson.slaves.SlaveComputer tryReconnect
INFO: Attempting to reconnect slave1
Feb 16, 2018 2:14:22 PM hudson.slaves.SlaveComputer tryReconnect
INFO: Attempting to reconnect slave1
Feb 16, 2018 2:16:22 PM hudson.slaves.SlaveComputer tryReconnect
INFO: Attempting to reconnect slave1
Feb 16, 2018 2:30:22 PM hudson.slaves.SlaveComputer tryReconnect
INFO: Attempting to reconnect slave1
Feb 16, 2018 2:54:22 PM hudson.slaves.SlaveComputer tryReconnect
INFO: Attempting to reconnect slave1
Feb 16, 2018 3:18:22 PM hudson.slaves.SlaveComputer tryReconnect
INFO: Attempting to reconnect slave1
Feb 16, 2018 3:42:22 PM hudson.slaves.SlaveComputer tryReconnect
INFO: Attempting to reconnect slave1
Feb 16, 2018 4:06:22 PM hudson.slaves.SlaveComputer tryReconnect
INFO: Attempting to reconnect slave1
Feb 16, 2018 4:30:22 PM hudson.slaves.SlaveComputer tryReconnect
INFO: Attempting to reconnect slave1
Feb 16, 2018 4:54:22 PM hudson.slaves.SlaveComputer tryReconnect
INFO: Attempting to reconnect slave1
                                                                                                                                                                                                                                                                                                                                               