Feb 21, 2018 10:46:48 AM org.apache.catalina.startup.VersionLoggerListener log
INFO: Server version:        Apache Tomcat/7.0.84
Feb 21, 2018 10:46:48 AM org.apache.catalina.startup.VersionLoggerListener log
INFO: Server built:          Jan 19 2018 15:01:35 UTC
Feb 21, 2018 10:46:48 AM org.apache.catalina.startup.VersionLoggerListener log
INFO: Server number:         7.0.84.0
Feb 21, 2018 10:46:48 AM org.apache.catalina.startup.VersionLoggerListener log
INFO: OS Name:               Linux
Feb 21, 2018 10:46:48 AM org.apache.catalina.startup.VersionLoggerListener log
INFO: OS Version:            4.13.0-32-generic
Feb 21, 2018 10:46:48 AM org.apache.catalina.startup.VersionLoggerListener log
INFO: Architecture:          amd64
Feb 21, 2018 10:46:48 AM org.apache.catalina.startup.VersionLoggerListener log
INFO: Java Home:             /home/gamut/softwares/jdk1.8.0_161/jre
Feb 21, 2018 10:46:48 AM org.apache.catalina.startup.VersionLoggerListener log
INFO: JVM Version:           1.8.0_161-b12
Feb 21, 2018 10:46:48 AM org.apache.catalina.startup.VersionLoggerListener log
INFO: JVM Vendor:            Oracle Corporation
Feb 21, 2018 10:46:48 AM org.apache.catalina.startup.VersionLoggerListener log
INFO: CATALINA_BASE:         /home/gamut/softwares/apache-tomcat-7.0.84
Feb 21, 2018 10:46:48 AM org.apache.catalina.startup.VersionLoggerListener log
INFO: CATALINA_HOME:         /home/gamut/softwares/apache-tomcat-7.0.84
Feb 21, 2018 10:46:48 AM org.apache.catalina.startup.VersionLoggerListener log
INFO: Command line argument: -Djava.util.logging.config.file=/home/gamut/softwares/apache-tomcat-7.0.84/conf/logging.properties
Feb 21, 2018 10:46:48 AM org.apache.catalina.startup.VersionLoggerListener log
INFO: Command line argument: -Djava.util.logging.manager=org.apache.juli.ClassLoaderLogManager
Feb 21, 2018 10:46:48 AM org.apache.catalina.startup.VersionLoggerListener log
INFO: Command line argument: -Djdk.tls.ephemeralDHKeySize=2048
Feb 21, 2018 10:46:48 AM org.apache.catalina.startup.VersionLoggerListener log
INFO: Command line argument: -Dignore.endorsed.dirs=
Feb 21, 2018 10:46:48 AM org.apache.catalina.startup.VersionLoggerListener log
INFO: Command line argument: -Dcatalina.base=/home/gamut/softwares/apache-tomcat-7.0.84
Feb 21, 2018 10:46:48 AM org.apache.catalina.startup.VersionLoggerListener log
INFO: Command line argument: -Dcatalina.home=/home/gamut/softwares/apache-tomcat-7.0.84
Feb 21, 2018 10:46:48 AM org.apache.catalina.startup.VersionLoggerListener log
INFO: Command line argument: -Djava.io.tmpdir=/home/gamut/softwares/apache-tomcat-7.0.84/temp
Feb 21, 2018 10:46:48 AM org.apache.catalina.core.AprLifecycleListener lifecycleEvent
INFO: The APR based Apache Tomcat Native library which allows optimal performance in production environments was not found on the java.library.path: /usr/java/packages/lib/amd64:/usr/lib64:/lib64:/lib:/usr/lib
Feb 21, 2018 10:46:49 AM org.apache.coyote.AbstractProtocol init
INFO: Initializing ProtocolHandler ["http-bio-8080"]
Feb 21, 2018 10:46:49 AM org.apache.coyote.AbstractProtocol init
INFO: Initializing ProtocolHandler ["ajp-bio-8009"]
Feb 21, 2018 10:46:49 AM org.apache.catalina.startup.Catalina load
INFO: Initialization processed in 5159 ms
Feb 21, 2018 10:46:49 AM org.apache.catalina.core.StandardService startInternal
INFO: Starting service Catalina
Feb 21, 2018 10:46:49 AM org.apache.catalina.core.StandardEngine startInternal
INFO: Starting Servlet Engine: Apache Tomcat/7.0.84
Feb 21, 2018 10:46:50 AM org.apache.catalina.startup.HostConfig deployWAR
INFO: Deploying web application archive /home/gamut/softwares/apache-tomcat-7.0.84/webapps/jenkins.war
Feb 21, 2018 10:46:56 AM org.apache.catalina.deploy.WebXml setVersion
WARNING: Unknown version string [3.1]. Default version will be used.
Feb 21, 2018 10:47:18 AM org.apache.catalina.startup.ContextConfig validateSecurityRoles
WARNING: Security role name ** used in an <auth-constraint> without being defined in a <security-role>
Feb 21, 2018 10:47:19 AM org.apache.catalina.startup.TldConfig execute
INFO: At least one JAR was scanned for TLDs yet contained no TLDs. Enable debug logging for this logger for a complete list of JARs that were scanned but no TLDs were found in them. Skipping unneeded JARs during scanning can improve startup time and JSP compilation time.
Feb 21, 2018 10:47:27 AM org.apache.catalina.util.SessionIdGeneratorBase createSecureRandom
WARNING: Creation of SecureRandom instance for session ID generation using [SHA1PRNG] took [256] milliseconds.
Feb 21, 2018 10:47:28 AM org.apache.catalina.startup.HostConfig deployWAR
INFO: Deployment of web application archive /home/gamut/softwares/apache-tomcat-7.0.84/webapps/jenkins.war has finished in 38,162 ms
Feb 21, 2018 10:47:28 AM org.apache.catalina.startup.HostConfig deployWAR
INFO: Deploying web application archive /home/gamut/softwares/apache-tomcat-7.0.84/webapps/simple-web-app.war
Feb 21, 2018 10:47:30 AM jenkins.InitReactorRunner$1 onAttained
INFO: Started initialization
Feb 21, 2018 10:47:56 AM jenkins.InitReactorRunner$1 onAttained
INFO: Listed all plugins
Feb 21, 2018 10:48:03 AM org.apache.catalina.startup.TldConfig execute
INFO: At least one JAR was scanned for TLDs yet contained no TLDs. Enable debug logging for this logger for a complete list of JARs that were scanned but no TLDs were found in them. Skipping unneeded JARs during scanning can improve startup time and JSP compilation time.
Feb 21, 2018 10:48:17 AM jenkins.InitReactorRunner$1 onAttained
INFO: Prepared all plugins
Feb 21, 2018 10:48:17 AM jenkins.InitReactorRunner$1 onAttained
INFO: Started all plugins
Feb 21, 2018 10:48:21 AM org.apache.catalina.startup.HostConfig deployWAR
INFO: Deployment of web application archive /home/gamut/softwares/apache-tomcat-7.0.84/webapps/simple-web-app.war has finished in 52,509 ms
Feb 21, 2018 10:48:22 AM org.apache.catalina.startup.HostConfig deployDirectory
INFO: Deploying web application directory /home/gamut/softwares/apache-tomcat-7.0.84/webapps/docs
Feb 21, 2018 10:48:24 AM org.apache.catalina.startup.HostConfig deployDirectory
INFO: Deployment of web application directory /home/gamut/softwares/apache-tomcat-7.0.84/webapps/docs has finished in 2,656 ms
Feb 21, 2018 10:48:24 AM org.apache.catalina.startup.HostConfig deployDirectory
INFO: Deploying web application directory /home/gamut/softwares/apache-tomcat-7.0.84/webapps/host-manager
Feb 21, 2018 10:48:25 AM org.apache.catalina.startup.HostConfig deployDirectory
INFO: Deployment of web application directory /home/gamut/softwares/apache-tomcat-7.0.84/webapps/host-manager has finished in 588 ms
Feb 21, 2018 10:48:25 AM org.apache.catalina.startup.HostConfig deployDirectory
INFO: Deploying web application directory /home/gamut/softwares/apache-tomcat-7.0.84/webapps/examples
Feb 21, 2018 10:48:32 AM org.apache.catalina.startup.HostConfig deployDirectory
INFO: Deployment of web application directory /home/gamut/softwares/apache-tomcat-7.0.84/webapps/examples has finished in 6,992 ms
Feb 21, 2018 10:48:32 AM org.apache.catalina.startup.HostConfig deployDirectory
INFO: Deploying web application directory /home/gamut/softwares/apache-tomcat-7.0.84/webapps/manager
Feb 21, 2018 10:48:32 AM org.apache.catalina.startup.HostConfig deployDirectory
INFO: Deployment of web application directory /home/gamut/softwares/apache-tomcat-7.0.84/webapps/manager has finished in 407 ms
Feb 21, 2018 10:48:32 AM org.apache.catalina.startup.HostConfig deployDirectory
INFO: Deploying web application directory /home/gamut/softwares/apache-tomcat-7.0.84/webapps/ROOT
Feb 21, 2018 10:48:33 AM org.apache.catalina.startup.HostConfig deployDirectory
INFO: Deployment of web application directory /home/gamut/softwares/apache-tomcat-7.0.84/webapps/ROOT has finished in 156 ms
Feb 21, 2018 10:48:33 AM org.apache.coyote.AbstractProtocol start
INFO: Starting ProtocolHandler ["http-bio-8080"]
Feb 21, 2018 10:48:33 AM org.apache.coyote.AbstractProtocol start
INFO: Starting ProtocolHandler ["ajp-bio-8009"]
Feb 21, 2018 10:48:33 AM org.apache.catalina.startup.Catalina start
INFO: Server startup in 103825 ms
Feb 21, 2018 10:48:33 AM hudson.ExtensionFinder$GuiceFinder$FaultTolerantScope$1 error
INFO: Failed to instantiate optional component hudson.plugins.build_timeout.operations.AbortAndRestartOperation$DescriptorImpl; skipping
Feb 21, 2018 10:48:45 AM jenkins.InitReactorRunner$1 onAttained
INFO: Augmented all extensions
Feb 21, 2018 10:48:54 AM hudson.slaves.SlaveComputer tryReconnect
INFO: Attempting to reconnect slave1
Feb 21, 2018 10:49:06 AM jenkins.InitReactorRunner$1 onAttained
INFO: Loaded all jobs
Feb 21, 2018 10:49:13 AM hudson.model.AsyncPeriodicWork$1 run
INFO: Started Download metadata
Feb 21, 2018 10:49:15 AM hudson.model.AsyncPeriodicWork$1 run
INFO: Finished Download metadata. 1,721 ms
Feb 21, 2018 10:49:23 AM hudson.slaves.SlaveComputer tryReconnect
INFO: Attempting to reconnect slave1
Feb 21, 2018 10:49:33 AM org.springframework.context.support.AbstractApplicationContext prepareRefresh
INFO: Refreshing org.springframework.web.context.support.StaticWebApplicationContext@125731dd: display name [Root WebApplicationContext]; startup date [Wed Feb 21 10:49:33 IST 2018]; root of context hierarchy
Feb 21, 2018 10:49:33 AM org.springframework.context.support.AbstractApplicationContext obtainFreshBeanFactory
INFO: Bean factory for application context [org.springframework.web.context.support.StaticWebApplicationContext@125731dd]: org.springframework.beans.factory.support.DefaultListableBeanFactory@6dd5469b
Feb 21, 2018 10:49:34 AM org.springframework.beans.factory.support.DefaultListableBeanFactory preInstantiateSingletons
INFO: Pre-instantiating singletons in org.springframework.beans.factory.support.DefaultListableBeanFactory@6dd5469b: defining beans [authenticationManager]; root of factory hierarchy
Feb 21, 2018 10:49:36 AM org.springframework.context.support.AbstractApplicationContext prepareRefresh
INFO: Refreshing org.springframework.web.context.support.StaticWebApplicationContext@3d36ba0e: display name [Root WebApplicationContext]; startup date [Wed Feb 21 10:49:36 IST 2018]; root of context hierarchy
Feb 21, 2018 10:49:36 AM org.springframework.context.support.AbstractApplicationContext obtainFreshBeanFactory
INFO: Bean factory for application context [org.springframework.web.context.support.StaticWebApplicationContext@3d36ba0e]: org.springframework.beans.factory.support.DefaultListableBeanFactory@2b9c6cc4
Feb 21, 2018 10:49:36 AM org.springframework.beans.factory.support.DefaultListableBeanFactory preInstantiateSingletons
INFO: Pre-instantiating singletons in org.springframework.beans.factory.support.DefaultListableBeanFactory@2b9c6cc4: defining beans [filter,legacy]; root of factory hierarchy
Feb 21, 2018 10:49:37 AM jenkins.InitReactorRunner$1 onAttained
INFO: Completed initialization
Feb 21, 2018 10:49:38 AM hudson.slaves.SlaveComputer tryReconnect
INFO: Attempting to reconnect slave1
Feb 21, 2018 10:49:40 AM hudson.WebAppMain$3 run
INFO: Jenkins is fully up and running
Feb 21, 2018 10:51:22 AM hudson.slaves.SlaveComputer tryReconnect
INFO: Attempting to reconnect slave1
Feb 21, 2018 10:53:22 AM hudson.slaves.SlaveComputer tryReconnect
INFO: Attempting to reconnect slave1
Feb 21, 2018 11:07:22 AM hudson.slaves.SlaveComputer tryReconnect
INFO: Attempting to reconnect slave1
Feb 21, 2018 11:22:00 AM org.apache.catalina.startup.VersionLoggerListener log
INFO: Server version:        Apache Tomcat/7.0.84
Feb 21, 2018 11:22:01 AM org.apache.catalina.startup.VersionLoggerListener log
INFO: Server built:          Jan 19 2018 15:01:35 UTC
Feb 21, 2018 11:22:01 AM org.apache.catalina.startup.VersionLoggerListener log
INFO: Server number:         7.0.84.0
Feb 21, 2018 11:22:01 AM org.apache.catalina.startup.VersionLoggerListener log
INFO: OS Name:               Linux
Feb 21, 2018 11:22:01 AM org.apache.catalina.startup.VersionLoggerListener log
INFO: OS Version:            4.13.0-32-generic
Feb 21, 2018 11:22:01 AM org.apache.catalina.startup.VersionLoggerListener log
INFO: Architecture:          amd64
Feb 21, 2018 11:22:01 AM org.apache.catalina.startup.VersionLoggerListener log
INFO: Java Home:             /home/gamut/softwares/jdk1.8.0_161/jre
Feb 21, 2018 11:22:01 AM org.apache.catalina.startup.VersionLoggerListener log
INFO: JVM Version:           1.8.0_161-b12
Feb 21, 2018 11:22:01 AM org.apache.catalina.startup.VersionLoggerListener log
INFO: JVM Vendor:            Oracle Corporation
Feb 21, 2018 11:22:01 AM org.apache.catalina.startup.VersionLoggerListener log
INFO: CATALINA_BASE:         /home/gamut/softwares/apache-tomcat-7.0.84
Feb 21, 2018 11:22:01 AM org.apache.catalina.startup.VersionLoggerListener log
INFO: CATALINA_HOME:         /home/gamut/softwares/apache-tomcat-7.0.84
Feb 21, 2018 11:22:01 AM org.apache.catalina.startup.VersionLoggerListener log
INFO: Command line argument: -Djava.util.logging.config.file=/home/gamut/softwares/apache-tomcat-7.0.84/conf/logging.properties
Feb 21, 2018 11:22:01 AM org.apache.catalina.startup.VersionLoggerListener log
INFO: Command line argument: -Djava.util.logging.manager=org.apache.juli.ClassLoaderLogManager
Feb 21, 2018 11:22:01 AM org.apache.catalina.startup.VersionLoggerListener log
INFO: Command line argument: -Djdk.tls.ephemeralDHKeySize=2048
Feb 21, 2018 11:22:01 AM org.apache.catalina.startup.VersionLoggerListener log
INFO: Command line argument: -Dignore.endorsed.dirs=
Feb 21, 2018 11:22:01 AM org.apache.catalina.startup.VersionLoggerListener log
INFO: Command line argument: -Dcatalina.base=/home/gamut/softwares/apache-tomcat-7.0.84
Feb 21, 2018 11:22:01 AM org.apache.catalina.startup.VersionLoggerListener log
INFO: Command line argument: -Dcatalina.home=/home/gamut/softwares/apache-tomcat-7.0.84
Feb 21, 2018 11:22:01 AM org.apache.catalina.startup.VersionLoggerListener log
INFO: Command line argument: -Djava.io.tmpdir=/home/gamut/softwares/apache-tomcat-7.0.84/temp
Feb 21, 2018 11:22:01 AM org.apache.catalina.core.AprLifecycleListener lifecycleEvent
INFO: The APR based Apache Tomcat Native library which allows optimal performance in production environments was not found on the java.library.path: /usr/java/packages/lib/amd64:/usr/lib64:/lib64:/lib:/usr/lib
Feb 21, 2018 11:22:01 AM org.apache.coyote.AbstractProtocol init
INFO: Initializing ProtocolHandler ["http-bio-8080"]
Feb 21, 2018 11:22:02 AM org.apache.coyote.AbstractProtocol init
INFO: Initializing ProtocolHandler ["ajp-bio-8009"]
Feb 21, 2018 11:22:02 AM org.apache.catalina.startup.Catalina load
INFO: Initialization processed in 3105 ms
Feb 21, 2018 11:22:02 AM org.apache.catalina.core.StandardService startInternal
INFO: Starting service Catalina
Feb 21, 2018 11:22:02 AM org.apache.catalina.core.StandardEngine startInternal
INFO: Starting Servlet Engine: Apache Tomcat/7.0.84
Feb 21, 2018 11:22:02 AM org.apache.catalina.startup.HostConfig deployWAR
INFO: Deploying web application archive /home/gamut/softwares/apache-tomcat-7.0.84/webapps/jenkins.war
Feb 21, 2018 11:22:04 AM org.apache.catalina.deploy.WebXml setVersion
WARNING: Unknown version string [3.1]. Default version will be used.
Feb 21, 2018 11:22:16 AM org.apache.catalina.startup.ContextConfig validateSecurityRoles
WARNING: Security role name ** used in an <auth-constraint> without being defined in a <security-role>
Feb 21, 2018 11:22:17 AM org.apache.catalina.startup.TldConfig execute
INFO: At least one JAR was scanned for TLDs yet contained no TLDs. Enable debug logging for this logger for a complete list of JARs that were scanned but no TLDs were found in them. Skipping unneeded JARs during scanning can improve startup time and JSP compilation time.
Feb 21, 2018 11:22:26 AM org.apache.catalina.util.SessionIdGeneratorBase createSecureRandom
WARNING: Creation of SecureRandom instance for session ID generation using [SHA1PRNG] took [295] milliseconds.
Feb 21, 2018 11:22:27 AM org.apache.catalina.startup.HostConfig deployWAR
INFO: Deployment of web application archive /home/gamut/softwares/apache-tomcat-7.0.84/webapps/jenkins.war has finished in 25,108 ms
Feb 21, 2018 11:22:27 AM org.apache.catalina.startup.HostConfig deployWAR
INFO: Deploying web application archive /home/gamut/softwares/apache-tomcat-7.0.84/webapps/simple-web-app.war
Feb 21, 2018 11:22:34 AM jenkins.InitReactorRunner$1 onAttained
INFO: Started initialization
Feb 21, 2018 11:23:08 AM jenkins.InitReactorRunner$1 onAttained
INFO: Listed all plugins
Feb 21, 2018 11:23:16 AM org.apache.catalina.startup.TldConfig execute
INFO: At least one JAR was scanned for TLDs yet contained no TLDs. Enable debug logging for this logger for a complete list of JARs that were scanned but no TLDs were found in them. Skipping unneeded JARs during scanning can improve startup time and JSP compilation time.
Feb 21, 2018 11:24:49 AM org.apache.catalina.startup.HostConfig deployWAR
INFO: Deployment of web application archive /home/gamut/softwares/apache-tomcat-7.0.84/webapps/simple-web-app.war has finished in 142,308 ms
Feb 21, 2018 11:24:52 AM org.apache.catalina.startup.HostConfig deployDirectory
INFO: Deploying web application directory /home/gamut/softwares/apache-tomcat-7.0.84/webapps/docs
Feb 21, 2018 11:24:55 AM org.apache.catalina.startup.HostConfig deployDirectory
INFO: Deployment of web application directory /home/gamut/softwares/apache-tomcat-7.0.84/webapps/docs has finished in 2,889 ms
Feb 21, 2018 11:24:55 AM org.apache.catalina.startup.HostConfig deployDirectory
INFO: Deploying web application directory /home/gamut/softwares/apache-tomcat-7.0.84/webapps/host-manager
Feb 21, 2018 11:24:56 AM org.apache.catalina.startup.HostConfig deployDirectory
INFO: Deployment of web application directory /home/gamut/softwares/apache-tomcat-7.0.84/webapps/host-manager has finished in 911 ms
Feb 21, 2018 11:24:56 AM org.apache.catalina.startup.HostConfig deployDirectory
INFO: Deploying web application directory /home/gamut/softwares/apache-tomcat-7.0.84/webapps/examples
Feb 21, 2018 11:24:58 AM org.apache.catalina.startup.HostConfig deployDirectory
INFO: Deployment of web application directory /home/gamut/softwares/apache-tomcat-7.0.84/webapps/examples has finished in 2,460 ms
Feb 21, 2018 11:24:58 AM org.apache.catalina.startup.HostConfig deployDirectory
INFO: Deploying web application directory /home/gamut/softwares/apache-tomcat-7.0.84/webapps/manager
Feb 21, 2018 11:24:58 AM org.apache.catalina.startup.HostConfig deployDirectory
INFO: Deployment of web application directory /home/gamut/softwares/apache-tomcat-7.0.84/webapps/manager has finished in 184 ms
Feb 21, 2018 11:24:58 AM org.apache.catalina.startup.HostConfig deployDirectory
INFO: Deploying web application directory /home/gamut/softwares/apache-tomcat-7.0.84/webapps/ROOT
Feb 21, 2018 11:24:58 AM org.apache.catalina.startup.HostConfig deployDirectory
INFO: Deployment of web application directory /home/gamut/softwares/apache-tomcat-7.0.84/webapps/ROOT has finished in 148 ms
Feb 21, 2018 11:24:59 AM org.apache.coyote.AbstractProtocol start
INFO: Starting ProtocolHandler ["http-bio-8080"]
Feb 21, 2018 11:24:59 AM org.apache.coyote.AbstractProtocol start
INFO: Starting ProtocolHandler ["ajp-bio-8009"]
Feb 21, 2018 11:24:59 AM org.apache.catalina.startup.Catalina start
INFO: Server startup in 177651 ms
Feb 21, 2018 11:25:25 AM jenkins.InitReactorRunner$1 onAttained
INFO: Prepared all plugins
Feb 21, 2018 11:25:25 AM jenkins.InitReactorRunner$1 onAttained
INFO: Started all plugins
Feb 21, 2018 11:25:37 AM hudson.ExtensionFinder$GuiceFinder$FaultTolerantScope$1 error
INFO: Failed to instantiate optional component hudson.plugins.build_timeout.operations.AbortAndRestartOperation$DescriptorImpl; skipping
Feb 21, 2018 11:25:39 AM jenkins.InitReactorRunner$1 onAttained
INFO: Augmented all extensions
Feb 21, 2018 11:25:40 AM hudson.slaves.SlaveComputer tryReconnect
INFO: Attempting to reconnect slave1
Feb 21, 2018 11:25:41 AM jenkins.InitReactorRunner$1 onAttained
INFO: Loaded all jobs
Feb 21, 2018 11:25:41 AM hudson.model.AsyncPeriodicWork$1 run
INFO: Started Download metadata
Feb 21, 2018 11:25:41 AM hudson.model.AsyncPeriodicWork$1 run
INFO: Finished Download metadata. 78 ms
Feb 21, 2018 11:25:43 AM org.springframework.context.support.AbstractApplicationContext prepareRefresh
INFO: Refreshing org.springframework.web.context.support.StaticWebApplicationContext@1bcef8b4: display name [Root WebApplicationContext]; startup date [Wed Feb 21 11:25:43 IST 2018]; root of context hierarchy
Feb 21, 2018 11:25:43 AM org.springframework.context.support.AbstractApplicationContext obtainFreshBeanFactory
INFO: Bean factory for application context [org.springframework.web.context.support.StaticWebApplicationContext@1bcef8b4]: org.springframework.beans.factory.support.DefaultListableBeanFactory@5b3d48af
Feb 21, 2018 11:25:43 AM org.springframework.beans.factory.support.DefaultListableBeanFactory preInstantiateSingletons
INFO: Pre-instantiating singletons in org.springframework.beans.factory.support.DefaultListableBeanFactory@5b3d48af: defining beans [authenticationManager]; root of factory hierarchy
Feb 21, 2018 11:25:44 AM org.springframework.context.support.AbstractApplicationContext prepareRefresh
INFO: Refreshing org.springframework.web.context.support.StaticWebApplicationContext@5645c79b: display name [Root WebApplicationContext]; startup date [Wed Feb 21 11:25:44 IST 2018]; root of context hierarchy
Feb 21, 2018 11:25:44 AM org.springframework.context.support.AbstractApplicationContext obtainFreshBeanFactory
INFO: Bean factory for application context [org.springframework.web.context.support.StaticWebApplicationContext@5645c79b]: org.springframework.beans.factory.support.DefaultListableBeanFactory@4c34972e
Feb 21, 2018 11:25:44 AM org.springframework.beans.factory.support.DefaultListableBeanFactory preInstantiateSingletons
INFO: Pre-instantiating singletons in org.springframework.beans.factory.support.DefaultListableBeanFactory@4c34972e: defining beans [filter,legacy]; root of factory hierarchy
Feb 21, 2018 11:25:44 AM jenkins.InitReactorRunner$1 onAttained
INFO: Completed initialization
Feb 21, 2018 11:25:45 AM hudson.slaves.SlaveComputer tryReconnect
INFO: Attempting to reconnect slave1
Feb 21, 2018 11:25:45 AM hudson.WebAppMain$3 run
INFO: Jenkins is fully up and running
Feb 21, 2018 11:26:02 AM hudson.slaves.SlaveComputer tryReconnect
INFO: Attempting to reconnect slave1
Feb 21, 2018 11:28:02 AM hudson.slaves.SlaveComputer tryReconnect
INFO: Attempting to reconnect slave1
Feb 21, 2018 11:30:02 AM hudson.slaves.SlaveComputer tryReconnect
INFO: Attempting to reconnect slave1
Feb 21, 2018 3:04:20 PM org.apache.catalina.startup.VersionLoggerListener log
INFO: Server version:        Apache Tomcat/7.0.84
Feb 21, 2018 3:04:20 PM org.apache.catalina.startup.VersionLoggerListener log
INFO: Server built:          Jan 19 2018 15:01:35 UTC
Feb 21, 2018 3:04:20 PM org.apache.catalina.startup.VersionLoggerListener log
INFO: Server number:         7.0.84.0
Feb 21, 2018 3:04:20 PM org.apache.catalina.startup.VersionLoggerListener log
INFO: OS Name:               Linux
Feb 21, 2018 3:04:20 PM org.apache.catalina.startup.VersionLoggerListener log
INFO: OS Version:            4.13.0-32-generic
Feb 21, 2018 3:04:20 PM org.apache.catalina.startup.VersionLoggerListener log
INFO: Architecture:          amd64
Feb 21, 2018 3:04:20 PM org.apache.catalina.startup.VersionLoggerListener log
INFO: Java Home:             /home/gamut/softwares/jdk1.8.0_161/jre
Feb 21, 2018 3:04:20 PM org.apache.catalina.startup.VersionLoggerListener log
INFO: JVM Version:           1.8.0_161-b12
Feb 21, 2018 3:04:20 PM org.apache.catalina.startup.VersionLoggerListener log
INFO: JVM Vendor:            Oracle Corporation
Feb 21, 2018 3:04:20 PM org.apache.catalina.startup.VersionLoggerListener log
INFO: CATALINA_BASE:         /home/gamut/softwares/apache-tomcat-7.0.84
Feb 21, 2018 3:04:20 PM org.apache.catalina.startup.VersionLoggerListener log
INFO: CATALINA_HOME:         /home/gamut/softwares/apache-tomcat-7.0.84
Feb 21, 2018 3:04:20 PM org.apache.catalina.startup.VersionLoggerListener log
INFO: Command line argument: -Djava.util.logging.config.file=/home/gamut/softwares/apache-tomcat-7.0.84/conf/logging.properties
Feb 21, 2018 3:04:20 PM org.apache.catalina.startup.VersionLoggerListener log
INFO: Command line argument: -Djava.util.logging.manager=org.apache.juli.ClassLoaderLogManager
Feb 21, 2018 3:04:20 PM org.apache.catalina.startup.VersionLoggerListener log
INFO: Command line argument: -Djdk.tls.ephemeralDHKeySize=2048
Feb 21, 2018 3:04:20 PM org.apache.catalina.startup.VersionLoggerListener log
INFO: Command line argument: -Dignore.endorsed.dirs=
Feb 21, 2018 3:04:20 PM org.apache.catalina.startup.VersionLoggerListener log
INFO: Command line argument: -Dcatalina.base=/home/gamut/softwares/apache-tomcat-7.0.84
Feb 21, 2018 3:04:20 PM org.apache.catalina.startup.VersionLoggerListener log
INFO: Command line argument: -Dcatalina.home=/home/gamut/softwares/apache-tomcat-7.0.84
Feb 21, 2018 3:04:20 PM org.apache.catalina.startup.VersionLoggerListener log
INFO: Command line argument: -Djava.io.tmpdir=/home/gamut/softwares/apache-tomcat-7.0.84/temp
Feb 21, 2018 3:04:20 PM org.apache.catalina.core.AprLifecycleListener lifecycleEvent
INFO: The APR based Apache Tomcat Native library which allows optimal performance in production environments was not found on the java.library.path: /usr/java/packages/lib/amd64:/usr/lib64:/lib64:/lib:/usr/lib
Feb 21, 2018 3:04:21 PM org.apache.coyote.AbstractProtocol init
INFO: Initializing ProtocolHandler ["http-bio-8080"]
Feb 21, 2018 3:04:21 PM org.apache.coyote.AbstractProtocol init
INFO: Initializing ProtocolHandler ["ajp-bio-8009"]
Feb 21, 2018 3:04:21 PM org.apache.catalina.startup.Catalina load
INFO: Initialization processed in 4093 ms
Feb 21, 2018 3:04:21 PM org.apache.catalina.core.StandardService startInternal
INFO: Starting service Catalina
Feb 21, 2018 3:04:21 PM org.apache.catalina.core.StandardEngine startInternal
INFO: Starting Servlet Engine: Apache Tomcat/7.0.84
Feb 21, 2018 3:04:21 PM org.apache.catalina.startup.HostConfig deployWAR
INFO: Deploying web application archive /home/gamut/softwares/apache-tomcat-7.0.84/webapps/jenkins.war
Feb 21, 2018 3:04:24 PM org.apache.catalina.deploy.WebXml setVersion
WARNING: Unknown version string [3.1]. Default version will be used.
Feb 21, 2018 3:05:58 PM org.apache.catalina.startup.ContextConfig validateSecurityRoles
WARNING: Security role name ** used in an <auth-constraint> without being defined in a <security-role>
Feb 21, 2018 3:06:00 PM org.apache.catalina.startup.TldConfig execute
INFO: At least one JAR was scanned for TLDs yet contained no TLDs. Enable debug logging for this logger for a complete list of JARs that were scanned but no TLDs were found in them. Skipping unneeded JARs during scanning can improve startup time and JSP compilation time.
Feb 21, 2018 3:06:07 PM org.apache.catalina.startup.HostConfig deployWAR
INFO: Deployment of web application archive /home/gamut/softwares/apache-tomcat-7.0.84/webapps/jenkins.war has finished in 105,476 ms
Feb 21, 2018 3:06:07 PM org.apache.catalina.startup.HostConfig deployWAR
INFO: Deploying web application archive /home/gamut/softwares/apache-tomcat-7.0.84/webapps/simple-web-app.war
Feb 21, 2018 3:06:21 PM jenkins.InitReactorRunner$1 onAttained
INFO: Started initialization
Feb 21, 2018 3:06:31 PM org.apache.catalina.startup.TldConfig execute
INFO: At least one JAR was scanned for TLDs yet contained no TLDs. Enable debug logging for this logger for a complete list of JARs that were scanned but no TLDs were found in them. Skipping unneeded JARs during scanning can improve startup time and JSP compilation time.
Feb 21, 2018 3:06:38 PM jenkins.InitReactorRunner$1 onAttained
INFO: Listed all plugins
Feb 21, 2018 3:06:50 PM org.apache.catalina.startup.HostConfig deployWAR
INFO: Deployment of web application archive /home/gamut/softwares/apache-tomcat-7.0.84/webapps/simple-web-app.war has finished in 43,336 ms
Feb 21, 2018 3:06:50 PM org.apache.catalina.startup.HostConfig deployDirectory
INFO: Deploying web application directory /home/gamut/softwares/apache-tomcat-7.0.84/webapps/docs
Feb 21, 2018 3:06:57 PM org.apache.catalina.startup.HostConfig deployDirectory
INFO: Deployment of web application directory /home/gamut/softwares/apache-tomcat-7.0.84/webapps/docs has finished in 6,405 ms
Feb 21, 2018 3:06:57 PM org.apache.catalina.startup.HostConfig deployDirectory
INFO: Deploying web application directory /home/gamut/softwares/apache-tomcat-7.0.84/webapps/host-manager
Feb 21, 2018 3:06:58 PM org.apache.catalina.startup.HostConfig deployDirectory
INFO: Deployment of web application directory /home/gamut/softwares/apache-tomcat-7.0.84/webapps/host-manager has finished in 1,170 ms
Feb 21, 2018 3:06:58 PM org.apache.catalina.startup.HostConfig deployDirectory
INFO: Deploying web application directory /home/gamut/softwares/apache-tomcat-7.0.84/webapps/examples
Feb 21, 2018 3:07:09 PM org.apache.catalina.startup.HostConfig deployDirectory
INFO: Deployment of web application directory /home/gamut/softwares/apache-tomcat-7.0.84/webapps/examples has finished in 10,427 ms
Feb 21, 2018 3:07:09 PM org.apache.catalina.startup.HostConfig deployDirectory
INFO: Deploying web application directory /home/gamut/softwares/apache-tomcat-7.0.84/webapps/manager
Feb 21, 2018 3:07:09 PM org.apache.catalina.startup.HostConfig deployDirectory
INFO: Deployment of web application directory /home/gamut/softwares/apache-tomcat-7.0.84/webapps/manager has finished in 305 ms
Feb 21, 2018 3:07:09 PM org.apache.catalina.startup.HostConfig deployDirectory
INFO: Deploying web application directory /home/gamut/softwares/apache-tomcat-7.0.84/webapps/ROOT
Feb 21, 2018 3:07:09 PM org.apache.catalina.startup.HostConfig deployDirectory
INFO: Deployment of web application directory /home/gamut/softwares/apache-tomcat-7.0.84/webapps/ROOT has finished in 152 ms
Feb 21, 2018 3:07:09 PM org.apache.coyote.AbstractProtocol start
INFO: Starting ProtocolHandler ["http-bio-8080"]
Feb 21, 2018 3:07:10 PM org.apache.coyote.AbstractProtocol start
INFO: Starting ProtocolHandler ["ajp-bio-8009"]
Feb 21, 2018 3:07:10 PM org.apache.catalina.startup.Catalina start
INFO: Server startup in 169078 ms
Feb 21, 2018 3:07:49 PM jenkins.InitReactorRunner$1 onAttained
INFO: Prepared all plugins
Feb 21, 2018 3:07:50 PM jenkins.InitReactorRunner$1 onAttained
INFO: Started all plugins
Feb 21, 2018 3:08:00 PM hudson.ExtensionFinder$GuiceFinder$FaultTolerantScope$1 error
INFO: Failed to instantiate optional component hudson.plugins.build_timeout.operations.AbortAndRestartOperation$DescriptorImpl; skipping
Feb 21, 2018 3:08:02 PM jenkins.InitReactorRunner$1 onAttained
INFO: Augmented all extensions
Feb 21, 2018 3:08:02 PM hudson.slaves.SlaveComputer tryReconnect
INFO: Attempting to reconnect slave1
Feb 21, 2018 3:08:03 PM jenkins.InitReactorRunner$1 onAttained
INFO: Loaded all jobs
Feb 21, 2018 3:08:03 PM hudson.model.AsyncPeriodicWork$1 run
INFO: Started Download metadata
Feb 21, 2018 3:08:04 PM hudson.model.AsyncPeriodicWork$1 run
INFO: Finished Download metadata. 95 ms
Feb 21, 2018 3:08:05 PM org.springframework.context.support.AbstractApplicationContext prepareRefresh
INFO: Refreshing org.springframework.web.context.support.StaticWebApplicationContext@73180448: display name [Root WebApplicationContext]; startup date [Wed Feb 21 15:08:05 IST 2018]; root of context hierarchy
Feb 21, 2018 3:08:05 PM org.springframework.context.support.AbstractApplicationContext obtainFreshBeanFactory
INFO: Bean factory for application context [org.springframework.web.context.support.StaticWebApplicationContext@73180448]: org.springframework.beans.factory.support.DefaultListableBeanFactory@5419c9cb
Feb 21, 2018 3:08:05 PM org.springframework.beans.factory.support.DefaultListableBeanFactory preInstantiateSingletons
INFO: Pre-instantiating singletons in org.springframework.beans.factory.support.DefaultListableBeanFactory@5419c9cb: defining beans [authenticationManager]; root of factory hierarchy
Feb 21, 2018 3:08:05 PM org.springframework.context.support.AbstractApplicationContext prepareRefresh
INFO: Refreshing org.springframework.web.context.support.StaticWebApplicationContext@37ee8b15: display name [Root WebApplicationContext]; startup date [Wed Feb 21 15:08:05 IST 2018]; root of context hierarchy
Feb 21, 2018 3:08:05 PM org.springframework.context.support.AbstractApplicationContext obtainFreshBeanFactory
INFO: Bean factory for application context [org.springframework.web.context.support.StaticWebApplicationContext@37ee8b15]: org.springframework.beans.factory.support.DefaultListableBeanFactory@45db9993
Feb 21, 2018 3:08:05 PM org.springframework.beans.factory.support.DefaultListableBeanFactory preInstantiateSingletons
INFO: Pre-instantiating singletons in org.springframework.beans.factory.support.DefaultListableBeanFactory@45db9993: defining beans [filter,legacy]; root of factory hierarchy
Feb 21, 2018 3:08:05 PM jenkins.InitReactorRunner$1 onAttained
INFO: Completed initialization
Feb 21, 2018 3:08:06 PM hudson.WebAppMain$3 run
INFO: Jenkins is fully up and running
Feb 21, 2018 3:08:31 PM hudson.slaves.SlaveComputer tryReconnect
INFO: Attempting to reconnect slave1
Feb 21, 2018 3:10:31 PM hudson.slaves.SlaveComputer tryReconnect
INFO: Attempting to reconnect slave1
Feb 21, 2018 3:12:31 PM org.apache.catalina.startup.HostConfig undeploy
INFO: Undeploying context [/simple-web-app]
Feb 21, 2018 3:12:31 PM hudson.slaves.SlaveComputer tryReconnect
INFO: Attempting to reconnect slave1
Feb 21, 2018 3:14:31 PM hudson.slaves.SlaveComputer tryReconnect
INFO: Attempting to reconnect slave1
Feb 21, 2018 3:25:45 PM hudson.model.Run execute
INFO: simplewebapp #11 main build action completed: FAILURE
Feb 21, 2018 3:34:42 PM hudson.init.impl.InstallUncaughtExceptionHandler lambda$init$0
WARNING: null
javax.servlet.ServletException: org.apache.commons.jelly.JellyTagException: jar:file:/home/gamut/softwares/apache-tomcat-7.0.84/webapps/jenkins/WEB-INF/lib/jenkins-core-2.104.jar!/lib/layout/layout.jelly:277:155: <i:formatDate> java.net.SocketException: Broken pipe (Write failed)
	at org.kohsuke.stapler.jelly.JellyFacet$1.dispatch(JellyFacet.java:105)
	at org.kohsuke.stapler.Stapler.tryInvoke(Stapler.java:715)
	at org.kohsuke.stapler.Stapler.invoke(Stapler.java:845)
	at org.kohsuke.stapler.Stapler.invoke(Stapler.java:649)
	at org.kohsuke.stapler.Stapler.service(Stapler.java:238)
	at javax.servlet.http.HttpServlet.service(HttpServlet.java:731)
	at org.apache.catalina.core.ApplicationFilterChain.internalDoFilter(ApplicationFilterChain.java:303)
	at org.apache.catalina.core.ApplicationFilterChain.doFilter(ApplicationFilterChain.java:208)
	at org.apache.tomcat.websocket.server.WsFilter.doFilter(WsFilter.java:52)
	at org.apache.catalina.core.ApplicationFilterChain.internalDoFilter(ApplicationFilterChain.java:241)
	at org.apache.catalina.core.ApplicationFilterChain.doFilter(ApplicationFilterChain.java:208)
	at hudson.util.PluginServletFilter$1.doFilter(PluginServletFilter.java:154)
	at hudson.util.PluginServletFilter.doFilter(PluginServletFilter.java:157)
	at org.apache.catalina.core.ApplicationFilterChain.internalDoFilter(ApplicationFilterChain.java:241)
	at org.apache.catalina.core.ApplicationFilterChain.doFilter(ApplicationFilterChain.java:208)
	at hudson.security.csrf.CrumbFilter.doFilter(CrumbFilter.java:105)
	at org.apache.catalina.core.ApplicationFilterChain.internalDoFilter(ApplicationFilterChain.java:241)
	at org.apache.catalina.core.ApplicationFilterChain.doFilter(ApplicationFilterChain.java:208)
	at hudson.security.ChainedServletFilter$1.doFilter(ChainedServletFilter.java:84)
	at hudson.security.UnwrapSecurityExceptionFilter.doFilter(UnwrapSecurityExceptionFilter.java:51)
	at hudson.security.ChainedServletFilter$1.doFilter(ChainedServletFilter.java:87)
	at jenkins.security.ExceptionTranslationFilter.doFilter(ExceptionTranslationFilter.java:117)
	at hudson.security.ChainedServletFilter$1.doFilter(ChainedServletFilter.java:87)
	at org.acegisecurity.providers.anonymous.AnonymousProcessingFilter.doFilter(AnonymousProcessingFilter.java:125)
	at hudson.security.ChainedServletFilter$1.doFilter(ChainedServletFilter.java:87)
	at org.acegisecurity.ui.rememberme.RememberMeProcessingFilter.doFilter(RememberMeProcessingFilter.java:142)
	at hudson.security.ChainedServletFilter$1.doFilter(ChainedServletFilter.java:87)
	at org.acegisecurity.ui.AbstractProcessingFilter.doFilter(AbstractProcessingFilter.java:271)
	at hudson.security.ChainedServletFilter$1.doFilter(ChainedServletFilter.java:87)
	at jenkins.security.BasicHeaderProcessor.doFilter(BasicHeaderProcessor.java:93)
	at hudson.security.ChainedServletFilter$1.doFilter(ChainedServletFilter.java:87)
	at org.acegisecurity.context.HttpSessionContextIntegrationFilter.doFilter(HttpSessionContextIntegrationFilter.java:249)
	at hudson.security.HttpSessionContextIntegrationFilter2.doFilter(HttpSessionContextIntegrationFilter2.java:67)
	at hudson.security.ChainedServletFilter$1.doFilter(ChainedServletFilter.java:87)
	at hudson.security.ChainedServletFilter.doFilter(ChainedServletFilter.java:90)
	at hudson.security.HudsonFilter.doFilter(HudsonFilter.java:171)
	at org.apache.catalina.core.ApplicationFilterChain.internalDoFilter(ApplicationFilterChain.java:241)
	at org.apache.catalina.core.ApplicationFilterChain.doFilter(ApplicationFilterChain.java:208)
	at org.kohsuke.stapler.compression.CompressionFilter.doFilter(CompressionFilter.java:49)
	at org.apache.catalina.core.ApplicationFilterChain.internalDoFilter(ApplicationFilterChain.java:241)
	at org.apache.catalina.core.ApplicationFilterChain.doFilter(ApplicationFilterChain.java:208)
	at hudson.util.CharacterEncodingFilter.doFilter(CharacterEncodingFilter.java:82)
	at org.apache.catalina.core.ApplicationFilterChain.internalDoFilter(ApplicationFilterChain.java:241)
	at org.apache.catalina.core.ApplicationFilterChain.doFilter(ApplicationFilterChain.java:208)
	at org.kohsuke.stapler.DiagnosticThreadNameFilter.doFilter(DiagnosticThreadNameFilter.java:30)
	at org.apache.catalina.core.ApplicationFilterChain.internalDoFilter(ApplicationFilterChain.java:241)
	at org.apache.catalina.core.ApplicationFilterChain.doFilter(ApplicationFilterChain.java:208)
	at org.apache.catalina.core.StandardWrapperValve.invoke(StandardWrapperValve.java:219)
	at org.apache.catalina.core.StandardContextValve.invoke(StandardContextValve.java:110)
	at org.apache.catalina.authenticator.AuthenticatorBase.invoke(AuthenticatorBase.java:615)
	at org.apache.catalina.core.StandardHostValve.invoke(StandardHostValve.java:169)
	at org.apache.catalina.valves.ErrorReportValve.invoke(ErrorReportValve.java:103)
	at org.apache.catalina.valves.AccessLogValve.invoke(AccessLogValve.java:962)
	at org.apache.catalina.core.StandardEngineValve.invoke(StandardEngineValve.java:116)
	at org.apache.catalina.connector.CoyoteAdapter.service(CoyoteAdapter.java:445)
	at org.apache.coyote.http11.AbstractHttp11Processor.process(AbstractHttp11Processor.java:1115)
	at org.apache.coyote.AbstractProtocol$AbstractConnectionHandler.process(AbstractProtocol.java:637)
	at org.apache.tomcat.util.net.JIoEndpoint$SocketProcessor.run(JIoEndpoint.java:318)
	at java.util.concurrent.ThreadPoolExecutor.runWorker(ThreadPoolExecutor.java:1149)
	at java.util.concurrent.ThreadPoolExecutor$Worker.run(ThreadPoolExecutor.java:624)
	at org.apache.tomcat.util.threads.TaskThread$WrappingRunnable.run(TaskThread.java:61)
	at java.lang.Thread.run(Thread.java:748)
Caused by: org.apache.commons.jelly.JellyTagException: jar:file:/home/gamut/softwares/apache-tomcat-7.0.84/webapps/jenkins/WEB-INF/lib/jenkins-core-2.104.jar!/lib/layout/layout.jelly:277:155: <i:formatDate> java.net.SocketException: Broken pipe (Write failed)
	at org.apache.commons.jelly.impl.TagScript.handleException(TagScript.java:726)
	at org.apache.commons.jelly.impl.TagScript.run(TagScript.java:279)
	at org.apache.commons.jelly.impl.ScriptBlock.run(ScriptBlock.java:95)
	at org.kohsuke.stapler.jelly.ReallyStaticTagLibrary$1.run(ReallyStaticTagLibrary.java:99)
	at org.apache.commons.jelly.impl.ScriptBlock.run(ScriptBlock.java:95)
	at org.kohsuke.stapler.jelly.ReallyStaticTagLibrary$1.run(ReallyStaticTagLibrary.java:99)
	at org.apache.commons.jelly.impl.ScriptBlock.run(ScriptBlock.java:95)
	at org.kohsuke.stapler.jelly.ReallyStaticTagLibrary$1.run(ReallyStaticTagLibrary.java:99)
	at org.kohsuke.stapler.jelly.ReallyStaticTagLibrary$1.run(ReallyStaticTagLibrary.java:99)
	at org.kohsuke.stapler.jelly.ReallyStaticTagLibrary$1.run(ReallyStaticTagLibrary.java:99)
	at org.apache.commons.jelly.tags.core.CoreTagLibrary$1.run(CoreTagLibrary.java:98)
	at org.apache.commons.jelly.impl.ScriptBlock.run(ScriptBlock.java:95)
	at org.kohsuke.stapler.jelly.ReallyStaticTagLibrary$1.run(ReallyStaticTagLibrary.java:99)
	at org.apache.commons.jelly.impl.ScriptBlock.run(ScriptBlock.java:95)
	at org.kohsuke.stapler.jelly.ReallyStaticTagLibrary$1.run(ReallyStaticTagLibrary.java:99)
	at org.apache.commons.jelly.impl.ScriptBlock.run(ScriptBlock.java:95)
	at org.apache.commons.jelly.tags.core.CoreTagLibrary$2.run(CoreTagLibrary.java:105)
	at org.kohsuke.stapler.jelly.CallTagLibScript.run(CallTagLibScript.java:120)
	at org.apache.commons.jelly.tags.core.CoreTagLibrary$2.run(CoreTagLibrary.java:105)
	at org.kohsuke.stapler.jelly.JellyViewScript.run(JellyViewScript.java:95)
	at org.kohsuke.stapler.jelly.DefaultScriptInvoker.invokeScript(DefaultScriptInvoker.java:63)
	at org.kohsuke.stapler.jelly.DefaultScriptInvoker.invokeScript(DefaultScriptInvoker.java:53)
	at org.kohsuke.stapler.jelly.JellyFacet$1.dispatch(JellyFacet.java:97)
	... 61 more
Caused by: org.apache.catalina.connector.ClientAbortException: java.net.SocketException: Broken pipe (Write failed)
	at org.apache.catalina.connector.OutputBuffer.realWriteBytes(OutputBuffer.java:410)
	at org.apache.tomcat.util.buf.ByteChunk.flushBuffer(ByteChunk.java:442)
	at org.apache.tomcat.util.buf.ByteChunk.append(ByteChunk.java:347)
	at org.apache.catalina.connector.OutputBuffer.writeBytes(OutputBuffer.java:435)
	at org.apache.catalina.connector.OutputBuffer.write(OutputBuffer.java:423)
	at org.apache.catalina.connector.CoyoteOutputStream.write(CoyoteOutputStream.java:91)
	at com.jcraft.jzlib.DeflaterOutputStream.deflate(DeflaterOutputStream.java:144)
	at com.jcraft.jzlib.DeflaterOutputStream.write(DeflaterOutputStream.java:102)
	at org.kohsuke.stapler.compression.FilterServletOutputStream.write(FilterServletOutputStream.java:41)
	at org.kohsuke.stapler.jelly.DefaultScriptInvoker$1.write(DefaultScriptInvoker.java:99)
	at sun.nio.cs.StreamEncoder.writeBytes(StreamEncoder.java:221)
	at sun.nio.cs.StreamEncoder.implFlushBuffer(StreamEncoder.java:291)
	at sun.nio.cs.StreamEncoder.implFlush(StreamEncoder.java:295)
	at sun.nio.cs.StreamEncoder.flush(StreamEncoder.java:141)
	at java.io.OutputStreamWriter.flush(OutputStreamWriter.java:229)
	at java.io.BufferedWriter.flush(BufferedWriter.java:254)
	at org.dom4j.io.XMLWriter.flush(XMLWriter.java:276)
	at org.apache.commons.jelly.XMLOutput.flush(XMLOutput.java:127)
	at org.apache.commons.jelly.impl.TagScript.run(TagScript.java:271)
	... 82 more
Caused by: java.net.SocketException: Broken pipe (Write failed)
	at java.net.SocketOutputStream.socketWrite0(Native Method)
	at java.net.SocketOutputStream.socketWrite(SocketOutputStream.java:111)
	at java.net.SocketOutputStream.write(SocketOutputStream.java:155)
	at org.apache.coyote.http11.InternalOutputBuffer.realWriteBytes(InternalOutputBuffer.java:216)
	at org.apache.tomcat.util.buf.ByteChunk.flushBuffer(ByteChunk.java:442)
	at org.apache.tomcat.util.buf.ByteChunk.append(ByteChunk.java:347)
	at org.apache.coyote.http11.InternalOutputBuffer$OutputStreamOutputBuffer.doWrite(InternalOutputBuffer.java:239)
	at org.apache.coyote.http11.filters.ChunkedOutputFilter.doWrite(ChunkedOutputFilter.java:119)
	at org.apache.coyote.http11.AbstractOutputBuffer.doWrite(AbstractOutputBuffer.java:192)
	at org.apache.coyote.Response.doWrite(Response.java:495)
	at org.apache.catalina.connector.OutputBuffer.realWriteBytes(OutputBuffer.java:405)
	... 100 more

Feb 21, 2018 3:37:58 PM hudson.init.impl.InstallUncaughtExceptionHandler lambda$init$0
WARNING: null
javax.servlet.ServletException: org.apache.commons.jelly.JellyTagException: jar:file:/home/gamut/softwares/apache-tomcat-7.0.84/webapps/jenkins/WEB-INF/lib/jenkins-core-2.104.jar!/lib/form/bottomButtonBar.jelly:36:25: <d:invokeBody> java.net.SocketException: Broken pipe (Write failed)
	at org.kohsuke.stapler.jelly.JellyFacet$1.dispatch(JellyFacet.java:105)
	at org.kohsuke.stapler.Stapler.tryInvoke(Stapler.java:715)
	at org.kohsuke.stapler.Stapler.invoke(Stapler.java:845)
	at org.kohsuke.stapler.Stapler.invoke(Stapler.java:649)
	at org.kohsuke.stapler.Stapler.service(Stapler.java:238)
	at javax.servlet.http.HttpServlet.service(HttpServlet.java:731)
	at org.apache.catalina.core.ApplicationFilterChain.internalDoFilter(ApplicationFilterChain.java:303)
	at org.apache.catalina.core.ApplicationFilterChain.doFilter(ApplicationFilterChain.java:208)
	at org.apache.tomcat.websocket.server.WsFilter.doFilter(WsFilter.java:52)
	at org.apache.catalina.core.ApplicationFilterChain.internalDoFilter(ApplicationFilterChain.java:241)
	at org.apache.catalina.core.ApplicationFilterChain.doFilter(ApplicationFilterChain.java:208)
	at hudson.util.PluginServletFilter$1.doFilter(PluginServletFilter.java:154)
	at hudson.util.PluginServletFilter.doFilter(PluginServletFilter.java:157)
	at org.apache.catalina.core.ApplicationFilterChain.internalDoFilter(ApplicationFilterChain.java:241)
	at org.apache.catalina.core.ApplicationFilterChain.doFilter(ApplicationFilterChain.java:208)
	at hudson.security.csrf.CrumbFilter.doFilter(CrumbFilter.java:105)
	at org.apache.catalina.core.ApplicationFilterChain.internalDoFilter(ApplicationFilterChain.java:241)
	at org.apache.catalina.core.ApplicationFilterChain.doFilter(ApplicationFilterChain.java:208)
	at hudson.security.ChainedServletFilter$1.doFilter(ChainedServletFilter.java:84)
	at hudson.security.UnwrapSecurityExceptionFilter.doFilter(UnwrapSecurityExceptionFilter.java:51)
	at hudson.security.ChainedServletFilter$1.doFilter(ChainedServletFilter.java:87)
	at jenkins.security.ExceptionTranslationFilter.doFilter(ExceptionTranslationFilter.java:117)
	at hudson.security.ChainedServletFilter$1.doFilter(ChainedServletFilter.java:87)
	at org.acegisecurity.providers.anonymous.AnonymousProcessingFilter.doFilter(AnonymousProcessingFilter.java:125)
	at hudson.security.ChainedServletFilter$1.doFilter(ChainedServletFilter.java:87)
	at org.acegisecurity.ui.rememberme.RememberMeProcessingFilter.doFilter(RememberMeProcessingFilter.java:142)
	at hudson.security.ChainedServletFilter$1.doFilter(ChainedServletFilter.java:87)
	at org.acegisecurity.ui.AbstractProcessingFilter.doFilter(AbstractProcessingFilter.java:271)
	at hudson.security.ChainedServletFilter$1.doFilter(ChainedServletFilter.java:87)
	at jenkins.security.BasicHeaderProcessor.doFilter(BasicHeaderProcessor.java:93)
	at hudson.security.ChainedServletFilter$1.doFilter(ChainedServletFilter.java:87)
	at org.acegisecurity.context.HttpSessionContextIntegrationFilter.doFilter(HttpSessionContextIntegrationFilter.java:249)
	at hudson.security.HttpSessionContextIntegrationFilter2.doFilter(HttpSessionContextIntegrationFilter2.java:67)
	at hudson.security.ChainedServletFilter$1.doFilter(ChainedServletFilter.java:87)
	at hudson.security.ChainedServletFilter.doFilter(ChainedServletFilter.java:90)
	at hudson.security.HudsonFilter.doFilter(HudsonFilter.java:171)
	at org.apache.catalina.core.ApplicationFilterChain.internalDoFilter(ApplicationFilterChain.java:241)
	at org.apache.catalina.core.ApplicationFilterChain.doFilter(ApplicationFilterChain.java:208)
	at org.kohsuke.stapler.compression.CompressionFilter.doFilter(CompressionFilter.java:49)
	at org.apache.catalina.core.ApplicationFilterChain.internalDoFilter(ApplicationFilterChain.java:241)
	at org.apache.catalina.core.ApplicationFilterChain.doFilter(ApplicationFilterChain.java:208)
	at hudson.util.CharacterEncodingFilter.doFilter(CharacterEncodingFilter.java:82)
	at org.apache.catalina.core.ApplicationFilterChain.internalDoFilter(ApplicationFilterChain.java:241)
	at org.apache.catalina.core.ApplicationFilterChain.doFilter(ApplicationFilterChain.java:208)
	at org.kohsuke.stapler.DiagnosticThreadNameFilter.doFilter(DiagnosticThreadNameFilter.java:30)
	at org.apache.catalina.core.ApplicationFilterChain.internalDoFilter(ApplicationFilterChain.java:241)
	at org.apache.catalina.core.ApplicationFilterChain.doFilter(ApplicationFilterChain.java:208)
	at org.apache.catalina.core.StandardWrapperValve.invoke(StandardWrapperValve.java:219)
	at org.apache.catalina.core.StandardContextValve.invoke(StandardContextValve.java:110)
	at org.apache.catalina.authenticator.AuthenticatorBase.invoke(AuthenticatorBase.java:615)
	at org.apache.catalina.core.StandardHostValve.invoke(StandardHostValve.java:169)
	at org.apache.catalina.valves.ErrorReportValve.invoke(ErrorReportValve.java:103)
	at org.apache.catalina.valves.AccessLogValve.invoke(AccessLogValve.java:962)
	at org.apache.catalina.core.StandardEngineValve.invoke(StandardEngineValve.java:116)
	at org.apache.catalina.connector.CoyoteAdapter.service(CoyoteAdapter.java:445)
	at org.apache.coyote.http11.AbstractHttp11Processor.process(AbstractHttp11Processor.java:1115)
	at org.apache.coyote.AbstractProtocol$AbstractConnectionHandler.process(AbstractProtocol.java:637)
	at org.apache.tomcat.util.net.JIoEndpoint$SocketProcessor.run(JIoEndpoint.java:318)
	at java.util.concurrent.ThreadPoolExecutor.runWorker(ThreadPoolExecutor.java:1149)
	at java.util.concurrent.ThreadPoolExecutor$Worker.run(ThreadPoolExecutor.java:624)
	at org.apache.tomcat.util.threads.TaskThread$WrappingRunnable.run(TaskThread.java:61)
	at java.lang.Thread.run(Thread.java:748)
Caused by: org.apache.commons.jelly.JellyTagException: jar:file:/home/gamut/softwares/apache-tomcat-7.0.84/webapps/jenkins/WEB-INF/lib/jenkins-core-2.104.jar!/lib/form/bottomButtonBar.jelly:36:25: <d:invokeBody> java.net.SocketException: Broken pipe (Write failed)
	at org.apache.commons.jelly.impl.TagScript.handleException(TagScript.java:726)
	at org.apache.commons.jelly.impl.TagScript.run(TagScript.java:279)
	at org.kohsuke.stapler.jelly.ReallyStaticTagLibrary$1.run(ReallyStaticTagLibrary.java:99)
	at org.kohsuke.stapler.jelly.ReallyStaticTagLibrary$1.run(ReallyStaticTagLibrary.java:99)
	at org.kohsuke.stapler.jelly.CallTagLibScript$1.run(CallTagLibScript.java:99)
	at org.apache.commons.jelly.tags.define.InvokeBodyTag.doTag(InvokeBodyTag.java:91)
	at org.apache.commons.jelly.impl.TagScript.run(TagScript.java:269)
	at org.kohsuke.stapler.jelly.ReallyStaticTagLibrary$1.run(ReallyStaticTagLibrary.java:99)
	at org.kohsuke.stapler.jelly.ReallyStaticTagLibrary$1.run(ReallyStaticTagLibrary.java:99)
	at org.apache.commons.jelly.impl.ScriptBlock.run(ScriptBlock.java:95)
	at org.apache.commons.jelly.tags.core.CoreTagLibrary$2.run(CoreTagLibrary.java:105)
	at org.kohsuke.stapler.jelly.CallTagLibScript.run(CallTagLibScript.java:120)
	at org.apache.commons.jelly.impl.ScriptBlock.run(ScriptBlock.java:95)
	at org.apache.commons.jelly.tags.core.CoreTagLibrary$2.run(CoreTagLibrary.java:105)
	at org.kohsuke.stapler.jelly.CallTagLibScript.run(CallTagLibScript.java:120)
	at org.apache.commons.jelly.impl.ScriptBlock.run(ScriptBlock.java:95)
	at org.kohsuke.stapler.jelly.CallTagLibScript$1.run(CallTagLibScript.java:99)
	at org.apache.commons.jelly.tags.define.InvokeBodyTag.doTag(InvokeBodyTag.java:91)
	at org.apache.commons.jelly.impl.TagScript.run(TagScript.java:269)
	at org.kohsuke.stapler.jelly.ReallyStaticTagLibrary$1.run(ReallyStaticTagLibrary.java:99)
	at org.kohsuke.stapler.jelly.ReallyStaticTagLibrary$1.run(ReallyStaticTagLibrary.java:99)
	at org.apache.commons.jelly.impl.ScriptBlock.run(ScriptBlock.java:95)
	at org.apache.commons.jelly.tags.core.CoreTagLibrary$2.run(CoreTagLibrary.java:105)
	at org.kohsuke.stapler.jelly.CallTagLibScript.run(CallTagLibScript.java:120)
	at org.apache.commons.jelly.impl.ScriptBlock.run(ScriptBlock.java:95)
	at org.kohsuke.stapler.jelly.CallTagLibScript$1.run(CallTagLibScript.java:99)
	at org.apache.commons.jelly.tags.define.InvokeBodyTag.doTag(InvokeBodyTag.java:91)
	at org.apache.commons.jelly.impl.TagScript.run(TagScript.java:269)
	at org.apache.commons.jelly.impl.ScriptBlock.run(ScriptBlock.java:95)
	at org.apache.commons.jelly.tags.core.CoreTagLibrary$1.run(CoreTagLibrary.java:98)
	at org.apache.commons.jelly.impl.ScriptBlock.run(ScriptBlock.java:95)
	at org.apache.commons.jelly.tags.core.CoreTagLibrary$2.run(CoreTagLibrary.java:105)
	at org.kohsuke.stapler.jelly.CallTagLibScript.run(CallTagLibScript.java:120)
	at org.apache.commons.jelly.impl.ScriptBlock.run(ScriptBlock.java:95)
	at org.kohsuke.stapler.jelly.CallTagLibScript$1.run(CallTagLibScript.java:99)
	at org.apache.commons.jelly.tags.define.InvokeBodyTag.doTag(InvokeBodyTag.java:91)
	at org.apache.commons.jelly.impl.TagScript.run(TagScript.java:269)
	at org.apache.commons.jelly.impl.ScriptBlock.run(ScriptBlock.java:95)
	at org.kohsuke.stapler.jelly.ReallyStaticTagLibrary$1.run(ReallyStaticTagLibrary.java:99)
	at org.apache.commons.jelly.impl.ScriptBlock.run(ScriptBlock.java:95)
	at org.kohsuke.stapler.jelly.ReallyStaticTagLibrary$1.run(ReallyStaticTagLibrary.java:99)
	at org.apache.commons.jelly.impl.ScriptBlock.run(ScriptBlock.java:95)
	at org.kohsuke.stapler.jelly.ReallyStaticTagLibrary$1.run(ReallyStaticTagLibrary.java:99)
	at org.apache.commons.jelly.impl.ScriptBlock.run(ScriptBlock.java:95)
	at org.kohsuke.stapler.jelly.ReallyStaticTagLibrary$1.run(ReallyStaticTagLibrary.java:99)
	at org.apache.commons.jelly.impl.ScriptBlock.run(ScriptBlock.java:95)
	at org.apache.commons.jelly.tags.core.CoreTagLibrary$2.run(CoreTagLibrary.java:105)
	at org.kohsuke.stapler.jelly.CallTagLibScript.run(CallTagLibScript.java:120)
	at org.apache.commons.jelly.tags.core.CoreTagLibrary$2.run(CoreTagLibrary.java:105)
	at org.kohsuke.stapler.jelly.JellyViewScript.run(JellyViewScript.java:95)
	at org.kohsuke.stapler.jelly.DefaultScriptInvoker.invokeScript(DefaultScriptInvoker.java:63)
	at org.kohsuke.stapler.jelly.DefaultScriptInvoker.invokeScript(DefaultScriptInvoker.java:53)
	at org.kohsuke.stapler.jelly.JellyFacet$1.dispatch(JellyFacet.java:97)
	... 61 more
Caused by: org.apache.catalina.connector.ClientAbortException: java.net.SocketException: Broken pipe (Write failed)
	at org.apache.catalina.connector.OutputBuffer.realWriteBytes(OutputBuffer.java:410)
	at org.apache.tomcat.util.buf.ByteChunk.flushBuffer(ByteChunk.java:442)
	at org.apache.tomcat.util.buf.ByteChunk.append(ByteChunk.java:347)
	at org.apache.catalina.connector.OutputBuffer.writeBytes(OutputBuffer.java:435)
	at org.apache.catalina.connector.OutputBuffer.write(OutputBuffer.java:423)
	at org.apache.catalina.connector.CoyoteOutputStream.write(CoyoteOutputStream.java:91)
	at com.jcraft.jzlib.DeflaterOutputStream.deflate(DeflaterOutputStream.java:144)
	at com.jcraft.jzlib.DeflaterOutputStream.write(DeflaterOutputStream.java:102)
	at org.kohsuke.stapler.compression.FilterServletOutputStream.write(FilterServletOutputStream.java:41)
	at org.kohsuke.stapler.jelly.DefaultScriptInvoker$1.write(DefaultScriptInvoker.java:99)
	at sun.nio.cs.StreamEncoder.writeBytes(StreamEncoder.java:221)
	at sun.nio.cs.StreamEncoder.implFlushBuffer(StreamEncoder.java:291)
	at sun.nio.cs.StreamEncoder.implFlush(StreamEncoder.java:295)
	at sun.nio.cs.StreamEncoder.flush(StreamEncoder.java:141)
	at java.io.OutputStreamWriter.flush(OutputStreamWriter.java:229)
	at java.io.BufferedWriter.flush(BufferedWriter.java:254)
	at org.dom4j.io.XMLWriter.flush(XMLWriter.java:276)
	at org.apache.commons.jelly.XMLOutput.flush(XMLOutput.java:127)
	at org.apache.commons.jelly.impl.TagScript.run(TagScript.java:271)
	... 112 more
Caused by: java.net.SocketException: Broken pipe (Write failed)
	at java.net.SocketOutputStream.socketWrite0(Native Method)
	at java.net.SocketOutputStream.socketWrite(SocketOutputStream.java:111)
	at java.net.SocketOutputStream.write(SocketOutputStream.java:155)
	at org.apache.coyote.http11.InternalOutputBuffer.realWriteBytes(InternalOutputBuffer.java:216)
	at org.apache.tomcat.util.buf.ByteChunk.flushBuffer(ByteChunk.java:442)
	at org.apache.tomcat.util.buf.ByteChunk.append(ByteChunk.java:347)
	at org.apache.coyote.http11.InternalOutputBuffer$OutputStreamOutputBuffer.doWrite(InternalOutputBuffer.java:239)
	at org.apache.coyote.http11.filters.ChunkedOutputFilter.doWrite(ChunkedOutputFilter.java:119)
	at org.apache.coyote.http11.AbstractOutputBuffer.doWrite(AbstractOutputBuffer.java:192)
	at org.apache.coyote.Response.doWrite(Response.java:495)
	at org.apache.catalina.connector.OutputBuffer.realWriteBytes(OutputBuffer.java:405)
	... 130 more

Feb 21, 2018 3:39:06 PM hudson.model.Run execute
INFO: simplewebapp #12 main build action completed: FAILURE
Feb 21, 2018 3:40:33 PM hudson.init.impl.InstallUncaughtExceptionHandler lambda$init$0
WARNING: null
javax.servlet.ServletException: org.apache.commons.jelly.JellyTagException: jar:file:/home/gamut/softwares/apache-tomcat-7.0.84/webapps/jenkins/WEB-INF/lib/jenkins-core-2.104.jar!/lib/layout/layout.jelly:277:155: <i:formatDate> java.net.SocketException: Broken pipe (Write failed)
	at org.kohsuke.stapler.jelly.JellyFacet$1.dispatch(JellyFacet.java:105)
	at org.kohsuke.stapler.Stapler.tryInvoke(Stapler.java:715)
	at org.kohsuke.stapler.Stapler.invoke(Stapler.java:845)
	at org.kohsuke.stapler.Stapler.invoke(Stapler.java:649)
	at org.kohsuke.stapler.Stapler.service(Stapler.java:238)
	at javax.servlet.http.HttpServlet.service(HttpServlet.java:731)
	at org.apache.catalina.core.ApplicationFilterChain.internalDoFilter(ApplicationFilterChain.java:303)
	at org.apache.catalina.core.ApplicationFilterChain.doFilter(ApplicationFilterChain.java:208)
	at org.apache.tomcat.websocket.server.WsFilter.doFilter(WsFilter.java:52)
	at org.apache.catalina.core.ApplicationFilterChain.internalDoFilter(ApplicationFilterChain.java:241)
	at org.apache.catalina.core.ApplicationFilterChain.doFilter(ApplicationFilterChain.java:208)
	at hudson.util.PluginServletFilter$1.doFilter(PluginServletFilter.java:154)
	at hudson.util.PluginServletFilter.doFilter(PluginServletFilter.java:157)
	at org.apache.catalina.core.ApplicationFilterChain.internalDoFilter(ApplicationFilterChain.java:241)
	at org.apache.catalina.core.ApplicationFilterChain.doFilter(ApplicationFilterChain.java:208)
	at hudson.security.csrf.CrumbFilter.doFilter(CrumbFilter.java:105)
	at org.apache.catalina.core.ApplicationFilterChain.internalDoFilter(ApplicationFilterChain.java:241)
	at org.apache.catalina.core.ApplicationFilterChain.doFilter(ApplicationFilterChain.java:208)
	at hudson.security.ChainedServletFilter$1.doFilter(ChainedServletFilter.java:84)
	at hudson.security.UnwrapSecurityExceptionFilter.doFilter(UnwrapSecurityExceptionFilter.java:51)
	at hudson.security.ChainedServletFilter$1.doFilter(ChainedServletFilter.java:87)
	at jenkins.security.ExceptionTranslationFilter.doFilter(ExceptionTranslationFilter.java:117)
	at hudson.security.ChainedServletFilter$1.doFilter(ChainedServletFilter.java:87)
	at org.acegisecurity.providers.anonymous.AnonymousProcessingFilter.doFilter(AnonymousProcessingFilter.java:125)
	at hudson.security.ChainedServletFilter$1.doFilter(ChainedServletFilter.java:87)
	at org.acegisecurity.ui.rememberme.RememberMeProcessingFilter.doFilter(RememberMeProcessingFilter.java:142)
	at hudson.security.ChainedServletFilter$1.doFilter(ChainedServletFilter.java:87)
	at org.acegisecurity.ui.AbstractProcessingFilter.doFilter(AbstractProcessingFilter.java:271)
	at hudson.security.ChainedServletFilter$1.doFilter(ChainedServletFilter.java:87)
	at jenkins.security.BasicHeaderProcessor.doFilter(BasicHeaderProcessor.java:93)
	at hudson.security.ChainedServletFilter$1.doFilter(ChainedServletFilter.java:87)
	at org.acegisecurity.context.HttpSessionContextIntegrationFilter.doFilter(HttpSessionContextIntegrationFilter.java:249)
	at hudson.security.HttpSessionContextIntegrationFilter2.doFilter(HttpSessionContextIntegrationFilter2.java:67)
	at hudson.security.ChainedServletFilter$1.doFilter(ChainedServletFilter.java:87)
	at hudson.security.ChainedServletFilter.doFilter(ChainedServletFilter.java:90)
	at hudson.security.HudsonFilter.doFilter(HudsonFilter.java:171)
	at org.apache.catalina.core.ApplicationFilterChain.internalDoFilter(ApplicationFilterChain.java:241)
	at org.apache.catalina.core.ApplicationFilterChain.doFilter(ApplicationFilterChain.java:208)
	at org.kohsuke.stapler.compression.CompressionFilter.doFilter(CompressionFilter.java:49)
	at org.apache.catalina.core.ApplicationFilterChain.internalDoFilter(ApplicationFilterChain.java:241)
	at org.apache.catalina.core.ApplicationFilterChain.doFilter(ApplicationFilterChain.java:208)
	at hudson.util.CharacterEncodingFilter.doFilter(CharacterEncodingFilter.java:82)
	at org.apache.catalina.core.ApplicationFilterChain.internalDoFilter(ApplicationFilterChain.java:241)
	at org.apache.catalina.core.ApplicationFilterChain.doFilter(ApplicationFilterChain.java:208)
	at org.kohsuke.stapler.DiagnosticThreadNameFilter.doFilter(DiagnosticThreadNameFilter.java:30)
	at org.apache.catalina.core.ApplicationFilterChain.internalDoFilter(ApplicationFilterChain.java:241)
	at org.apache.catalina.core.ApplicationFilterChain.doFilter(ApplicationFilterChain.java:208)
	at org.apache.catalina.core.StandardWrapperValve.invoke(StandardWrapperValve.java:219)
	at org.apache.catalina.core.StandardContextValve.invoke(StandardContextValve.java:110)
	at org.apache.catalina.authenticator.AuthenticatorBase.invoke(AuthenticatorBase.java:615)
	at org.apache.catalina.core.StandardHostValve.invoke(StandardHostValve.java:169)
	at org.apache.catalina.valves.ErrorReportValve.invoke(ErrorReportValve.java:103)
	at org.apache.catalina.valves.AccessLogValve.invoke(AccessLogValve.java:962)
	at org.apache.catalina.core.StandardEngineValve.invoke(StandardEngineValve.java:116)
	at org.apache.catalina.connector.CoyoteAdapter.service(CoyoteAdapter.java:445)
	at org.apache.coyote.http11.AbstractHttp11Processor.process(AbstractHttp11Processor.java:1115)
	at org.apache.coyote.AbstractProtocol$AbstractConnectionHandler.process(AbstractProtocol.java:637)
	at org.apache.tomcat.util.net.JIoEndpoint$SocketProcessor.run(JIoEndpoint.java:318)
	at java.util.concurrent.ThreadPoolExecutor.runWorker(ThreadPoolExecutor.java:1149)
	at java.util.concurrent.ThreadPoolExecutor$Worker.run(ThreadPoolExecutor.java:624)
	at org.apache.tomcat.util.threads.TaskThread$WrappingRunnable.run(TaskThread.java:61)
	at java.lang.Thread.run(Thread.java:748)
Caused by: org.apache.commons.jelly.JellyTagException: jar:file:/home/gamut/softwares/apache-tomcat-7.0.84/webapps/jenkins/WEB-INF/lib/jenkins-core-2.104.jar!/lib/layout/layout.jelly:277:155: <i:formatDate> java.net.SocketException: Broken pipe (Write failed)
	at org.apache.commons.jelly.impl.TagScript.handleException(TagScript.java:726)
	at org.apache.commons.jelly.impl.TagScript.run(TagScript.java:279)
	at org.apache.commons.jelly.impl.ScriptBlock.run(ScriptBlock.java:95)
	at org.kohsuke.stapler.jelly.ReallyStaticTagLibrary$1.run(ReallyStaticTagLibrary.java:99)
	at org.apache.commons.jelly.impl.ScriptBlock.run(ScriptBlock.java:95)
	at org.kohsuke.stapler.jelly.ReallyStaticTagLibrary$1.run(ReallyStaticTagLibrary.java:99)
	at org.apache.commons.jelly.impl.ScriptBlock.run(ScriptBlock.java:95)
	at org.kohsuke.stapler.jelly.ReallyStaticTagLibrary$1.run(ReallyStaticTagLibrary.java:99)
	at org.kohsuke.stapler.jelly.ReallyStaticTagLibrary$1.run(ReallyStaticTagLibrary.java:99)
	at org.kohsuke.stapler.jelly.ReallyStaticTagLibrary$1.run(ReallyStaticTagLibrary.java:99)
	at org.apache.commons.jelly.tags.core.CoreTagLibrary$1.run(CoreTagLibrary.java:98)
	at org.apache.commons.jelly.impl.ScriptBlock.run(ScriptBlock.java:95)
	at org.kohsuke.stapler.jelly.ReallyStaticTagLibrary$1.run(ReallyStaticTagLibrary.java:99)
	at org.apache.commons.jelly.impl.ScriptBlock.run(ScriptBlock.java:95)
	at org.kohsuke.stapler.jelly.ReallyStaticTagLibrary$1.run(ReallyStaticTagLibrary.java:99)
	at org.apache.commons.jelly.impl.ScriptBlock.run(ScriptBlock.java:95)
	at org.apache.commons.jelly.tags.core.CoreTagLibrary$2.run(CoreTagLibrary.java:105)
	at org.kohsuke.stapler.jelly.CallTagLibScript.run(CallTagLibScript.java:120)
	at org.apache.commons.jelly.tags.core.CoreTagLibrary$2.run(CoreTagLibrary.java:105)
	at org.kohsuke.stapler.jelly.JellyViewScript.run(JellyViewScript.java:95)
	at org.kohsuke.stapler.jelly.DefaultScriptInvoker.invokeScript(DefaultScriptInvoker.java:63)
	at org.kohsuke.stapler.jelly.DefaultScriptInvoker.invokeScript(DefaultScriptInvoker.java:53)
	at org.kohsuke.stapler.jelly.JellyFacet$1.dispatch(JellyFacet.java:97)
	... 61 more
Caused by: org.apache.catalina.connector.ClientAbortException: java.net.SocketException: Broken pipe (Write failed)
	at org.apache.catalina.connector.OutputBuffer.realWriteBytes(OutputBuffer.java:410)
	at org.apache.tomcat.util.buf.ByteChunk.flushBuffer(ByteChunk.java:442)
	at org.apache.tomcat.util.buf.ByteChunk.append(ByteChunk.java:347)
	at org.apache.catalina.connector.OutputBuffer.writeBytes(OutputBuffer.java:435)
	at org.apache.catalina.connector.OutputBuffer.write(OutputBuffer.java:423)
	at org.apache.catalina.connector.CoyoteOutputStream.write(CoyoteOutputStream.java:91)
	at com.jcraft.jzlib.DeflaterOutputStream.deflate(DeflaterOutputStream.java:144)
	at com.jcraft.jzlib.DeflaterOutputStream.write(DeflaterOutputStream.java:102)
	at org.kohsuke.stapler.compression.FilterServletOutputStream.write(FilterServletOutputStream.java:41)
	at org.kohsuke.stapler.jelly.DefaultScriptInvoker$1.write(DefaultScriptInvoker.java:99)
	at sun.nio.cs.StreamEncoder.writeBytes(StreamEncoder.java:221)
	at sun.nio.cs.StreamEncoder.implFlushBuffer(StreamEncoder.java:291)
	at sun.nio.cs.StreamEncoder.implFlush(StreamEncoder.java:295)
	at sun.nio.cs.StreamEncoder.flush(StreamEncoder.java:141)
	at java.io.OutputStreamWriter.flush(OutputStreamWriter.java:229)
	at java.io.BufferedWriter.flush(BufferedWriter.java:254)
	at org.dom4j.io.XMLWriter.flush(XMLWriter.java:276)
	at org.apache.commons.jelly.XMLOutput.flush(XMLOutput.java:127)
	at org.apache.commons.jelly.impl.TagScript.run(TagScript.java:271)
	... 82 more
Caused by: java.net.SocketException: Broken pipe (Write failed)
	at java.net.SocketOutputStream.socketWrite0(Native Method)
	at java.net.SocketOutputStream.socketWrite(SocketOutputStream.java:111)
	at java.net.SocketOutputStream.write(SocketOutputStream.java:155)
	at org.apache.coyote.http11.InternalOutputBuffer.realWriteBytes(InternalOutputBuffer.java:216)
	at org.apache.tomcat.util.buf.ByteChunk.flushBuffer(ByteChunk.java:442)
	at org.apache.tomcat.util.buf.ByteChunk.append(ByteChunk.java:347)
	at org.apache.coyote.http11.InternalOutputBuffer$OutputStreamOutputBuffer.doWrite(InternalOutputBuffer.java:239)
	at org.apache.coyote.http11.filters.ChunkedOutputFilter.doWrite(ChunkedOutputFilter.java:119)
	at org.apache.coyote.http11.AbstractOutputBuffer.doWrite(AbstractOutputBuffer.java:192)
	at org.apache.coyote.Response.doWrite(Response.java:495)
	at org.apache.catalina.connector.OutputBuffer.realWriteBytes(OutputBuffer.java:405)
	... 100 more

Feb 21, 2018 3:42:57 PM hudson.model.Run execute
INFO: simplewebapp #13 main build action completed: FAILURE
Feb 21, 2018 3:45:26 PM hudson.model.Run execute
INFO: simplewebapp #14 main build action completed: FAILURE
Feb 21, 2018 3:47:50 PM hudson.init.impl.InstallUncaughtExceptionHandler lambda$init$0
WARNING: null
org.apache.catalina.connector.ClientAbortException: java.net.SocketException: Broken pipe (Write failed)
	at org.apache.catalina.connector.OutputBuffer.realWriteBytes(OutputBuffer.java:410)
	at org.apache.tomcat.util.buf.ByteChunk.flushBuffer(ByteChunk.java:442)
	at org.apache.catalina.connector.OutputBuffer.doFlush(OutputBuffer.java:359)
	at org.apache.catalina.connector.OutputBuffer.close(OutputBuffer.java:311)
	at org.apache.catalina.connector.CoyoteOutputStream.close(CoyoteOutputStream.java:108)
	at com.jcraft.jzlib.DeflaterOutputStream.close(DeflaterOutputStream.java:122)
	at org.kohsuke.stapler.compression.FilterServletOutputStream.close(FilterServletOutputStream.java:46)
	at java.io.FilterOutputStream.close(FilterOutputStream.java:159)
	at sun.nio.cs.StreamEncoder.implClose(StreamEncoder.java:320)
	at sun.nio.cs.StreamEncoder.close(StreamEncoder.java:149)
	at java.io.OutputStreamWriter.close(OutputStreamWriter.java:233)
	at java.io.BufferedWriter.close(BufferedWriter.java:266)
	at org.dom4j.io.XMLWriter.close(XMLWriter.java:286)
	at org.kohsuke.stapler.jelly.HTMLWriterOutput.close(HTMLWriterOutput.java:70)
	at org.kohsuke.stapler.jelly.DefaultScriptInvoker.invokeScript(DefaultScriptInvoker.java:56)
	at org.kohsuke.stapler.jelly.JellyFacet$1.dispatch(JellyFacet.java:97)
	at org.kohsuke.stapler.Stapler.tryInvoke(Stapler.java:715)
	at org.kohsuke.stapler.Stapler.invoke(Stapler.java:845)
	at org.kohsuke.stapler.MetaClass$5.doDispatch(MetaClass.java:248)
	at org.kohsuke.stapler.NameBasedDispatcher.dispatch(NameBasedDispatcher.java:58)
	at org.kohsuke.stapler.Stapler.tryInvoke(Stapler.java:715)
	at org.kohsuke.stapler.Stapler.invoke(Stapler.java:845)
	at org.kohsuke.stapler.Stapler.invoke(Stapler.java:649)
	at org.kohsuke.stapler.Stapler.service(Stapler.java:238)
	at javax.servlet.http.HttpServlet.service(HttpServlet.java:731)
	at org.apache.catalina.core.ApplicationFilterChain.internalDoFilter(ApplicationFilterChain.java:303)
	at org.apache.catalina.core.ApplicationFilterChain.doFilter(ApplicationFilterChain.java:208)
	at org.apache.tomcat.websocket.server.WsFilter.doFilter(WsFilter.java:52)
	at org.apache.catalina.core.ApplicationFilterChain.internalDoFilter(ApplicationFilterChain.java:241)
	at org.apache.catalina.core.ApplicationFilterChain.doFilter(ApplicationFilterChain.java:208)
	at hudson.util.PluginServletFilter$1.doFilter(PluginServletFilter.java:154)
	at hudson.util.PluginServletFilter.doFilter(PluginServletFilter.java:157)
	at org.apache.catalina.core.ApplicationFilterChain.internalDoFilter(ApplicationFilterChain.java:241)
	at org.apache.catalina.core.ApplicationFilterChain.doFilter(ApplicationFilterChain.java:208)
	at hudson.security.csrf.CrumbFilter.doFilter(CrumbFilter.java:105)
	at org.apache.catalina.core.ApplicationFilterChain.internalDoFilter(ApplicationFilterChain.java:241)
	at org.apache.catalina.core.ApplicationFilterChain.doFilter(ApplicationFilterChain.java:208)
	at hudson.security.ChainedServletFilter$1.doFilter(ChainedServletFilter.java:84)
	at hudson.security.UnwrapSecurityExceptionFilter.doFilter(UnwrapSecurityExceptionFilter.java:51)
	at hudson.security.ChainedServletFilter$1.doFilter(ChainedServletFilter.java:87)
	at jenkins.security.ExceptionTranslationFilter.doFilter(ExceptionTranslationFilter.java:117)
	at hudson.security.ChainedServletFilter$1.doFilter(ChainedServletFilter.java:87)
	at org.acegisecurity.providers.anonymous.AnonymousProcessingFilter.doFilter(AnonymousProcessingFilter.java:125)
	at hudson.security.ChainedServletFilter$1.doFilter(ChainedServletFilter.java:87)
	at org.acegisecurity.ui.rememberme.RememberMeProcessingFilter.doFilter(RememberMeProcessingFilter.java:142)
	at hudson.security.ChainedServletFilter$1.doFilter(ChainedServletFilter.java:87)
	at org.acegisecurity.ui.AbstractProcessingFilter.doFilter(AbstractProcessingFilter.java:271)
	at hudson.security.ChainedServletFilter$1.doFilter(ChainedServletFilter.java:87)
	at jenkins.security.BasicHeaderProcessor.doFilter(BasicHeaderProcessor.java:93)
	at hudson.security.ChainedServletFilter$1.doFilter(ChainedServletFilter.java:87)
	at org.acegisecurity.context.HttpSessionContextIntegrationFilter.doFilter(HttpSessionContextIntegrationFilter.java:249)
	at hudson.security.HttpSessionContextIntegrationFilter2.doFilter(HttpSessionContextIntegrationFilter2.java:67)
	at hudson.security.ChainedServletFilter$1.doFilter(ChainedServletFilter.java:87)
	at hudson.security.ChainedServletFilter.doFilter(ChainedServletFilter.java:90)
	at hudson.security.HudsonFilter.doFilter(HudsonFilter.java:171)
	at org.apache.catalina.core.ApplicationFilterChain.internalDoFilter(ApplicationFilterChain.java:241)
	at org.apache.catalina.core.ApplicationFilterChain.doFilter(ApplicationFilterChain.java:208)
	at org.kohsuke.stapler.compression.CompressionFilter.doFilter(CompressionFilter.java:49)
	at org.apache.catalina.core.ApplicationFilterChain.internalDoFilter(ApplicationFilterChain.java:241)
	at org.apache.catalina.core.ApplicationFilterChain.doFilter(ApplicationFilterChain.java:208)
	at hudson.util.CharacterEncodingFilter.doFilter(CharacterEncodingFilter.java:82)
	at org.apache.catalina.core.ApplicationFilterChain.internalDoFilter(ApplicationFilterChain.java:241)
	at org.apache.catalina.core.ApplicationFilterChain.doFilter(ApplicationFilterChain.java:208)
	at org.kohsuke.stapler.DiagnosticThreadNameFilter.doFilter(DiagnosticThreadNameFilter.java:30)
	at org.apache.catalina.core.ApplicationFilterChain.internalDoFilter(ApplicationFilterChain.java:241)
	at org.apache.catalina.core.ApplicationFilterChain.doFilter(ApplicationFilterChain.java:208)
	at org.apache.catalina.core.StandardWrapperValve.invoke(StandardWrapperValve.java:219)
	at org.apache.catalina.core.StandardContextValve.invoke(StandardContextValve.java:110)
	at org.apache.catalina.authenticator.AuthenticatorBase.invoke(AuthenticatorBase.java:615)
	at org.apache.catalina.core.StandardHostValve.invoke(StandardHostValve.java:169)
	at org.apache.catalina.valves.ErrorReportValve.invoke(ErrorReportValve.java:103)
	at org.apache.catalina.valves.AccessLogValve.invoke(AccessLogValve.java:962)
	at org.apache.catalina.core.StandardEngineValve.invoke(StandardEngineValve.java:116)
	at org.apache.catalina.connector.CoyoteAdapter.service(CoyoteAdapter.java:445)
	at org.apache.coyote.http11.AbstractHttp11Processor.process(AbstractHttp11Processor.java:1115)
	at org.apache.coyote.AbstractProtocol$AbstractConnectionHandler.process(AbstractProtocol.java:637)
	at org.apache.tomcat.util.net.JIoEndpoint$SocketProcessor.run(JIoEndpoint.java:318)
	at java.util.concurrent.ThreadPoolExecutor.runWorker(ThreadPoolExecutor.java:1149)
	at java.util.concurrent.ThreadPoolExecutor$Worker.run(ThreadPoolExecutor.java:624)
	at org.apache.tomcat.util.threads.TaskThread$WrappingRunnable.run(TaskThread.java:61)
	at java.lang.Thread.run(Thread.java:748)
Caused by: java.net.SocketException: Broken pipe (Write failed)
	at java.net.SocketOutputStream.socketWrite0(Native Method)
	at java.net.SocketOutputStream.socketWrite(SocketOutputStream.java:111)
	at java.net.SocketOutputStream.write(SocketOutputStream.java:155)
	at org.apache.coyote.http11.InternalOutputBuffer.realWriteBytes(InternalOutputBuffer.java:216)
	at org.apache.tomcat.util.buf.ByteChunk.flushBuffer(ByteChunk.java:442)
	at org.apache.tomcat.util.buf.ByteChunk.append(ByteChunk.java:347)
	at org.apache.coyote.http11.InternalOutputBuffer$OutputStreamOutputBuffer.doWrite(InternalOutputBuffer.java:239)
	at org.apache.coyote.http11.filters.ChunkedOutputFilter.doWrite(ChunkedOutputFilter.java:119)
	at org.apache.coyote.http11.AbstractOutputBuffer.doWrite(AbstractOutputBuffer.java:192)
	at org.apache.coyote.Response.doWrite(Response.java:495)
	at org.apache.catalina.connector.OutputBuffer.realWriteBytes(OutputBuffer.java:405)
	... 80 more

Feb 21, 2018 3:48:43 PM hudson.model.Run execute
INFO: simplewebapp #15 main build action completed: FAILURE
Feb 21, 2018 3:55:34 PM hudson.model.Run execute
INFO: simplewebapp #16 main build action completed: SUCCESS
Feb 21, 2018 3:58:14 PM hudson.model.Run execute
INFO: simplewebapp #17 main build action completed: SUCCESS
Feb 21, 2018 4:05:10 PM hudson.remoting.SynchronousCommandTransport$ReaderThread run
SEVERE: I/O error in channel slave1
java.io.IOException: Unexpected termination of the channel
	at hudson.remoting.SynchronousCommandTransport$ReaderThread.run(SynchronousCommandTransport.java:77)
Caused by: java.io.EOFException
	at java.io.ObjectInputStream$PeekInputStream.readFully(ObjectInputStream.java:2671)
	at java.io.ObjectInputStream$BlockDataInputStream.readShort(ObjectInputStream.java:3146)
	at java.io.ObjectInputStream.readStreamHeader(ObjectInputStream.java:858)
	at java.io.ObjectInputStream.<init>(ObjectInputStream.java:354)
	at hudson.remoting.ObjectInputStreamEx.<init>(ObjectInputStreamEx.java:48)
	at hudson.remoting.AbstractSynchronousByteArrayCommandTransport.read(AbstractSynchronousByteArrayCommandTransport.java:35)
	at hudson.remoting.SynchronousCommandTransport$ReaderThread.run(SynchronousCommandTransport.java:63)

Feb 21, 2018 4:05:31 PM hudson.slaves.SlaveComputer tryReconnect
INFO: Attempting to reconnect slave1
Feb 21, 2018 4:07:31 PM hudson.slaves.SlaveComputer tryReconnect
INFO: Attempting to reconnect slave1
Feb 21, 2018 4:09:31 PM hudson.slaves.SlaveComputer tryReconnect
INFO: Attempting to reconnect slave1
Feb 21, 2018 4:11:31 PM hudson.slaves.SlaveComputer tryReconnect
INFO: Attempting to reconnect slave1
Feb 21, 2018 4:13:31 PM hudson.slaves.SlaveComputer tryReconnect
INFO: Attempting to reconnect slave1
Feb 21, 2018 4:24:21 PM org.apache.coyote.AbstractProtocol pause
INFO: Pausing ProtocolHandler ["http-bio-8080"]
Feb 21, 2018 4:24:24 PM org.apache.coyote.AbstractProtocol pause
INFO: Pausing ProtocolHandler ["ajp-bio-8009"]
Feb 21, 2018 4:24:25 PM org.apache.catalina.core.StandardService stopInternal
INFO: Stopping service Catalina
Feb 21, 2018 4:24:52 PM jenkins.model.Jenkins cleanUp
INFO: Stopping Jenkins
