Feb 20, 2018 3:44:15 PM org.apache.catalina.startup.VersionLoggerListener log
INFO: Server version:        Apache Tomcat/7.0.84
Feb 20, 2018 3:44:15 PM org.apache.catalina.startup.VersionLoggerListener log
INFO: Server built:          Jan 19 2018 15:01:35 UTC
Feb 20, 2018 3:44:15 PM org.apache.catalina.startup.VersionLoggerListener log
INFO: Server number:         7.0.84.0
Feb 20, 2018 3:44:15 PM org.apache.catalina.startup.VersionLoggerListener log
INFO: OS Name:               Linux
Feb 20, 2018 3:44:15 PM org.apache.catalina.startup.VersionLoggerListener log
INFO: OS Version:            4.13.0-32-generic
Feb 20, 2018 3:44:15 PM org.apache.catalina.startup.VersionLoggerListener log
INFO: Architecture:          amd64
Feb 20, 2018 3:44:15 PM org.apache.catalina.startup.VersionLoggerListener log
INFO: Java Home:             /home/gamut/softwares/jdk1.8.0_161/jre
Feb 20, 2018 3:44:15 PM org.apache.catalina.startup.VersionLoggerListener log
INFO: JVM Version:           1.8.0_161-b12
Feb 20, 2018 3:44:15 PM org.apache.catalina.startup.VersionLoggerListener log
INFO: JVM Vendor:            Oracle Corporation
Feb 20, 2018 3:44:15 PM org.apache.catalina.startup.VersionLoggerListener log
INFO: CATALINA_BASE:         /home/gamut/softwares/apache-tomcat-7.0.84
Feb 20, 2018 3:44:15 PM org.apache.catalina.startup.VersionLoggerListener log
INFO: CATALINA_HOME:         /home/gamut/softwares/apache-tomcat-7.0.84
Feb 20, 2018 3:44:15 PM org.apache.catalina.startup.VersionLoggerListener log
INFO: Command line argument: -Djava.util.logging.config.file=/home/gamut/softwares/apache-tomcat-7.0.84/conf/logging.properties
Feb 20, 2018 3:44:15 PM org.apache.catalina.startup.VersionLoggerListener log
INFO: Command line argument: -Djava.util.logging.manager=org.apache.juli.ClassLoaderLogManager
Feb 20, 2018 3:44:15 PM org.apache.catalina.startup.VersionLoggerListener log
INFO: Command line argument: -Djdk.tls.ephemeralDHKeySize=2048
Feb 20, 2018 3:44:15 PM org.apache.catalina.startup.VersionLoggerListener log
INFO: Command line argument: -Dignore.endorsed.dirs=
Feb 20, 2018 3:44:15 PM org.apache.catalina.startup.VersionLoggerListener log
INFO: Command line argument: -Dcatalina.base=/home/gamut/softwares/apache-tomcat-7.0.84
Feb 20, 2018 3:44:15 PM org.apache.catalina.startup.VersionLoggerListener log
INFO: Command line argument: -Dcatalina.home=/home/gamut/softwares/apache-tomcat-7.0.84
Feb 20, 2018 3:44:15 PM org.apache.catalina.startup.VersionLoggerListener log
INFO: Command line argument: -Djava.io.tmpdir=/home/gamut/softwares/apache-tomcat-7.0.84/temp
Feb 20, 2018 3:44:15 PM org.apache.catalina.core.AprLifecycleListener lifecycleEvent
INFO: The APR based Apache Tomcat Native library which allows optimal performance in production environments was not found on the java.library.path: /usr/java/packages/lib/amd64:/usr/lib64:/lib64:/lib:/usr/lib
Feb 20, 2018 3:44:16 PM org.apache.coyote.AbstractProtocol init
INFO: Initializing ProtocolHandler ["http-bio-8080"]
Feb 20, 2018 3:44:16 PM org.apache.coyote.AbstractProtocol init
INFO: Initializing ProtocolHandler ["ajp-bio-8009"]
Feb 20, 2018 3:44:16 PM org.apache.catalina.startup.Catalina load
INFO: Initialization processed in 3198 ms
Feb 20, 2018 3:44:16 PM org.apache.catalina.core.StandardService startInternal
INFO: Starting service Catalina
Feb 20, 2018 3:44:16 PM org.apache.catalina.core.StandardEngine startInternal
INFO: Starting Servlet Engine: Apache Tomcat/7.0.84
Feb 20, 2018 3:44:16 PM org.apache.catalina.startup.HostConfig deployWAR
INFO: Deploying web application archive /home/gamut/softwares/apache-tomcat-7.0.84/webapps/jenkins.war
Feb 20, 2018 3:44:18 PM org.apache.catalina.deploy.WebXml setVersion
WARNING: Unknown version string [3.1]. Default version will be used.
Feb 20, 2018 3:44:24 PM org.apache.catalina.startup.ContextConfig validateSecurityRoles
WARNING: Security role name ** used in an <auth-constraint> without being defined in a <security-role>
Feb 20, 2018 3:44:24 PM org.apache.catalina.startup.TldConfig execute
INFO: At least one JAR was scanned for TLDs yet contained no TLDs. Enable debug logging for this logger for a complete list of JARs that were scanned but no TLDs were found in them. Skipping unneeded JARs during scanning can improve startup time and JSP compilation time.
Feb 20, 2018 3:44:26 PM org.apache.catalina.startup.HostConfig deployWAR
INFO: Deployment of web application archive /home/gamut/softwares/apache-tomcat-7.0.84/webapps/jenkins.war has finished in 9,893 ms
Feb 20, 2018 3:44:26 PM org.apache.catalina.startup.HostConfig deployWAR
INFO: Deploying web application archive /home/gamut/softwares/apache-tomcat-7.0.84/webapps/simple-web-app.war
Feb 20, 2018 3:44:30 PM jenkins.InitReactorRunner$1 onAttained
INFO: Started initialization
Feb 20, 2018 3:44:30 PM org.apache.catalina.startup.TldConfig execute
INFO: At least one JAR was scanned for TLDs yet contained no TLDs. Enable debug logging for this logger for a complete list of JARs that were scanned but no TLDs were found in them. Skipping unneeded JARs during scanning can improve startup time and JSP compilation time.
Feb 20, 2018 3:44:38 PM jenkins.InitReactorRunner$1 onAttained
INFO: Listed all plugins
Feb 20, 2018 3:44:39 PM org.apache.catalina.startup.HostConfig deployWAR
INFO: Deployment of web application archive /home/gamut/softwares/apache-tomcat-7.0.84/webapps/simple-web-app.war has finished in 13,516 ms
Feb 20, 2018 3:44:39 PM org.apache.catalina.startup.HostConfig deployDirectory
INFO: Deploying web application directory /home/gamut/softwares/apache-tomcat-7.0.84/webapps/docs
Feb 20, 2018 3:44:40 PM org.apache.catalina.startup.HostConfig deployDirectory
INFO: Deployment of web application directory /home/gamut/softwares/apache-tomcat-7.0.84/webapps/docs has finished in 123 ms
Feb 20, 2018 3:44:40 PM org.apache.catalina.startup.HostConfig deployDirectory
INFO: Deploying web application directory /home/gamut/softwares/apache-tomcat-7.0.84/webapps/host-manager
Feb 20, 2018 3:44:40 PM org.apache.catalina.startup.HostConfig deployDirectory
INFO: Deployment of web application directory /home/gamut/softwares/apache-tomcat-7.0.84/webapps/host-manager has finished in 181 ms
Feb 20, 2018 3:44:40 PM org.apache.catalina.startup.HostConfig deployDirectory
INFO: Deploying web application directory /home/gamut/softwares/apache-tomcat-7.0.84/webapps/examples
Feb 20, 2018 3:44:40 PM org.apache.catalina.startup.HostConfig deployDirectory
INFO: Deployment of web application directory /home/gamut/softwares/apache-tomcat-7.0.84/webapps/examples has finished in 700 ms
Feb 20, 2018 3:44:40 PM org.apache.catalina.startup.HostConfig deployDirectory
INFO: Deploying web application directory /home/gamut/softwares/apache-tomcat-7.0.84/webapps/manager
Feb 20, 2018 3:44:41 PM org.apache.catalina.startup.HostConfig deployDirectory
INFO: Deployment of web application directory /home/gamut/softwares/apache-tomcat-7.0.84/webapps/manager has finished in 118 ms
Feb 20, 2018 3:44:41 PM org.apache.catalina.startup.HostConfig deployDirectory
INFO: Deploying web application directory /home/gamut/softwares/apache-tomcat-7.0.84/webapps/ROOT
Feb 20, 2018 3:44:41 PM org.apache.catalina.startup.HostConfig deployDirectory
INFO: Deployment of web application directory /home/gamut/softwares/apache-tomcat-7.0.84/webapps/ROOT has finished in 123 ms
Feb 20, 2018 3:44:41 PM org.apache.coyote.AbstractProtocol start
INFO: Starting ProtocolHandler ["http-bio-8080"]
Feb 20, 2018 3:44:41 PM org.apache.coyote.AbstractProtocol start
INFO: Starting ProtocolHandler ["ajp-bio-8009"]
Feb 20, 2018 3:44:41 PM org.apache.catalina.startup.Catalina start
INFO: Server startup in 25111 ms
Feb 20, 2018 3:44:45 PM jenkins.InitReactorRunner$1 onAttained
INFO: Prepared all plugins
Feb 20, 2018 3:44:45 PM jenkins.InitReactorRunner$1 onAttained
INFO: Started all plugins
Feb 20, 2018 3:44:47 PM hudson.ExtensionFinder$GuiceFinder$FaultTolerantScope$1 error
INFO: Failed to instantiate optional component hudson.plugins.build_timeout.operations.AbortAndRestartOperation$DescriptorImpl; skipping
Feb 20, 2018 3:44:47 PM jenkins.InitReactorRunner$1 onAttained
INFO: Augmented all extensions
Feb 20, 2018 3:44:48 PM hudson.slaves.SlaveComputer tryReconnect
INFO: Attempting to reconnect slave1
Feb 20, 2018 3:44:48 PM jenkins.InitReactorRunner$1 onAttained
INFO: Loaded all jobs
Feb 20, 2018 3:44:48 PM hudson.model.AsyncPeriodicWork$1 run
INFO: Started Download metadata
Feb 20, 2018 3:44:49 PM org.springframework.context.support.AbstractApplicationContext prepareRefresh
INFO: Refreshing org.springframework.web.context.support.StaticWebApplicationContext@518df1d8: display name [Root WebApplicationContext]; startup date [Tue Feb 20 15:44:49 IST 2018]; root of context hierarchy
Feb 20, 2018 3:44:49 PM org.springframework.context.support.AbstractApplicationContext obtainFreshBeanFactory
INFO: Bean factory for application context [org.springframework.web.context.support.StaticWebApplicationContext@518df1d8]: org.springframework.beans.factory.support.DefaultListableBeanFactory@4fc6d22c
Feb 20, 2018 3:44:49 PM org.springframework.beans.factory.support.DefaultListableBeanFactory preInstantiateSingletons
INFO: Pre-instantiating singletons in org.springframework.beans.factory.support.DefaultListableBeanFactory@4fc6d22c: defining beans [authenticationManager]; root of factory hierarchy
Feb 20, 2018 3:44:49 PM org.springframework.context.support.AbstractApplicationContext prepareRefresh
INFO: Refreshing org.springframework.web.context.support.StaticWebApplicationContext@33516f84: display name [Root WebApplicationContext]; startup date [Tue Feb 20 15:44:49 IST 2018]; root of context hierarchy
Feb 20, 2018 3:44:49 PM org.springframework.context.support.AbstractApplicationContext obtainFreshBeanFactory
INFO: Bean factory for application context [org.springframework.web.context.support.StaticWebApplicationContext@33516f84]: org.springframework.beans.factory.support.DefaultListableBeanFactory@41684258
Feb 20, 2018 3:44:49 PM org.springframework.beans.factory.support.DefaultListableBeanFactory preInstantiateSingletons
INFO: Pre-instantiating singletons in org.springframework.beans.factory.support.DefaultListableBeanFactory@41684258: defining beans [filter,legacy]; root of factory hierarchy
Feb 20, 2018 3:44:49 PM jenkins.InitReactorRunner$1 onAttained
INFO: Completed initialization
Feb 20, 2018 3:44:49 PM hudson.WebAppMain$3 run
INFO: Jenkins is fully up and running
Feb 20, 2018 3:44:54 PM hudson.slaves.SlaveComputer tryReconnect
INFO: Attempting to reconnect slave1
Feb 20, 2018 3:44:57 PM hudson.model.UpdateSite updateData
INFO: Obtained the latest update center data file for UpdateSource default
Feb 20, 2018 3:44:58 PM hudson.model.DownloadService$Downloadable load
INFO: Obtained the updated data file for hudson.tasks.Maven.MavenInstaller
Feb 20, 2018 3:44:58 PM hudson.model.DownloadService$Downloadable load
INFO: Obtained the updated data file for hudson.tasks.Ant.AntInstaller
Feb 20, 2018 3:44:59 PM hudson.model.DownloadService$Downloadable load
INFO: Obtained the updated data file for hudson.plugins.gradle.GradleInstaller
Feb 20, 2018 3:45:01 PM hudson.model.DownloadService$Downloadable load
INFO: Obtained the updated data file for hudson.tools.JDKInstaller
Feb 20, 2018 3:45:01 PM hudson.model.AsyncPeriodicWork$1 run
INFO: Finished Download metadata. 12,789 ms
Feb 20, 2018 3:46:54 PM hudson.slaves.SlaveComputer tryReconnect
INFO: Attempting to reconnect slave1
Feb 20, 2018 3:48:54 PM hudson.slaves.SlaveComputer tryReconnect
INFO: Attempting to reconnect slave1
Feb 20, 2018 3:49:54 PM hudson.slaves.SlaveComputer tryReconnect
INFO: Attempting to reconnect slave1
Feb 20, 2018 4:03:54 PM hudson.slaves.SlaveComputer tryReconnect
INFO: Attempting to reconnect slave1
Feb 20, 2018 4:14:44 PM org.springframework.context.support.AbstractApplicationContext prepareRefresh
INFO: Refreshing org.springframework.web.context.support.StaticWebApplicationContext@3116b924: display name [Root WebApplicationContext]; startup date [Tue Feb 20 16:14:44 IST 2018]; root of context hierarchy
Feb 20, 2018 4:14:44 PM org.springframework.context.support.AbstractApplicationContext obtainFreshBeanFactory
INFO: Bean factory for application context [org.springframework.web.context.support.StaticWebApplicationContext@3116b924]: org.springframework.beans.factory.support.DefaultListableBeanFactory@7da960ce
Feb 20, 2018 4:14:44 PM org.springframework.beans.factory.support.DefaultListableBeanFactory preInstantiateSingletons
INFO: Pre-instantiating singletons in org.springframework.beans.factory.support.DefaultListableBeanFactory@7da960ce: defining beans [authenticationManager]; root of factory hierarchy
Feb 20, 2018 4:14:45 PM org.springframework.context.support.AbstractApplicationContext prepareRefresh
INFO: Refreshing org.springframework.web.context.support.StaticWebApplicationContext@128761a2: display name [Root WebApplicationContext]; startup date [Tue Feb 20 16:14:45 IST 2018]; root of context hierarchy
Feb 20, 2018 4:14:45 PM org.springframework.context.support.AbstractApplicationContext obtainFreshBeanFactory
INFO: Bean factory for application context [org.springframework.web.context.support.StaticWebApplicationContext@128761a2]: org.springframework.beans.factory.support.DefaultListableBeanFactory@77a750bc
Feb 20, 2018 4:14:45 PM org.springframework.beans.factory.support.DefaultListableBeanFactory preInstantiateSingletons
INFO: Pre-instantiating singletons in org.springframework.beans.factory.support.DefaultListableBeanFactory@77a750bc: defining beans [filter,legacy]; root of factory hierarchy
Feb 20, 2018 4:14:47 PM org.springframework.context.support.AbstractApplicationContext prepareRefresh
INFO: Refreshing org.springframework.web.context.support.StaticWebApplicationContext@10cce34: display name [Root WebApplicationContext]; startup date [Tue Feb 20 16:14:47 IST 2018]; root of context hierarchy
Feb 20, 2018 4:14:47 PM org.springframework.context.support.AbstractApplicationContext obtainFreshBeanFactory
INFO: Bean factory for application context [org.springframework.web.context.support.StaticWebApplicationContext@10cce34]: org.springframework.beans.factory.support.DefaultListableBeanFactory@445eae18
Feb 20, 2018 4:14:47 PM org.springframework.beans.factory.support.DefaultListableBeanFactory preInstantiateSingletons
INFO: Pre-instantiating singletons in org.springframework.beans.factory.support.DefaultListableBeanFactory@445eae18: defining beans [authenticationManager]; root of factory hierarchy
Feb 20, 2018 4:14:47 PM org.springframework.context.support.AbstractApplicationContext prepareRefresh
INFO: Refreshing org.springframework.web.context.support.StaticWebApplicationContext@20a673a9: display name [Root WebApplicationContext]; startup date [Tue Feb 20 16:14:47 IST 2018]; root of context hierarchy
Feb 20, 2018 4:14:47 PM org.springframework.context.support.AbstractApplicationContext obtainFreshBeanFactory
INFO: Bean factory for application context [org.springframework.web.context.support.StaticWebApplicationContext@20a673a9]: org.springframework.beans.factory.support.DefaultListableBeanFactory@5c919654
Feb 20, 2018 4:14:47 PM org.springframework.beans.factory.support.DefaultListableBeanFactory preInstantiateSingletons
INFO: Pre-instantiating singletons in org.springframework.beans.factory.support.DefaultListableBeanFactory@5c919654: defining beans [filter,legacy]; root of factory hierarchy
Feb 20, 2018 4:25:54 PM hudson.slaves.SlaveComputer tryReconnect
INFO: Attempting to reconnect slave1
Feb 20, 2018 4:31:19 PM org.apache.coyote.AbstractProtocol pause
INFO: Pausing ProtocolHandler ["http-bio-8080"]
Feb 20, 2018 4:31:23 PM org.apache.coyote.AbstractProtocol pause
INFO: Pausing ProtocolHandler ["ajp-bio-8009"]
Feb 20, 2018 4:31:24 PM org.apache.catalina.core.StandardService stopInternal
INFO: Stopping service Catalina
