Feb 23, 2018 10:23:05 AM org.apache.catalina.core.ApplicationContext log
INFO: ContextListener: contextInitialized()
Feb 23, 2018 10:23:05 AM org.apache.catalina.core.ApplicationContext log
INFO: SessionListener: contextInitialized()
Feb 23, 2018 10:23:05 AM org.apache.catalina.core.ApplicationContext log
INFO: ContextListener: attributeAdded('StockTicker', 'async.Stockticker@2fe0381d')
Feb 23, 2018 10:23:05 AM org.apache.catalina.core.ApplicationContext log
INFO: ContextListener: attributeAdded('org.apache.jasper.compiler.TldLocationsCache', 'org.apache.jasper.compiler.TldLocationsCache@24986eed')
Feb 23, 2018 11:07:33 AM org.apache.catalina.core.ApplicationContext log
INFO: ContextListener: contextInitialized()
Feb 23, 2018 11:07:33 AM org.apache.catalina.core.ApplicationContext log
INFO: SessionListener: contextInitialized()
Feb 23, 2018 11:07:33 AM org.apache.catalina.core.ApplicationContext log
INFO: ContextListener: attributeAdded('StockTicker', 'async.Stockticker@40e20426')
Feb 23, 2018 11:07:33 AM org.apache.catalina.core.ApplicationContext log
INFO: ContextListener: attributeAdded('org.apache.jasper.compiler.TldLocationsCache', 'org.apache.jasper.compiler.TldLocationsCache@4f50e7b9')
Feb 23, 2018 12:38:42 PM org.apache.catalina.core.ApplicationContext log
INFO: SessionListener: contextDestroyed()
Feb 23, 2018 12:38:42 PM org.apache.catalina.core.ApplicationContext log
INFO: ContextListener: contextDestroyed()
