2018-03-05 10:39:10,227+0530 INFO  [jetty-main-1]  org.sonatype.nexus.events.EventSubscriberHost - Initialized
2018-03-05 10:39:10,232+0530 INFO  [jetty-main-1]  org.sonatype.nexus.NxApplication - 
-------------------------------------------------

Initializing Nexus Repository Manager OSS 2.14.7-01

-------------------------------------------------
2018-03-05 10:39:10,232+0530 INFO  [jetty-main-1]  org.sonatype.nexus.NxApplication - Activating locally installed plugins...
2018-03-05 10:39:28,619+0530 INFO  [jetty-main-1]  com.sun.jersey.server.impl.application.WebApplicationImpl - Initiating Jersey application, version 'Jersey: 1.17.1 02/28/2013 12:47 PM'
2018-03-05 10:39:48,205+0530 INFO  [jetty-main-1]  org.sonatype.nexus.plugins.bcprov.CryptoPlugin - Unlimited strength JCE policy detected
2018-03-05 10:39:55,878+0530 INFO  [jetty-main-1]  org.sonatype.nexus.kazuki.KazukiPlugin - Kazuki version: 0.1.8
2018-03-05 10:40:09,349+0530 INFO  [jetty-main-1]  org.sonatype.nexus.proxy.registry.DefaultRepositoryTypeRegistry - Registered Repository type RepositoryType=(org.sonatype.nexus.proxy.repository.Repository:nuget-proxy).
2018-03-05 10:40:09,350+0530 INFO  [jetty-main-1]  org.sonatype.nexus.proxy.registry.DefaultRepositoryTypeRegistry - Registered Repository type RepositoryType=(org.sonatype.nexus.proxy.repository.ShadowRepository:nuget-shadow).
2018-03-05 10:40:09,350+0530 INFO  [jetty-main-1]  org.sonatype.nexus.proxy.registry.DefaultRepositoryTypeRegistry - Registered Repository type RepositoryType=(org.sonatype.nexus.proxy.repository.GroupRepository:nuget-group).
2018-03-05 10:40:23,139+0530 INFO  [jetty-main-1]  org.sonatype.nexus.proxy.registry.DefaultRepositoryTypeRegistry - Registered Repository type RepositoryType=(org.sonatype.nexus.proxy.repository.Repository:npm-proxy).
2018-03-05 10:40:23,139+0530 INFO  [jetty-main-1]  org.sonatype.nexus.proxy.registry.DefaultRepositoryTypeRegistry - Registered Repository type RepositoryType=(org.sonatype.nexus.proxy.repository.Repository:npm-hosted).
2018-03-05 10:40:23,139+0530 INFO  [jetty-main-1]  org.sonatype.nexus.proxy.registry.DefaultRepositoryTypeRegistry - Registered Repository type RepositoryType=(org.sonatype.nexus.proxy.repository.GroupRepository:npm-group).
2018-03-05 10:40:30,592+0530 INFO  [jetty-main-1]  org.sonatype.nexus.proxy.registry.DefaultRepositoryTypeRegistry - Registered Repository type RepositoryType=(org.sonatype.nexus.proxy.repository.Repository:rubygems-proxy).
2018-03-05 10:40:30,717+0530 INFO  [jetty-main-1]  org.sonatype.nexus.proxy.registry.DefaultRepositoryTypeRegistry - Registered Repository type RepositoryType=(org.sonatype.nexus.proxy.repository.Repository:rubygems-hosted).
2018-03-05 10:40:30,722+0530 INFO  [jetty-main-1]  org.sonatype.nexus.proxy.registry.DefaultRepositoryTypeRegistry - Registered Repository type RepositoryType=(org.sonatype.nexus.proxy.repository.GroupRepository:rubygems-group).
2018-03-05 10:40:33,726+0530 INFO  [jetty-main-1]  org.sonatype.nexus.proxy.registry.DefaultRepositoryTypeRegistry - Registered Repository type RepositoryType=(org.sonatype.nexus.proxy.repository.WebSiteRepository:site).
2018-03-05 10:40:35,655+0530 INFO  [jetty-main-1]  org.sonatype.nexus.NxApplication - Plugin manager request "ACTIVATE" on plugin "org.sonatype.nexus.plugins:nexus-rrb-plugin:2.14.7-01" was successful.
2018-03-05 10:40:35,655+0530 INFO  [jetty-main-1]  org.sonatype.nexus.NxApplication - Plugin manager request "ACTIVATE" on plugin "org.sonatype.nexus.plugins:nexus-plugin-console-plugin:2.14.7-01" was successful.
2018-03-05 10:40:35,655+0530 INFO  [jetty-main-1]  org.sonatype.nexus.NxApplication - Plugin manager request "ACTIVATE" on plugin "org.sonatype.nexus.plugins:nexus-siesta-plugin:2.14.7-01" was successful.
2018-03-05 10:40:35,655+0530 INFO  [jetty-main-1]  org.sonatype.nexus.NxApplication - Plugin manager request "ACTIVATE" on plugin "org.sonatype.nexus.plugins:nexus-archetype-plugin:2.14.7-01" was successful.
2018-03-05 10:40:35,655+0530 INFO  [jetty-main-1]  org.sonatype.nexus.NxApplication - Plugin manager request "ACTIVATE" on plugin "org.sonatype.nexus.plugins:nexus-atlas-plugin:2.14.7-01" was successful.
2018-03-05 10:40:35,655+0530 INFO  [jetty-main-1]  org.sonatype.nexus.NxApplication - Plugin manager request "ACTIVATE" on plugin "com.sonatype.nexus.plugins:nexus-outreach-plugin:2.14.7-01" was successful.
2018-03-05 10:40:35,656+0530 INFO  [jetty-main-1]  org.sonatype.nexus.NxApplication - Plugin manager request "ACTIVATE" on plugin "org.sonatype.nexus.plugins:nexus-h2-plugin:2.14.7-01" was successful.
2018-03-05 10:40:35,656+0530 INFO  [jetty-main-1]  org.sonatype.nexus.NxApplication - Plugin manager request "ACTIVATE" on plugin "org.sonatype.nexus.plugins:nexus-logging-plugin:2.14.7-01" was successful.
2018-03-05 10:40:35,656+0530 INFO  [jetty-main-1]  org.sonatype.nexus.NxApplication - Plugin manager request "ACTIVATE" on plugin "org.sonatype.nexus.plugins:nexus-content-plugin:2.14.7-01" was successful.
2018-03-05 10:40:35,656+0530 INFO  [jetty-main-1]  org.sonatype.nexus.NxApplication - Plugin manager request "ACTIVATE" on plugin "org.sonatype.nexus.plugins:nexus-crypto-plugin:2.14.7-01" was successful.
2018-03-05 10:40:35,656+0530 INFO  [jetty-main-1]  org.sonatype.nexus.NxApplication - Plugin manager request "ACTIVATE" on plugin "org.sonatype.nexus.plugins:nexus-lvo-plugin:2.14.7-01" was successful.
2018-03-05 10:40:35,656+0530 INFO  [jetty-main-1]  org.sonatype.nexus.NxApplication - Plugin manager request "ACTIVATE" on plugin "com.sonatype.nexus.plugins:nexus-healthcheck-oss-plugin:2.14.7-01" was successful.
2018-03-05 10:40:35,656+0530 INFO  [jetty-main-1]  org.sonatype.nexus.NxApplication - Plugin manager request "ACTIVATE" on plugin "org.sonatype.nexus.plugins:nexus-rutauth-plugin:2.14.7-01" was successful.
2018-03-05 10:40:35,656+0530 INFO  [jetty-main-1]  org.sonatype.nexus.NxApplication - Plugin manager request "ACTIVATE" on plugin "org.sonatype.nexus.plugins:nexus-webresources-plugin:2.14.7-01" was successful.
2018-03-05 10:40:35,656+0530 INFO  [jetty-main-1]  org.sonatype.nexus.NxApplication - Plugin manager request "ACTIVATE" on plugin "com.sonatype.nexus.plugins:nexus-nuget-plugin:2.14.7-01" was successful.
2018-03-05 10:40:35,656+0530 INFO  [jetty-main-1]  org.sonatype.nexus.NxApplication - Plugin manager request "ACTIVATE" on plugin "org.sonatype.nexus.plugins:nexus-maven-bridge-plugin:2.14.7-01" was successful.
2018-03-05 10:40:35,656+0530 INFO  [jetty-main-1]  org.sonatype.nexus.NxApplication - Plugin manager request "ACTIVATE" on plugin "org.sonatype.nexus.plugins:nexus-groovy-plugin:2.14.7-01" was successful.
2018-03-05 10:40:35,656+0530 INFO  [jetty-main-1]  org.sonatype.nexus.NxApplication - Plugin manager request "ACTIVATE" on plugin "org.sonatype.nexus.plugins:nexus-wonderland-plugin:2.14.7-01" was successful.
2018-03-05 10:40:35,656+0530 INFO  [jetty-main-1]  org.sonatype.nexus.NxApplication - Plugin manager request "ACTIVATE" on plugin "org.sonatype.nexus.plugins:nexus-yum-repository-plugin:2.14.7-01" was successful.
2018-03-05 10:40:35,656+0530 INFO  [jetty-main-1]  org.sonatype.nexus.NxApplication - Plugin manager request "ACTIVATE" on plugin "org.sonatype.nexus.plugins:nexus-orient-plugin:2.14.7-01" was successful.
2018-03-05 10:40:35,656+0530 INFO  [jetty-main-1]  org.sonatype.nexus.NxApplication - Plugin manager request "ACTIVATE" on plugin "org.sonatype.nexus.plugins:nexus-indexer-lucene-plugin:2.14.7-01" was successful.
2018-03-05 10:40:35,656+0530 INFO  [jetty-main-1]  org.sonatype.nexus.NxApplication - Plugin manager request "ACTIVATE" on plugin "org.sonatype.nexus.plugins:nexus-capabilities-plugin:2.14.7-01" was successful.
2018-03-05 10:40:35,656+0530 INFO  [jetty-main-1]  org.sonatype.nexus.NxApplication - Plugin manager request "ACTIVATE" on plugin "com.sonatype.nexus.plugins:nexus-migrationagent-plugin:2.14.7-01" was successful.
2018-03-05 10:40:35,656+0530 INFO  [jetty-main-1]  org.sonatype.nexus.NxApplication - Plugin manager request "ACTIVATE" on plugin "org.sonatype.nexus.plugins:nexus-npm-repository-plugin:2.14.7-01" was successful.
2018-03-05 10:40:35,656+0530 INFO  [jetty-main-1]  org.sonatype.nexus.NxApplication - Plugin manager request "ACTIVATE" on plugin "org.sonatype.nexus.plugins:nexus-ui-extjs3-plugin:2.14.7-01" was successful.
2018-03-05 10:40:35,656+0530 INFO  [jetty-main-1]  org.sonatype.nexus.NxApplication - Plugin manager request "ACTIVATE" on plugin "org.sonatype.nexus.plugins:nexus-restlet1x-plugin:2.14.7-01" was successful.
2018-03-05 10:40:35,656+0530 INFO  [jetty-main-1]  org.sonatype.nexus.NxApplication - Plugin manager request "ACTIVATE" on plugin "org.sonatype.nexus.plugins:nexus-ruby-plugin:2.14.7-01" was successful.
2018-03-05 10:40:35,656+0530 INFO  [jetty-main-1]  org.sonatype.nexus.NxApplication - Plugin manager request "ACTIVATE" on plugin "org.sonatype.nexus.plugins:nexus-ldap-realm-plugin:2.14.7-01" was successful.
2018-03-05 10:40:35,656+0530 INFO  [jetty-main-1]  org.sonatype.nexus.NxApplication - Plugin manager request "ACTIVATE" on plugin "org.sonatype.nexus.plugins:nexus-kazuki-plugin:2.14.7-01" was successful.
2018-03-05 10:40:35,656+0530 INFO  [jetty-main-1]  org.sonatype.nexus.NxApplication - Plugin manager request "ACTIVATE" on plugin "org.sonatype.nexus.plugins:nexus-site-repository-plugin:2.14.7-01" was successful.
2018-03-05 10:40:35,656+0530 INFO  [jetty-main-1]  org.sonatype.nexus.NxApplication - Plugin manager request "ACTIVATE" on plugin "org.sonatype.nexus.plugins:nexus-timeline-plugin:2.14.7-01" was successful.
2018-03-05 10:40:35,656+0530 INFO  [jetty-main-1]  org.sonatype.nexus.NxApplication - Plugin manager request "ACTIVATE" on plugin "com.sonatype.nexus.plugins:nexus-analytics-plugin:2.14.7-01" was successful.
2018-03-05 10:40:35,656+0530 INFO  [jetty-main-1]  org.sonatype.nexus.events.EventSubscriberHost - Starting
2018-03-05 10:40:35,758+0530 INFO  [jetty-main-1]  org.sonatype.nexus.timeline.DefaultNexusTimeline - Initializing Nexus Timeline...
2018-03-05 10:40:35,774+0530 INFO  [jetty-main-1]  org.sonatype.nexus.timeline.DefaultNexusTimeline - Starting Nexus Timeline...
2018-03-05 10:40:38,551+0530 INFO  [jetty-main-1]  org.sonatype.timeline.internal.DefaultTimeline - Started Timeline...
2018-03-05 10:40:44,273+0530 INFO  [jetty-main-1]  org.sonatype.nexus.apachehttpclient.Hc4ProviderImpl - Started (connectionPoolMaxSize 200, connectionPoolSize 20, connectionPoolIdleTime 30000 ms, connectionPoolTimeout 30000 ms, keepAliveMaxDuration 30000 ms)
2018-03-05 10:40:46,242+0530 INFO  [jetty-main-1]  org.sonatype.nexus.orient.DatabaseServerImpl - OrientDB version: 2.1.14
2018-03-05 10:40:46,257+0530 INFO  [jetty-main-1]  com.orientechnologies.orient.server.OServer - OrientDB Server v2.1.14 is starting up...
2018-03-05 10:40:46,261+0530 INFO  [jetty-main-1]  com.orientechnologies.orient.server.OServer - Databases directory: /home/gamut/softwares/sonatype-work/nexus/db
2018-03-05 10:40:46,308+0530 INFO  [jetty-main-1]  com.orientechnologies.orient.server.handler.OJMXPlugin - JMX plugin installed and active: profilerManaged=true
2018-03-05 10:40:46,309+0530 INFO  [jetty-main-1]  com.orientechnologies.orient.server.OServer - OrientDB Server v2.1.14 is active.
2018-03-05 10:40:46,310+0530 INFO  [jetty-main-1]  org.sonatype.nexus.orient.DatabaseServerImpl - Activated
2018-03-05 10:40:46,310+0530 INFO  [jetty-main-1]  org.sonatype.nexus.configuration.application.DefaultNexusConfiguration - Loading Nexus Configuration...
2018-03-05 10:40:46,523+0530 INFO  [jetty-main-1]  org.sonatype.nexus.configuration.source.StaticConfigurationSource - Configuration loaded successfully.
2018-03-05 10:40:46,570+0530 INFO  [jetty-main-1]  org.sonatype.nexus.configuration.source.FileConfigurationSource - Configuration loaded successfully.
2018-03-05 10:40:47,730+0530 INFO  [jetty-main-1]  org.sonatype.nexus.configuration.source.FileConfigurationSource - Nexus configuration validated successfully.
2018-03-05 10:40:47,953+0530 INFO  [jetty-main-1]  org.sonatype.nexus.configuration.application.DefaultNexusConfiguration - Applying Nexus Configuration...
2018-03-05 10:40:48,445+0530 INFO  [jetty-main-1]  org.sonatype.security.configuration.source.FileSecurityConfigurationSource - Loading Security configuration from /home/gamut/softwares/nexus-2.14.7-01/../sonatype-work/nexus/conf/security-configuration.xml
2018-03-05 10:40:48,686+0530 INFO  [jetty-main-1]  org.apache.shiro.cache.ehcache.EhCacheManager - Cache with name 'XmlAuthenticatingRealm.authorizationCache' does not yet exist.  Creating now.
2018-03-05 10:40:48,687+0530 INFO  [jetty-main-1]  org.apache.shiro.cache.ehcache.EhCacheManager - Added EhCache named [XmlAuthenticatingRealm.authorizationCache]
2018-03-05 10:40:48,688+0530 INFO  [jetty-main-1]  org.apache.shiro.cache.ehcache.EhCacheManager - Cache with name 'XmlAuthorizingRealm.authorizationCache' does not yet exist.  Creating now.
2018-03-05 10:40:48,689+0530 INFO  [jetty-main-1]  org.apache.shiro.cache.ehcache.EhCacheManager - Added EhCache named [XmlAuthorizingRealm.authorizationCache]
2018-03-05 10:40:49,012+0530 INFO  [jetty-main-1]  org.sonatype.nexus.proxy.attributes.DefaultLSAttributeStorage - Default FS AttributeStorage in place, using JacksonJSON marshaller. 
2018-03-05 10:41:02,557+0530 INFO  [jetty-main-1]  org.sonatype.nexus.proxy.registry.DefaultRepositoryRegistry - Added repository "Central" [id=central][contentClass=Maven2][mainFacet=org.sonatype.nexus.proxy.maven.MavenProxyRepository]
2018-03-05 10:41:04,851+0530 INFO  [jetty-main-1]  org.sonatype.nexus.proxy.registry.DefaultRepositoryRegistry - Added repository "Apache Snapshots" [id=apache-snapshots][contentClass=Maven2][mainFacet=org.sonatype.nexus.proxy.maven.MavenProxyRepository]
2018-03-05 10:41:06,078+0530 INFO  [jetty-main-1]  org.sonatype.nexus.proxy.registry.DefaultRepositoryRegistry - Added repository "Releases" [id=releases][contentClass=Maven2][mainFacet=org.sonatype.nexus.proxy.maven.MavenHostedRepository]
2018-03-05 10:41:07,651+0530 INFO  [jetty-main-1]  org.sonatype.nexus.proxy.registry.DefaultRepositoryRegistry - Added repository "Snapshots" [id=snapshots][contentClass=Maven2][mainFacet=org.sonatype.nexus.proxy.maven.MavenHostedRepository]
2018-03-05 10:41:08,431+0530 INFO  [jetty-main-1]  org.sonatype.nexus.proxy.registry.DefaultRepositoryRegistry - Added repository "3rd party" [id=thirdparty][contentClass=Maven2][mainFacet=org.sonatype.nexus.proxy.maven.MavenHostedRepository]
2018-03-05 10:41:08,547+0530 INFO  [jetty-main-1]  org.sonatype.nexus.proxy.registry.DefaultRepositoryRegistry - Added repository "Central M1 shadow" [id=central-m1][contentClass=Maven1][mainFacet=org.sonatype.nexus.proxy.maven.MavenShadowRepository]
2018-03-05 10:41:09,761+0530 INFO  [jetty-main-1]  org.sonatype.nexus.proxy.registry.DefaultRepositoryRegistry - Added repository "realese_war" [id=nexus_jenkins][contentClass=Maven2][mainFacet=org.sonatype.nexus.proxy.maven.MavenHostedRepository]
2018-03-05 10:41:10,998+0530 INFO  [jetty-main-1]  org.sonatype.nexus.proxy.registry.DefaultRepositoryRegistry - Added repository "Public Repositories" [id=public][contentClass=Maven2][mainFacet=org.sonatype.nexus.proxy.repository.GroupRepository]
2018-03-05 10:41:10,998+0530 INFO  [jetty-main-1]  org.sonatype.scheduling.DefaultScheduler - Initializing Scheduler...
2018-03-05 10:41:10,998+0530 INFO  [jetty-main-1]  org.sonatype.nexus.scheduling.internal.DefaultTaskConfigManager - 0 task(s) to load.
2018-03-05 10:41:10,998+0530 INFO  [jetty-main-1]  org.sonatype.nexus.NxApplication - Nexus Work Directory : /home/gamut/softwares/sonatype-work/nexus
2018-03-05 10:41:10,998+0530 INFO  [jetty-main-1]  org.sonatype.nexus.NxApplication - Started Nexus Repository Manager OSS 2.14.7-01
2018-03-05 10:41:11,955+0530 INFO  [pxpool-1-thread-1] *TASK org.sonatype.nexus.index.tasks.UpdateIndexTask - Scheduled task (UpdateIndexTask) started :: Updating repository index "Public Repositories" from path null and below.
2018-03-05 10:41:13,824+0530 INFO  [pxpool-1-thread-1] *TASK org.sonatype.nexus.index.NexusScanningListener - Scanning of repositoryID="releases" started.
2018-03-05 10:41:19,959+0530 INFO  [pxpool-1-thread-1] *TASK org.sonatype.nexus.index.NexusScanningListener - Scanning of repositoryID="releases" finished: scanned=0, added=0, updated=0, removed=0, scanningDuration=0:00:04.833
2018-03-05 10:41:20,513+0530 INFO  [pxpool-1-thread-1] *TASK org.sonatype.nexus.index.DefaultIndexerManager - Publishing index for repository releases
2018-03-05 10:41:22,412+0530 INFO  [pxpool-1-thread-1] *TASK org.sonatype.nexus.index.NexusScanningListener - Scanning of repositoryID="snapshots" started.
2018-03-05 10:41:27,247+0530 INFO  [pxpool-1-thread-1] *TASK org.sonatype.nexus.index.NexusScanningListener - Scanning of repositoryID="snapshots" finished: scanned=0, added=0, updated=0, removed=0, scanningDuration=0:00:04.835
2018-03-05 10:41:27,247+0530 INFO  [pxpool-1-thread-1] *TASK org.sonatype.nexus.index.DefaultIndexerManager - Publishing index for repository snapshots
2018-03-05 10:41:27,266+0530 INFO  [pxpool-1-thread-1] *TASK org.sonatype.nexus.index.NexusScanningListener - Scanning of repositoryID="thirdparty" started.
2018-03-05 10:41:31,487+0530 INFO  [pxpool-1-thread-1] *TASK org.sonatype.nexus.index.NexusScanningListener - Scanning of repositoryID="thirdparty" finished: scanned=0, added=0, updated=0, removed=0, scanningDuration=0:00:04.221
2018-03-05 10:41:31,488+0530 INFO  [pxpool-1-thread-1] *TASK org.sonatype.nexus.index.DefaultIndexerManager - Publishing index for repository thirdparty
2018-03-05 10:41:31,502+0530 INFO  [pxpool-1-thread-1] *TASK org.sonatype.nexus.index.NexusScanningListener - Scanning of repositoryID="central" started.
2018-03-05 10:41:36,281+0530 INFO  [pxpool-1-thread-1] *TASK org.sonatype.nexus.index.NexusScanningListener - Scanning of repositoryID="central" finished: scanned=0, added=0, updated=0, removed=0, scanningDuration=0:00:04.778
2018-03-05 10:41:36,282+0530 INFO  [pxpool-1-thread-1] *TASK org.sonatype.nexus.index.DefaultIndexerManager - Publishing index for repository central
2018-03-05 10:41:36,355+0530 INFO  [pxpool-1-thread-1] *TASK org.sonatype.nexus.index.DefaultIndexerManager - Publishing index for repository public
2018-03-05 10:41:36,797+0530 INFO  [pxpool-1-thread-1] *TASK org.sonatype.nexus.index.tasks.UpdateIndexTask - Scheduled task (UpdateIndexTask) finished :: Updating repository index "Public Repositories" from path null and below. (started 2018-03-05T10:41:11+05:30, runtime 0:00:24.840)
2018-03-05 10:41:39,259+0530 INFO  [pxpool-1-thread-1] *TASK org.sonatype.nexus.configuration.application.DefaultNexusConfiguration - Applying Nexus Configuration due to changes in [Scheduled Tasks] made by *TASK...
2018-03-05 10:41:43,427+0530 INFO  [ar-4-thread-3] *TASK org.sonatype.nexus.proxy.storage.remote.httpclient.HttpClientRemoteStorage - Initializing remote transport for proxy repository "Apache Snapshots" [id=apache-snapshots]...
2018-03-05 10:41:43,439+0530 INFO  [ar-4-thread-2] *TASK org.sonatype.nexus.proxy.storage.remote.httpclient.HttpClientRemoteStorage - Initializing remote transport for proxy repository "Central" [id=central]...
2018-03-05 10:41:51,539+0530 INFO  [jetty-main-1]  com.sonatype.nexus.plugins.nuget.odata.NugetODataGalleryMigrator - Starting Nuget DB migration.
2018-03-05 10:41:51,542+0530 INFO  [jetty-main-1]  com.sonatype.nexus.plugins.nuget.odata.NugetODataGalleryMigrator - Completed Nuget DB migration.
2018-03-05 10:41:53,479+0530 INFO  [jetty-main-1]  org.sonatype.nexus.webapp.WebappBootstrap - Initialized
2018-03-05 10:41:55,741+0530 INFO  [jetty-main-1]  org.sonatype.nexus.plugins.siesta.SiestaModule - Resources:
2018-03-05 10:41:55,742+0530 INFO  [jetty-main-1]  org.sonatype.nexus.plugins.siesta.SiestaModule -   /service/siesta/analytics/events
2018-03-05 10:41:55,742+0530 INFO  [jetty-main-1]  org.sonatype.nexus.plugins.siesta.SiestaModule -   /service/siesta/analytics/settings
2018-03-05 10:41:55,742+0530 INFO  [jetty-main-1]  org.sonatype.nexus.plugins.siesta.SiestaModule -   /service/siesta/atlas/security-diagnostic
2018-03-05 10:41:55,742+0530 INFO  [jetty-main-1]  org.sonatype.nexus.plugins.siesta.SiestaModule -   /service/siesta/atlas/support-zip
2018-03-05 10:41:55,742+0530 INFO  [jetty-main-1]  org.sonatype.nexus.plugins.siesta.SiestaModule -   /service/siesta/atlas/system-information
2018-03-05 10:41:55,742+0530 INFO  [jetty-main-1]  org.sonatype.nexus.plugins.siesta.SiestaModule -   /service/siesta/capabilities
2018-03-05 10:41:55,742+0530 INFO  [jetty-main-1]  org.sonatype.nexus.plugins.siesta.SiestaModule -   /service/siesta/capabilities/stores
2018-03-05 10:41:55,742+0530 INFO  [jetty-main-1]  org.sonatype.nexus.plugins.siesta.SiestaModule -   /service/siesta/capabilities/types
2018-03-05 10:41:55,742+0530 INFO  [jetty-main-1]  org.sonatype.nexus.plugins.siesta.SiestaModule -   /service/siesta/healthcheck/gaDetails
2018-03-05 10:41:55,742+0530 INFO  [jetty-main-1]  org.sonatype.nexus.plugins.siesta.SiestaModule -   /service/siesta/healthcheck/gavDetails
2018-03-05 10:41:55,742+0530 INFO  [jetty-main-1]  org.sonatype.nexus.plugins.siesta.SiestaModule -   /service/siesta/healthcheck/healthCheckEula
2018-03-05 10:41:55,742+0530 INFO  [jetty-main-1]  org.sonatype.nexus.plugins.siesta.SiestaModule -   /service/siesta/healthcheck/healthCheckInfo
2018-03-05 10:41:55,742+0530 INFO  [jetty-main-1]  org.sonatype.nexus.plugins.siesta.SiestaModule -   /service/siesta/healthcheck/healthCheckStatus
2018-03-05 10:41:55,742+0530 INFO  [jetty-main-1]  org.sonatype.nexus.plugins.siesta.SiestaModule -   /service/siesta/healthcheck/healthCheckSummary/{repositoryId}/{path:.*}
2018-03-05 10:41:55,742+0530 INFO  [jetty-main-1]  org.sonatype.nexus.plugins.siesta.SiestaModule -   /service/siesta/logging/log
2018-03-05 10:41:55,742+0530 INFO  [jetty-main-1]  org.sonatype.nexus.plugins.siesta.SiestaModule -   /service/siesta/logging/loggers
2018-03-05 10:41:55,742+0530 INFO  [jetty-main-1]  org.sonatype.nexus.plugins.siesta.SiestaModule -   /service/siesta/migrationagent/configuration
2018-03-05 10:41:55,742+0530 INFO  [jetty-main-1]  org.sonatype.nexus.plugins.siesta.SiestaModule -   /service/siesta/migrationagent/repository
2018-03-05 10:41:55,742+0530 INFO  [jetty-main-1]  org.sonatype.nexus.plugins.siesta.SiestaModule -   /service/siesta/migrationagent/repository-changelog
2018-03-05 10:41:55,742+0530 INFO  [jetty-main-1]  org.sonatype.nexus.plugins.siesta.SiestaModule -   /service/siesta/migrationagent/repository-content
2018-03-05 10:41:55,742+0530 INFO  [jetty-main-1]  org.sonatype.nexus.plugins.siesta.SiestaModule -   /service/siesta/migrationagent/repository-migration
2018-03-05 10:41:55,742+0530 INFO  [jetty-main-1]  org.sonatype.nexus.plugins.siesta.SiestaModule -   /service/siesta/migrationagent/status
2018-03-05 10:41:55,742+0530 INFO  [jetty-main-1]  org.sonatype.nexus.plugins.siesta.SiestaModule -   /service/siesta/wonderland/authenticate
2018-03-05 10:41:55,742+0530 INFO  [jetty-main-1]  org.sonatype.nexus.plugins.siesta.SiestaModule -   /service/siesta/wonderland/download
2018-03-05 10:41:55,742+0530 INFO  [jetty-main-1]  org.sonatype.nexus.plugins.siesta.SiestaModule -   /service/siesta/wonderland/settings
2018-03-05 10:41:55,742+0530 INFO  [jetty-main-1]  org.sonatype.nexus.plugins.siesta.SiestaModule - Components:
2018-03-05 10:41:55,742+0530 INFO  [jetty-main-1]  org.sonatype.nexus.plugins.siesta.SiestaModule -   org.sonatype.nexus.plugins.capabilities.internal.rest.CapabilityNotFoundExceptionMapper
2018-03-05 10:41:55,742+0530 INFO  [jetty-main-1]  org.sonatype.nexus.plugins.siesta.SiestaModule -   org.sonatype.nexus.plugins.siesta.AuthorizationExceptionMapper
2018-03-05 10:41:55,742+0530 INFO  [jetty-main-1]  org.sonatype.nexus.plugins.siesta.SiestaModule -   org.sonatype.nexus.plugins.siesta.ErrorStatusRuntimeExceptionMapper
2018-03-05 10:41:55,742+0530 INFO  [jetty-main-1]  org.sonatype.nexus.plugins.siesta.SiestaModule -   org.sonatype.nexus.plugins.siesta.InvalidConfigurationExceptionMapper
2018-03-05 10:41:55,742+0530 INFO  [jetty-main-1]  org.sonatype.nexus.plugins.siesta.SiestaModule -   org.sonatype.nexus.plugins.siesta.NoSuchRepositoryExceptionMapper
2018-03-05 10:41:55,742+0530 INFO  [jetty-main-1]  org.sonatype.nexus.plugins.siesta.SiestaModule -   org.sonatype.sisu.siesta.jackson.JacksonProvider
2018-03-05 10:41:55,742+0530 INFO  [jetty-main-1]  org.sonatype.nexus.plugins.siesta.SiestaModule -   org.sonatype.sisu.siesta.server.internal.mappers.BadRequestExceptionMapper
2018-03-05 10:41:55,742+0530 INFO  [jetty-main-1]  org.sonatype.nexus.plugins.siesta.SiestaModule -   org.sonatype.sisu.siesta.server.internal.mappers.ConstraintViolationExceptionMapper
2018-03-05 10:41:55,742+0530 INFO  [jetty-main-1]  org.sonatype.nexus.plugins.siesta.SiestaModule -   org.sonatype.sisu.siesta.server.internal.mappers.InvalidObjectExceptionMapper
2018-03-05 10:41:55,743+0530 INFO  [jetty-main-1]  org.sonatype.nexus.plugins.siesta.SiestaModule -   org.sonatype.sisu.siesta.server.internal.mappers.ObjectNotFoundExceptionMapper
2018-03-05 10:41:55,743+0530 INFO  [jetty-main-1]  org.sonatype.nexus.plugins.siesta.SiestaModule -   org.sonatype.sisu.siesta.server.internal.mappers.ThrowableExceptionMapper
2018-03-05 10:41:55,743+0530 INFO  [jetty-main-1]  org.sonatype.nexus.plugins.siesta.SiestaModule -   org.sonatype.sisu.siesta.server.internal.mappers.ValidationErrorsExceptionMapper
2018-03-05 10:41:55,743+0530 INFO  [jetty-main-1]  org.sonatype.nexus.plugins.siesta.SiestaModule -   org.sonatype.sisu.siesta.server.internal.mappers.WebApplicationExceptionMapper
2018-03-05 10:41:55,743+0530 INFO  [jetty-main-1]  org.sonatype.nexus.plugins.siesta.SiestaModule -   org.sonatype.sisu.siesta.server.internal.mappers.WebApplicationMessageExceptionMapper
2018-03-05 10:42:05,493+0530 INFO  [jetty-main-1]  org.sonatype.nexus.rest.NexusApplication_UriMatching - Strict URI matching: true
2018-03-05 10:42:07,873+0530 INFO  [jetty-main-1]  org.sonatype.nexus.configuration.ModelUtils - Loading model /home/gamut/softwares/sonatype-work/nexus/conf/ldap.xml
2018-03-05 10:42:08,312+0530 INFO  [jetty-main-1]  org.sonatype.nexus.configuration.ModelUtils - Loading model /home/gamut/softwares/sonatype-work/nexus/conf/lvo-plugin.xml
2018-03-05 10:42:20,905+0530 INFO  [jetty-main-1]  org.sonatype.nexus.webresources.internal.WebResourceServiceImpl - Discovered 1971 resources
2018-03-05 10:42:20,906+0530 INFO  [jetty-main-1]  org.sonatype.nexus.webresources.internal.WebResourceServlet - Max-age: 30 days (2592000 seconds)
2018-03-05 10:42:22,311+0530 INFO  [jetty-main-1]  org.sonatype.nexus.bootstrap.jetty.InstrumentedSelectChannelConnector - Metrics enabled
2018-03-05 10:42:24,068+0530 INFO  [jetty-main-1]  org.eclipse.jetty.server.AbstractConnector - Started InstrumentedSelectChannelConnector@0.0.0.0:8081
2018-03-05 10:42:24,068+0530 INFO  [jetty-main-1]  org.sonatype.nexus.bootstrap.jetty.JettyServer - Running
2018-03-05 10:42:24,068+0530 INFO  [WrapperListener_start_runner]  org.sonatype.nexus.bootstrap.jetty.JettyServer - Started
2018-03-05 10:44:44,749+0530 INFO  [qtp1413249846-53]  org.apache.shiro.nexus5727.FixedDefaultWebSessionManager - Global session timeout: 1800000 ms
2018-03-05 10:44:45,041+0530 INFO  [qtp1413249846-53]  org.apache.shiro.session.mgt.AbstractValidatingSessionManager - Enabling session validation scheduler...
2018-03-05 10:44:46,504+0530 INFO  [qtp1413249846-53] *UNKNOWN org.sonatype.nexus.velocity.VelocityEngineProvider - Creating Nexus VelocityEngine
2018-03-05 10:45:07,411+0530 INFO  [qtp1413249846-54] *UNKNOWN /nexus - nexus: [Noelios Restlet Engine] - Attaching application: org.sonatype.nexus.rest.NexusApplication@3b4ef9c2 to URI: /nexus/service/local
2018-03-05 10:45:07,447+0530 INFO  [qtp1413249846-56] *UNKNOWN org.sonatype.security.model.source.FileModelConfigurationSource - Loading security configuration from: /home/gamut/softwares/nexus-2.14.7-01/../sonatype-work/nexus/conf/security.xml
2018-03-05 10:54:58,173+0530 INFO  [qtp1413249846-51] *UNKNOWN org.apache.shiro.cache.ehcache.EhCacheManager - Using existing EHCache named [shiro-activeSessionCache]
2018-03-05 11:44:45,156+0530 INFO  [SessionValidationThread-1]  org.apache.shiro.session.mgt.AbstractValidatingSessionManager - Validating all active sessions...
2018-03-05 11:44:46,580+0530 INFO  [SessionValidationThread-1]  org.apache.shiro.session.mgt.AbstractValidatingSessionManager - Finished session validation.  No sessions were stopped.
2018-03-05 12:44:45,101+0530 INFO  [SessionValidationThread-1]  org.apache.shiro.session.mgt.AbstractValidatingSessionManager - Validating all active sessions...
2018-03-05 12:44:45,118+0530 INFO  [SessionValidationThread-1]  org.apache.shiro.session.mgt.AbstractValidatingSessionManager - Finished session validation.  No sessions were stopped.
2018-03-05 13:44:45,149+0530 INFO  [SessionValidationThread-1]  org.apache.shiro.session.mgt.AbstractValidatingSessionManager - Validating all active sessions...
2018-03-05 13:44:46,449+0530 INFO  [SessionValidationThread-1]  org.apache.shiro.session.mgt.AbstractValidatingSessionManager - Finished session validation.  [1] sessions were stopped.
2018-03-05 14:20:02,638+0530 INFO  [WrapperListener_stop_runner]  org.sonatype.nexus.bootstrap.jsw.JswLauncher - Stopping with code: 0
2018-03-05 14:20:03,223+0530 INFO  [WrapperListener_stop_runner]  org.sonatype.nexus.bootstrap.jetty.JettyServer - Stopping
2018-03-05 14:20:03,240+0530 INFO  [WrapperListener_stop_runner]  org.sonatype.nexus.bootstrap.jetty.JettyServer - Stopping: org.eclipse.jetty.server.Server@72d478d9
2018-03-05 14:20:03,445+0530 INFO  [WrapperListener_stop_runner]  org.eclipse.jetty.server.Server - Graceful shutdown InstrumentedSelectChannelConnector@0.0.0.0:8081
2018-03-05 14:20:04,511+0530 INFO  [WrapperListener_stop_runner]  org.eclipse.jetty.server.Server - Graceful shutdown o.e.j.w.WebAppContext{/nexus,file:/home/gamut/softwares/nexus-2.14.7-01/nexus/},/home/gamut/softwares/nexus-2.14.7-01/nexus
2018-03-05 14:20:06,564+0530 INFO  [WrapperListener_stop_runner]  org.sonatype.nexus.webapp.WebappBootstrap - Destroying
2018-03-05 14:20:09,285+0530 INFO  [WrapperListener_stop_runner]  org.sonatype.nexus.NxApplication - Uptime: 3 hours, 41 minutes, 42 seconds and 480 milliseconds
2018-03-05 14:20:10,764+0530 INFO  [WrapperListener_stop_runner]  org.sonatype.scheduling.DefaultScheduler - Shutting down Scheduler...
2018-03-05 14:20:11,574+0530 INFO  [WrapperListener_stop_runner]  org.sonatype.nexus.apachehttpclient.Hc4ProviderImpl - Stopped
2018-03-05 14:20:27,027+0530 INFO  [WrapperListener_stop_runner]  org.sonatype.nexus.timeline.DefaultNexusTimeline - Stopping Nexus Timeline...
2018-03-05 14:20:27,445+0530 INFO  [WrapperListener_stop_runner]  org.sonatype.timeline.internal.DefaultTimeline - Stopped Timeline...
2018-03-05 14:20:27,505+0530 INFO  [WrapperListener_stop_runner]  org.sonatype.nexus.index.DefaultIndexerManager - Shutting down Nexus IndexerManager
2018-03-05 14:20:28,403+0530 INFO  [WrapperListener_stop_runner]  org.sonatype.nexus.events.EventSubscriberHost - Stopping
2018-03-05 14:20:28,822+0530 INFO  [WrapperListener_stop_runner]  org.apache.shiro.session.mgt.AbstractValidatingSessionManager - Disabled session validation scheduler.
2018-03-05 14:20:29,089+0530 INFO  [WrapperListener_stop_runner]  com.orientechnologies.orient.server.OServer - OrientDB Server is shutting down...
2018-03-05 14:20:29,179+0530 INFO  [WrapperListener_stop_runner]  com.orientechnologies.orient.server.OServer - Shutting down protocols
2018-03-05 14:20:29,250+0530 INFO  [WrapperListener_stop_runner]  com.orientechnologies.orient.server.plugin.OServerPluginManager - Shutting down plugins:
2018-03-05 14:20:29,254+0530 INFO  [WrapperListener_stop_runner]  com.orientechnologies.orient.server.plugin.OServerPluginManager - - jmx
2018-03-05 14:20:29,327+0530 INFO  [WrapperListener_stop_runner]  com.orientechnologies.orient.server.OServer - Shutting down databases:
2018-03-05 14:21:54,730+0530 INFO  [WrapperListener_stop_runner]  com.orientechnologies.orient.core.Orient - OrientDB Engine shutdown complete
2018-03-05 14:21:55,853+0530 INFO  [WrapperListener_stop_runner]  com.orientechnologies.orient.server.OServer - OrientDB Server shutdown complete
2018-03-05 14:21:55,878+0530 INFO  [WrapperListener_stop_runner]  org.sonatype.nexus.orient.DatabaseServerImpl - Shutdown
2018-03-05 14:21:55,911+0530 INFO  [WrapperListener_stop_runner]  org.sonatype.nexus.NxApplication - Stopped Nexus Repository Manager OSS 2.14.7-01
2018-03-05 14:22:02,594+0530 INFO  [WrapperListener_stop_runner]  org.sonatype.nexus.webapp.WebappBootstrap - Destroyed
2018-03-05 14:22:02,808+0530 INFO  [WrapperListener_stop_runner]  org.eclipse.jetty.server.handler.ContextHandler - stopped o.e.j.w.WebAppContext{/nexus,file:/home/gamut/softwares/nexus-2.14.7-01/nexus/},/home/gamut/softwares/nexus-2.14.7-01/nexus
2018-03-05 14:22:03,319+0530 INFO  [WrapperListener_stop_runner]  org.sonatype.nexus.bootstrap.jetty.JettyServer - Stopped
